running egg_info
creating ../../build/cori_simulation/cori_simulation.egg-info
writing ../../build/cori_simulation/cori_simulation.egg-info/PKG-INFO
writing dependency_links to ../../build/cori_simulation/cori_simulation.egg-info/dependency_links.txt
writing entry points to ../../build/cori_simulation/cori_simulation.egg-info/entry_points.txt
writing requirements to ../../build/cori_simulation/cori_simulation.egg-info/requires.txt
writing top-level names to ../../build/cori_simulation/cori_simulation.egg-info/top_level.txt
writing manifest file '../../build/cori_simulation/cori_simulation.egg-info/SOURCES.txt'
reading manifest file '../../build/cori_simulation/cori_simulation.egg-info/SOURCES.txt'
writing manifest file '../../build/cori_simulation/cori_simulation.egg-info/SOURCES.txt'
running build
running build_py
creating /home/juptegraph/Workspaces/Robotics/Projects/CORI/cori_ws/build/cori_simulation/build
creating /home/juptegraph/Workspaces/Robotics/Projects/CORI/cori_ws/build/cori_simulation/build/lib
creating /home/juptegraph/Workspaces/Robotics/Projects/CORI/cori_ws/build/cori_simulation/build/lib/cori_simulation
copying cori_simulation/cori_simulator.py -> /home/juptegraph/Workspaces/Robotics/Projects/CORI/cori_ws/build/cori_simulation/build/lib/cori_simulation
copying cori_simulation/sensor_fusion_demo.py -> /home/juptegraph/Workspaces/Robotics/Projects/CORI/cori_ws/build/cori_simulation/build/lib/cori_simulation
copying cori_simulation/demo_display.py -> /home/juptegraph/Workspaces/Robotics/Projects/CORI/cori_ws/build/cori_simulation/build/lib/cori_simulation
running install
running install_lib
creating /home/juptegraph/Workspaces/Robotics/Projects/CORI/cori_ws/install/cori_simulation/lib/python3.10/site-packages/cori_simulation
copying /home/juptegraph/Workspaces/Robotics/Projects/CORI/cori_ws/build/cori_simulation/build/lib/cori_simulation/cori_simulator.py -> /home/juptegraph/Workspaces/Robotics/Projects/CORI/cori_ws/install/cori_simulation/lib/python3.10/site-packages/cori_simulation
copying /home/juptegraph/Workspaces/Robotics/Projects/CORI/cori_ws/build/cori_simulation/build/lib/cori_simulation/sensor_fusion_demo.py -> /home/juptegraph/Workspaces/Robotics/Projects/CORI/cori_ws/install/cori_simulation/lib/python3.10/site-packages/cori_simulation
copying /home/juptegraph/Workspaces/Robotics/Projects/CORI/cori_ws/build/cori_simulation/build/lib/cori_simulation/demo_display.py -> /home/juptegraph/Workspaces/Robotics/Projects/CORI/cori_ws/install/cori_simulation/lib/python3.10/site-packages/cori_simulation
byte-compiling /home/juptegraph/Workspaces/Robotics/Projects/CORI/cori_ws/install/cori_simulation/lib/python3.10/site-packages/cori_simulation/cori_simulator.py to cori_simulator.cpython-310.pyc
byte-compiling /home/juptegraph/Workspaces/Robotics/Projects/CORI/cori_ws/install/cori_simulation/lib/python3.10/site-packages/cori_simulation/sensor_fusion_demo.py to sensor_fusion_demo.cpython-310.pyc
byte-compiling /home/juptegraph/Workspaces/Robotics/Projects/CORI/cori_ws/install/cori_simulation/lib/python3.10/site-packages/cori_simulation/demo_display.py to demo_display.cpython-310.pyc
running install_data
creating /home/juptegraph/Workspaces/Robotics/Projects/CORI/cori_ws/install/cori_simulation/share/ament_index
creating /home/juptegraph/Workspaces/Robotics/Projects/CORI/cori_ws/install/cori_simulation/share/ament_index/resource_index
creating /home/juptegraph/Workspaces/Robotics/Projects/CORI/cori_ws/install/cori_simulation/share/ament_index/resource_index/packages
copying resource/cori_simulation -> /home/juptegraph/Workspaces/Robotics/Projects/CORI/cori_ws/install/cori_simulation/share/ament_index/resource_index/packages
copying package.xml -> /home/juptegraph/Workspaces/Robotics/Projects/CORI/cori_ws/install/cori_simulation/share/cori_simulation
running install_egg_info
Copying ../../build/cori_simulation/cori_simulation.egg-info to /home/juptegraph/Workspaces/Robotics/Projects/CORI/cori_ws/install/cori_simulation/lib/python3.10/site-packages/cori_simulation-0.0.0-py3.10.egg-info
running install_scripts
writing list of installed files to '/home/juptegraph/Workspaces/Robotics/Projects/CORI/cori_ws/build/cori_simulation/install.log'
