[0.487s] Invoking command in '/home/juptegraph/Workspaces/Robotics/Projects/CORI/cori_ws/src/cori_simulation': AMENT_PREFIX_PATH=/home/juptegraph/Workspaces/Robotics/Projects/CORI/cori_ws/install/cori_core:${AMENT_PREFIX_PATH} PATH=/home/juptegraph/Workspaces/Robotics/Projects/CORI/cori_ws/install/cori_core/bin:${PATH} PYTHONPATH=/home/juptegraph/Workspaces/Robotics/Projects/CORI/cori_ws/build/cori_simulation/prefix_override:/usr/lib/python3/dist-packages/colcon_core/task/python/colcon_distutils_commands:/home/juptegraph/Workspaces/Robotics/Projects/CORI/cori_ws/install/cori_simulation/lib/python3.10/site-packages:/home/juptegraph/Workspaces/Robotics/Projects/CORI/cori_ws/install/cori_core/lib/python3.10/site-packages:${PYTHONPATH} /usr/bin/python3 -W ignore:setup.py install is deprecated -W ignore:easy_install command is deprecated setup.py egg_info --egg-base ../../build/cori_simulation build --build-base /home/juptegraph/Workspaces/Robotics/Projects/CORI/cori_ws/build/cori_simulation/build install --record /home/juptegraph/Workspaces/Robotics/Projects/CORI/cori_ws/build/cori_simulation/install.log --single-version-externally-managed install_data
[0.648s] running egg_info
[0.648s] creating ../../build/cori_simulation/cori_simulation.egg-info
[0.648s] writing ../../build/cori_simulation/cori_simulation.egg-info/PKG-INFO
[0.648s] writing dependency_links to ../../build/cori_simulation/cori_simulation.egg-info/dependency_links.txt
[0.649s] writing entry points to ../../build/cori_simulation/cori_simulation.egg-info/entry_points.txt
[0.649s] writing requirements to ../../build/cori_simulation/cori_simulation.egg-info/requires.txt
[0.649s] writing top-level names to ../../build/cori_simulation/cori_simulation.egg-info/top_level.txt
[0.649s] writing manifest file '../../build/cori_simulation/cori_simulation.egg-info/SOURCES.txt'
[0.650s] reading manifest file '../../build/cori_simulation/cori_simulation.egg-info/SOURCES.txt'
[0.650s] writing manifest file '../../build/cori_simulation/cori_simulation.egg-info/SOURCES.txt'
[0.650s] running build
[0.650s] running build_py
[0.650s] creating /home/juptegraph/Workspaces/Robotics/Projects/CORI/cori_ws/build/cori_simulation/build
[0.650s] creating /home/juptegraph/Workspaces/Robotics/Projects/CORI/cori_ws/build/cori_simulation/build/lib
[0.650s] creating /home/juptegraph/Workspaces/Robotics/Projects/CORI/cori_ws/build/cori_simulation/build/lib/cori_simulation
[0.650s] copying cori_simulation/cori_simulator.py -> /home/juptegraph/Workspaces/Robotics/Projects/CORI/cori_ws/build/cori_simulation/build/lib/cori_simulation
[0.650s] copying cori_simulation/sensor_fusion_demo.py -> /home/juptegraph/Workspaces/Robotics/Projects/CORI/cori_ws/build/cori_simulation/build/lib/cori_simulation
[0.650s] copying cori_simulation/demo_display.py -> /home/juptegraph/Workspaces/Robotics/Projects/CORI/cori_ws/build/cori_simulation/build/lib/cori_simulation
[0.650s] copying cori_simulation/__init__.py -> /home/juptegraph/Workspaces/Robotics/Projects/CORI/cori_ws/build/cori_simulation/build/lib/cori_simulation
[0.651s] running install
[0.651s] running install_lib
[0.651s] creating /home/juptegraph/Workspaces/Robotics/Projects/CORI/cori_ws/install/cori_simulation/lib/python3.10/site-packages/cori_simulation
[0.651s] copying /home/juptegraph/Workspaces/Robotics/Projects/CORI/cori_ws/build/cori_simulation/build/lib/cori_simulation/cori_simulator.py -> /home/juptegraph/Workspaces/Robotics/Projects/CORI/cori_ws/install/cori_simulation/lib/python3.10/site-packages/cori_simulation
[0.651s] copying /home/juptegraph/Workspaces/Robotics/Projects/CORI/cori_ws/build/cori_simulation/build/lib/cori_simulation/sensor_fusion_demo.py -> /home/juptegraph/Workspaces/Robotics/Projects/CORI/cori_ws/install/cori_simulation/lib/python3.10/site-packages/cori_simulation
[0.651s] copying /home/juptegraph/Workspaces/Robotics/Projects/CORI/cori_ws/build/cori_simulation/build/lib/cori_simulation/demo_display.py -> /home/juptegraph/Workspaces/Robotics/Projects/CORI/cori_ws/install/cori_simulation/lib/python3.10/site-packages/cori_simulation
[0.651s] copying /home/juptegraph/Workspaces/Robotics/Projects/CORI/cori_ws/build/cori_simulation/build/lib/cori_simulation/__init__.py -> /home/juptegraph/Workspaces/Robotics/Projects/CORI/cori_ws/install/cori_simulation/lib/python3.10/site-packages/cori_simulation
[0.652s] byte-compiling /home/juptegraph/Workspaces/Robotics/Projects/CORI/cori_ws/install/cori_simulation/lib/python3.10/site-packages/cori_simulation/cori_simulator.py to cori_simulator.cpython-310.pyc
[0.657s] byte-compiling /home/juptegraph/Workspaces/Robotics/Projects/CORI/cori_ws/install/cori_simulation/lib/python3.10/site-packages/cori_simulation/sensor_fusion_demo.py to sensor_fusion_demo.cpython-310.pyc
[0.659s] byte-compiling /home/juptegraph/Workspaces/Robotics/Projects/CORI/cori_ws/install/cori_simulation/lib/python3.10/site-packages/cori_simulation/demo_display.py to demo_display.cpython-310.pyc
[0.659s] byte-compiling /home/juptegraph/Workspaces/Robotics/Projects/CORI/cori_ws/install/cori_simulation/lib/python3.10/site-packages/cori_simulation/__init__.py to __init__.cpython-310.pyc
[0.660s] running install_data
[0.660s] creating /home/juptegraph/Workspaces/Robotics/Projects/CORI/cori_ws/install/cori_simulation/share/ament_index
[0.660s] creating /home/juptegraph/Workspaces/Robotics/Projects/CORI/cori_ws/install/cori_simulation/share/ament_index/resource_index
[0.660s] creating /home/juptegraph/Workspaces/Robotics/Projects/CORI/cori_ws/install/cori_simulation/share/ament_index/resource_index/packages
[0.660s] copying resource/cori_simulation -> /home/juptegraph/Workspaces/Robotics/Projects/CORI/cori_ws/install/cori_simulation/share/ament_index/resource_index/packages
[0.660s] copying package.xml -> /home/juptegraph/Workspaces/Robotics/Projects/CORI/cori_ws/install/cori_simulation/share/cori_simulation
[0.660s] running install_egg_info
[0.662s] Copying ../../build/cori_simulation/cori_simulation.egg-info to /home/juptegraph/Workspaces/Robotics/Projects/CORI/cori_ws/install/cori_simulation/lib/python3.10/site-packages/cori_simulation-1.0.0-py3.10.egg-info
[0.662s] running install_scripts
[0.684s] Installing cori_simulator script to /home/juptegraph/Workspaces/Robotics/Projects/CORI/cori_ws/install/cori_simulation/bin
[0.684s] Installing demo_display script to /home/juptegraph/Workspaces/Robotics/Projects/CORI/cori_ws/install/cori_simulation/bin
[0.684s] Installing sensor_fusion_demo script to /home/juptegraph/Workspaces/Robotics/Projects/CORI/cori_ws/install/cori_simulation/bin
[0.684s] writing list of installed files to '/home/juptegraph/Workspaces/Robotics/Projects/CORI/cori_ws/build/cori_simulation/install.log'
[0.700s] Invoked command in '/home/juptegraph/Workspaces/Robotics/Projects/CORI/cori_ws/src/cori_simulation' returned '0': AMENT_PREFIX_PATH=/home/juptegraph/Workspaces/Robotics/Projects/CORI/cori_ws/install/cori_core:${AMENT_PREFIX_PATH} PATH=/home/juptegraph/Workspaces/Robotics/Projects/CORI/cori_ws/install/cori_core/bin:${PATH} PYTHONPATH=/home/juptegraph/Workspaces/Robotics/Projects/CORI/cori_ws/build/cori_simulation/prefix_override:/usr/lib/python3/dist-packages/colcon_core/task/python/colcon_distutils_commands:/home/juptegraph/Workspaces/Robotics/Projects/CORI/cori_ws/install/cori_simulation/lib/python3.10/site-packages:/home/juptegraph/Workspaces/Robotics/Projects/CORI/cori_ws/install/cori_core/lib/python3.10/site-packages:${PYTHONPATH} /usr/bin/python3 -W ignore:setup.py install is deprecated -W ignore:easy_install command is deprecated setup.py egg_info --egg-base ../../build/cori_simulation build --build-base /home/juptegraph/Workspaces/Robotics/Projects/CORI/cori_ws/build/cori_simulation/build install --record /home/juptegraph/Workspaces/Robotics/Projects/CORI/cori_ws/build/cori_simulation/install.log --single-version-externally-managed install_data
