[1.552s] Invoking command in '/home/juptegraph/Workspaces/Robotics/Projects/CORI/cori_ws/src/cori_tools': PYTHONPATH=/home/juptegraph/Workspaces/Robotics/Projects/CORI/cori_ws/build/cori_tools/prefix_override:/usr/lib/python3/dist-packages/colcon_core/task/python/colcon_distutils_commands:/home/juptegraph/Workspaces/Robotics/Projects/CORI/cori_ws/install/cori_tools/lib/python3.10/site-packages:${PYTHONPATH} /usr/bin/python3 -W ignore:setup.py install is deprecated -W ignore:easy_install command is deprecated setup.py egg_info --egg-base ../../build/cori_tools build --build-base /home/juptegraph/Workspaces/Robotics/Projects/CORI/cori_ws/build/cori_tools/build install --record /home/juptegraph/Workspaces/Robotics/Projects/CORI/cori_ws/build/cori_tools/install.log --single-version-externally-managed install_data
[1.813s] running egg_info
[1.814s] creating ../../build/cori_tools/cori_tools.egg-info
[1.814s] writing ../../build/cori_tools/cori_tools.egg-info/PKG-INFO
[1.814s] writing dependency_links to ../../build/cori_tools/cori_tools.egg-info/dependency_links.txt
[1.815s] writing entry points to ../../build/cori_tools/cori_tools.egg-info/entry_points.txt
[1.815s] writing requirements to ../../build/cori_tools/cori_tools.egg-info/requires.txt
[1.815s] writing top-level names to ../../build/cori_tools/cori_tools.egg-info/top_level.txt
[1.815s] writing manifest file '../../build/cori_tools/cori_tools.egg-info/SOURCES.txt'
[1.817s] reading manifest file '../../build/cori_tools/cori_tools.egg-info/SOURCES.txt'
[1.819s] writing manifest file '../../build/cori_tools/cori_tools.egg-info/SOURCES.txt'
[1.819s] running build
[1.819s] running build_py
[1.819s] creating /home/juptegraph/Workspaces/Robotics/Projects/CORI/cori_ws/build/cori_tools/build
[1.819s] creating /home/juptegraph/Workspaces/Robotics/Projects/CORI/cori_ws/build/cori_tools/build/lib
[1.819s] creating /home/juptegraph/Workspaces/Robotics/Projects/CORI/cori_ws/build/cori_tools/build/lib/cori_tools
[1.819s] copying cori_tools/cori_ignition_integration.py -> /home/juptegraph/Workspaces/Robotics/Projects/CORI/cori_ws/build/cori_tools/build/lib/cori_tools
[1.819s] copying cori_tools/__init__.py -> /home/juptegraph/Workspaces/Robotics/Projects/CORI/cori_ws/build/cori_tools/build/lib/cori_tools
[1.820s] running install
[1.820s] running install_lib
[1.821s] creating /home/juptegraph/Workspaces/Robotics/Projects/CORI/cori_ws/install/cori_tools/lib/python3.10/site-packages/cori_tools
[1.821s] copying /home/juptegraph/Workspaces/Robotics/Projects/CORI/cori_ws/build/cori_tools/build/lib/cori_tools/cori_ignition_integration.py -> /home/juptegraph/Workspaces/Robotics/Projects/CORI/cori_ws/install/cori_tools/lib/python3.10/site-packages/cori_tools
[1.822s] copying /home/juptegraph/Workspaces/Robotics/Projects/CORI/cori_ws/build/cori_tools/build/lib/cori_tools/__init__.py -> /home/juptegraph/Workspaces/Robotics/Projects/CORI/cori_ws/install/cori_tools/lib/python3.10/site-packages/cori_tools
[1.822s] byte-compiling /home/juptegraph/Workspaces/Robotics/Projects/CORI/cori_ws/install/cori_tools/lib/python3.10/site-packages/cori_tools/cori_ignition_integration.py to cori_ignition_integration.cpython-310.pyc
[1.831s] byte-compiling /home/juptegraph/Workspaces/Robotics/Projects/CORI/cori_ws/install/cori_tools/lib/python3.10/site-packages/cori_tools/__init__.py to __init__.cpython-310.pyc
[1.831s] running install_data
[1.832s] creating /home/juptegraph/Workspaces/Robotics/Projects/CORI/cori_ws/install/cori_tools/share/ament_index
[1.832s] creating /home/juptegraph/Workspaces/Robotics/Projects/CORI/cori_ws/install/cori_tools/share/ament_index/resource_index
[1.832s] creating /home/juptegraph/Workspaces/Robotics/Projects/CORI/cori_ws/install/cori_tools/share/ament_index/resource_index/packages
[1.832s] copying resource/cori_tools -> /home/juptegraph/Workspaces/Robotics/Projects/CORI/cori_ws/install/cori_tools/share/ament_index/resource_index/packages
[1.833s] copying package.xml -> /home/juptegraph/Workspaces/Robotics/Projects/CORI/cori_ws/install/cori_tools/share/cori_tools
[1.833s] creating /home/juptegraph/Workspaces/Robotics/Projects/CORI/cori_ws/install/cori_tools/share/cori_tools/scripts
[1.833s] copying scripts/cori_info_collector.sh -> /home/juptegraph/Workspaces/Robotics/Projects/CORI/cori_ws/install/cori_tools/share/cori_tools/scripts
[1.833s] creating /home/juptegraph/Workspaces/Robotics/Projects/CORI/cori_ws/install/cori_tools/share/cori_tools/config
[1.833s] copying config/cori_ignition_database.json -> /home/juptegraph/Workspaces/Robotics/Projects/CORI/cori_ws/install/cori_tools/share/cori_tools/config
[1.833s] running install_egg_info
[1.835s] Copying ../../build/cori_tools/cori_tools.egg-info to /home/juptegraph/Workspaces/Robotics/Projects/CORI/cori_ws/install/cori_tools/lib/python3.10/site-packages/cori_tools-1.0.0-py3.10.egg-info
[1.836s] running install_scripts
[1.863s] Installing ignition_integration script to /home/juptegraph/Workspaces/Robotics/Projects/CORI/cori_ws/install/cori_tools/bin
[1.863s] writing list of installed files to '/home/juptegraph/Workspaces/Robotics/Projects/CORI/cori_ws/build/cori_tools/install.log'
[2.104s] Invoked command in '/home/juptegraph/Workspaces/Robotics/Projects/CORI/cori_ws/src/cori_tools' returned '0': PYTHONPATH=/home/juptegraph/Workspaces/Robotics/Projects/CORI/cori_ws/build/cori_tools/prefix_override:/usr/lib/python3/dist-packages/colcon_core/task/python/colcon_distutils_commands:/home/juptegraph/Workspaces/Robotics/Projects/CORI/cori_ws/install/cori_tools/lib/python3.10/site-packages:${PYTHONPATH} /usr/bin/python3 -W ignore:setup.py install is deprecated -W ignore:easy_install command is deprecated setup.py egg_info --egg-base ../../build/cori_tools build --build-base /home/juptegraph/Workspaces/Robotics/Projects/CORI/cori_ws/build/cori_tools/build install --record /home/juptegraph/Workspaces/Robotics/Projects/CORI/cori_ws/build/cori_tools/install.log --single-version-externally-managed install_data
