[1.550s] Invoking command in '/home/juptegraph/Workspaces/Robotics/Projects/CORI/cori_ws/src/cori_vision': PYTHONPATH=/home/juptegraph/Workspaces/Robotics/Projects/CORI/cori_ws/build/cori_vision/prefix_override:/usr/lib/python3/dist-packages/colcon_core/task/python/colcon_distutils_commands:/home/juptegraph/Workspaces/Robotics/Projects/CORI/cori_ws/install/cori_vision/lib/python3.10/site-packages:${PYTHONPATH} /usr/bin/python3 -W ignore:setup.py install is deprecated -W ignore:easy_install command is deprecated setup.py egg_info --egg-base ../../build/cori_vision build --build-base /home/juptegraph/Workspaces/Robotics/Projects/CORI/cori_ws/build/cori_vision/build install --record /home/juptegraph/Workspaces/Robotics/Projects/CORI/cori_ws/build/cori_vision/install.log --single-version-externally-managed install_data
[1.794s] running egg_info
[1.795s] creating ../../build/cori_vision/cori_vision.egg-info
[1.795s] writing ../../build/cori_vision/cori_vision.egg-info/PKG-INFO
[1.795s] writing dependency_links to ../../build/cori_vision/cori_vision.egg-info/dependency_links.txt
[1.795s] writing entry points to ../../build/cori_vision/cori_vision.egg-info/entry_points.txt
[1.795s] writing requirements to ../../build/cori_vision/cori_vision.egg-info/requires.txt
[1.795s] writing top-level names to ../../build/cori_vision/cori_vision.egg-info/top_level.txt
[1.796s] writing manifest file '../../build/cori_vision/cori_vision.egg-info/SOURCES.txt'
[1.797s] reading manifest file '../../build/cori_vision/cori_vision.egg-info/SOURCES.txt'
[1.797s] writing manifest file '../../build/cori_vision/cori_vision.egg-info/SOURCES.txt'
[1.797s] running build
[1.797s] running build_py
[1.798s] creating /home/juptegraph/Workspaces/Robotics/Projects/CORI/cori_ws/build/cori_vision/build
[1.798s] creating /home/juptegraph/Workspaces/Robotics/Projects/CORI/cori_ws/build/cori_vision/build/lib
[1.798s] creating /home/juptegraph/Workspaces/Robotics/Projects/CORI/cori_ws/build/cori_vision/build/lib/cori_vision
[1.798s] copying cori_vision/simple_color_detector.py -> /home/juptegraph/Workspaces/Robotics/Projects/CORI/cori_ws/build/cori_vision/build/lib/cori_vision
[1.798s] copying cori_vision/laundry_color_detector.py -> /home/juptegraph/Workspaces/Robotics/Projects/CORI/cori_ws/build/cori_vision/build/lib/cori_vision
[1.798s] copying cori_vision/__init__.py -> /home/juptegraph/Workspaces/Robotics/Projects/CORI/cori_ws/build/cori_vision/build/lib/cori_vision
[1.798s] copying cori_vision/object_detection.py -> /home/juptegraph/Workspaces/Robotics/Projects/CORI/cori_ws/build/cori_vision/build/lib/cori_vision
[1.798s] running install
[1.799s] running install_lib
[1.799s] creating /home/juptegraph/Workspaces/Robotics/Projects/CORI/cori_ws/install/cori_vision/lib/python3.10/site-packages/cori_vision
[1.799s] copying /home/juptegraph/Workspaces/Robotics/Projects/CORI/cori_ws/build/cori_vision/build/lib/cori_vision/simple_color_detector.py -> /home/juptegraph/Workspaces/Robotics/Projects/CORI/cori_ws/install/cori_vision/lib/python3.10/site-packages/cori_vision
[1.799s] copying /home/juptegraph/Workspaces/Robotics/Projects/CORI/cori_ws/build/cori_vision/build/lib/cori_vision/laundry_color_detector.py -> /home/juptegraph/Workspaces/Robotics/Projects/CORI/cori_ws/install/cori_vision/lib/python3.10/site-packages/cori_vision
[1.799s] copying /home/juptegraph/Workspaces/Robotics/Projects/CORI/cori_ws/build/cori_vision/build/lib/cori_vision/__init__.py -> /home/juptegraph/Workspaces/Robotics/Projects/CORI/cori_ws/install/cori_vision/lib/python3.10/site-packages/cori_vision
[1.799s] copying /home/juptegraph/Workspaces/Robotics/Projects/CORI/cori_ws/build/cori_vision/build/lib/cori_vision/object_detection.py -> /home/juptegraph/Workspaces/Robotics/Projects/CORI/cori_ws/install/cori_vision/lib/python3.10/site-packages/cori_vision
[1.799s] byte-compiling /home/juptegraph/Workspaces/Robotics/Projects/CORI/cori_ws/install/cori_vision/lib/python3.10/site-packages/cori_vision/simple_color_detector.py to simple_color_detector.cpython-310.pyc
[1.801s] byte-compiling /home/juptegraph/Workspaces/Robotics/Projects/CORI/cori_ws/install/cori_vision/lib/python3.10/site-packages/cori_vision/laundry_color_detector.py to laundry_color_detector.cpython-310.pyc
[1.807s] byte-compiling /home/juptegraph/Workspaces/Robotics/Projects/CORI/cori_ws/install/cori_vision/lib/python3.10/site-packages/cori_vision/__init__.py to __init__.cpython-310.pyc
[1.807s] byte-compiling /home/juptegraph/Workspaces/Robotics/Projects/CORI/cori_ws/install/cori_vision/lib/python3.10/site-packages/cori_vision/object_detection.py to object_detection.cpython-310.pyc
[1.808s] running install_data
[1.808s] creating /home/juptegraph/Workspaces/Robotics/Projects/CORI/cori_ws/install/cori_vision/share/ament_index
[1.808s] creating /home/juptegraph/Workspaces/Robotics/Projects/CORI/cori_ws/install/cori_vision/share/ament_index/resource_index
[1.808s] creating /home/juptegraph/Workspaces/Robotics/Projects/CORI/cori_ws/install/cori_vision/share/ament_index/resource_index/packages
[1.808s] copying resource/cori_vision -> /home/juptegraph/Workspaces/Robotics/Projects/CORI/cori_ws/install/cori_vision/share/ament_index/resource_index/packages
[1.808s] copying package.xml -> /home/juptegraph/Workspaces/Robotics/Projects/CORI/cori_ws/install/cori_vision/share/cori_vision
[1.808s] creating /home/juptegraph/Workspaces/Robotics/Projects/CORI/cori_ws/install/cori_vision/share/cori_vision/launch
[1.808s] copying launch/laundry_color_detector.launch.py -> /home/juptegraph/Workspaces/Robotics/Projects/CORI/cori_ws/install/cori_vision/share/cori_vision/launch
[1.809s] creating /home/juptegraph/Workspaces/Robotics/Projects/CORI/cori_ws/install/cori_vision/share/cori_vision/config
[1.809s] copying config/color_piles.yaml -> /home/juptegraph/Workspaces/Robotics/Projects/CORI/cori_ws/install/cori_vision/share/cori_vision/config
[1.809s] creating /home/juptegraph/Workspaces/Robotics/Projects/CORI/cori_ws/install/cori_vision/lib/cori_vision
[1.809s] running install_egg_info
[1.811s] Copying ../../build/cori_vision/cori_vision.egg-info to /home/juptegraph/Workspaces/Robotics/Projects/CORI/cori_ws/install/cori_vision/lib/python3.10/site-packages/cori_vision-1.0.0-py3.10.egg-info
[1.811s] running install_scripts
[1.831s] Installing laundry_color_detector script to /home/juptegraph/Workspaces/Robotics/Projects/CORI/cori_ws/install/cori_vision/bin
[1.831s] Installing object_detection script to /home/juptegraph/Workspaces/Robotics/Projects/CORI/cori_ws/install/cori_vision/bin
[1.831s] Installing simple_color_detector script to /home/juptegraph/Workspaces/Robotics/Projects/CORI/cori_ws/install/cori_vision/bin
[1.832s] writing list of installed files to '/home/juptegraph/Workspaces/Robotics/Projects/CORI/cori_ws/build/cori_vision/install.log'
[1.869s] Invoked command in '/home/juptegraph/Workspaces/Robotics/Projects/CORI/cori_ws/src/cori_vision' returned '0': PYTHONPATH=/home/juptegraph/Workspaces/Robotics/Projects/CORI/cori_ws/build/cori_vision/prefix_override:/usr/lib/python3/dist-packages/colcon_core/task/python/colcon_distutils_commands:/home/juptegraph/Workspaces/Robotics/Projects/CORI/cori_ws/install/cori_vision/lib/python3.10/site-packages:${PYTHONPATH} /usr/bin/python3 -W ignore:setup.py install is deprecated -W ignore:easy_install command is deprecated setup.py egg_info --egg-base ../../build/cori_vision build --build-base /home/juptegraph/Workspaces/Robotics/Projects/CORI/cori_ws/build/cori_vision/build install --record /home/juptegraph/Workspaces/Robotics/Projects/CORI/cori_ws/build/cori_vision/install.log --single-version-externally-managed install_data
