[0.912s] Invoking command in '/home/juptegraph/Workspaces/Robotics/Projects/CORI/cori_ws/src/cori_simulation': AMENT_PREFIX_PATH=/home/juptegraph/Workspaces/Robotics/Projects/CORI/cori_ws/install/cori_core:${AMENT_PREFIX_PATH} PATH=/home/juptegraph/Workspaces/Robotics/Projects/CORI/cori_ws/install/cori_core/bin:${PATH} PYTHONPATH=/home/juptegraph/Workspaces/Robotics/Projects/CORI/cori_ws/build/cori_simulation/prefix_override:/usr/lib/python3/dist-packages/colcon_core/task/python/colcon_distutils_commands:/home/juptegraph/Workspaces/Robotics/Projects/CORI/cori_ws/install/cori_simulation/lib/python3.10/site-packages:/home/juptegraph/Workspaces/Robotics/Projects/CORI/cori_ws/install/cori_core/lib/python3.10/site-packages:${PYTHONPATH} /usr/bin/python3 -W ignore:setup.py install is deprecated -W ignore:easy_install command is deprecated setup.py egg_info --egg-base ../../build/cori_simulation build --build-base /home/juptegraph/Workspaces/Robotics/Projects/CORI/cori_ws/build/cori_simulation/build install --record /home/juptegraph/Workspaces/Robotics/Projects/CORI/cori_ws/build/cori_simulation/install.log --single-version-externally-managed install_data
[1.074s] running egg_info
[1.074s] creating ../../build/cori_simulation/cori_simulation.egg-info
[1.074s] writing ../../build/cori_simulation/cori_simulation.egg-info/PKG-INFO
[1.074s] writing dependency_links to ../../build/cori_simulation/cori_simulation.egg-info/dependency_links.txt
[1.074s] writing entry points to ../../build/cori_simulation/cori_simulation.egg-info/entry_points.txt
[1.074s] writing requirements to ../../build/cori_simulation/cori_simulation.egg-info/requires.txt
[1.074s] writing top-level names to ../../build/cori_simulation/cori_simulation.egg-info/top_level.txt
[1.074s] writing manifest file '../../build/cori_simulation/cori_simulation.egg-info/SOURCES.txt'
[1.074s] reading manifest file '../../build/cori_simulation/cori_simulation.egg-info/SOURCES.txt'
[1.074s] writing manifest file '../../build/cori_simulation/cori_simulation.egg-info/SOURCES.txt'
[1.074s] running build
[1.074s] running build_py
[1.074s] creating /home/juptegraph/Workspaces/Robotics/Projects/CORI/cori_ws/build/cori_simulation/build
[1.074s] creating /home/juptegraph/Workspaces/Robotics/Projects/CORI/cori_ws/build/cori_simulation/build/lib
[1.074s] creating /home/juptegraph/Workspaces/Robotics/Projects/CORI/cori_ws/build/cori_simulation/build/lib/cori_simulation
[1.074s] copying cori_simulation/cori_simulator.py -> /home/juptegraph/Workspaces/Robotics/Projects/CORI/cori_ws/build/cori_simulation/build/lib/cori_simulation
[1.074s] copying cori_simulation/sensor_fusion_demo.py -> /home/juptegraph/Workspaces/Robotics/Projects/CORI/cori_ws/build/cori_simulation/build/lib/cori_simulation
[1.074s] copying cori_simulation/demo_display.py -> /home/juptegraph/Workspaces/Robotics/Projects/CORI/cori_ws/build/cori_simulation/build/lib/cori_simulation
[1.074s] copying cori_simulation/__init__.py -> /home/juptegraph/Workspaces/Robotics/Projects/CORI/cori_ws/build/cori_simulation/build/lib/cori_simulation
[1.075s] running install
[1.075s] running install_lib
[1.075s] creating /home/juptegraph/Workspaces/Robotics/Projects/CORI/cori_ws/install/cori_simulation/lib/python3.10/site-packages/cori_simulation
[1.075s] copying /home/juptegraph/Workspaces/Robotics/Projects/CORI/cori_ws/build/cori_simulation/build/lib/cori_simulation/cori_simulator.py -> /home/juptegraph/Workspaces/Robotics/Projects/CORI/cori_ws/install/cori_simulation/lib/python3.10/site-packages/cori_simulation
[1.075s] copying /home/juptegraph/Workspaces/Robotics/Projects/CORI/cori_ws/build/cori_simulation/build/lib/cori_simulation/sensor_fusion_demo.py -> /home/juptegraph/Workspaces/Robotics/Projects/CORI/cori_ws/install/cori_simulation/lib/python3.10/site-packages/cori_simulation
[1.075s] copying /home/juptegraph/Workspaces/Robotics/Projects/CORI/cori_ws/build/cori_simulation/build/lib/cori_simulation/demo_display.py -> /home/juptegraph/Workspaces/Robotics/Projects/CORI/cori_ws/install/cori_simulation/lib/python3.10/site-packages/cori_simulation
[1.075s] copying /home/juptegraph/Workspaces/Robotics/Projects/CORI/cori_ws/build/cori_simulation/build/lib/cori_simulation/__init__.py -> /home/juptegraph/Workspaces/Robotics/Projects/CORI/cori_ws/install/cori_simulation/lib/python3.10/site-packages/cori_simulation
[1.075s] byte-compiling /home/juptegraph/Workspaces/Robotics/Projects/CORI/cori_ws/install/cori_simulation/lib/python3.10/site-packages/cori_simulation/cori_simulator.py to cori_simulator.cpython-310.pyc
[1.083s] byte-compiling /home/juptegraph/Workspaces/Robotics/Projects/CORI/cori_ws/install/cori_simulation/lib/python3.10/site-packages/cori_simulation/sensor_fusion_demo.py to sensor_fusion_demo.cpython-310.pyc
[1.083s] byte-compiling /home/juptegraph/Workspaces/Robotics/Projects/CORI/cori_ws/install/cori_simulation/lib/python3.10/site-packages/cori_simulation/demo_display.py to demo_display.cpython-310.pyc
[1.083s] byte-compiling /home/juptegraph/Workspaces/Robotics/Projects/CORI/cori_ws/install/cori_simulation/lib/python3.10/site-packages/cori_simulation/__init__.py to __init__.cpython-310.pyc
[1.083s] running install_data
[1.083s] creating /home/juptegraph/Workspaces/Robotics/Projects/CORI/cori_ws/install/cori_simulation/share/ament_index
[1.083s] creating /home/juptegraph/Workspaces/Robotics/Projects/CORI/cori_ws/install/cori_simulation/share/ament_index/resource_index
[1.083s] creating /home/juptegraph/Workspaces/Robotics/Projects/CORI/cori_ws/install/cori_simulation/share/ament_index/resource_index/packages
[1.083s] copying resource/cori_simulation -> /home/juptegraph/Workspaces/Robotics/Projects/CORI/cori_ws/install/cori_simulation/share/ament_index/resource_index/packages
[1.083s] copying package.xml -> /home/juptegraph/Workspaces/Robotics/Projects/CORI/cori_ws/install/cori_simulation/share/cori_simulation
[1.083s] running install_egg_info
[1.083s] Copying ../../build/cori_simulation/cori_simulation.egg-info to /home/juptegraph/Workspaces/Robotics/Projects/CORI/cori_ws/install/cori_simulation/lib/python3.10/site-packages/cori_simulation-1.0.0-py3.10.egg-info
[1.083s] running install_scripts
[1.093s] Installing cori_simulator script to /home/juptegraph/Workspaces/Robotics/Projects/CORI/cori_ws/install/cori_simulation/bin
[1.093s] Installing demo_display script to /home/juptegraph/Workspaces/Robotics/Projects/CORI/cori_ws/install/cori_simulation/bin
[1.093s] Installing sensor_fusion_demo script to /home/juptegraph/Workspaces/Robotics/Projects/CORI/cori_ws/install/cori_simulation/bin
[1.093s] writing list of installed files to '/home/juptegraph/Workspaces/Robotics/Projects/CORI/cori_ws/build/cori_simulation/install.log'
[1.106s] Invoked command in '/home/juptegraph/Workspaces/Robotics/Projects/CORI/cori_ws/src/cori_simulation' returned '0': AMENT_PREFIX_PATH=/home/juptegraph/Workspaces/Robotics/Projects/CORI/cori_ws/install/cori_core:${AMENT_PREFIX_PATH} PATH=/home/juptegraph/Workspaces/Robotics/Projects/CORI/cori_ws/install/cori_core/bin:${PATH} PYTHONPATH=/home/juptegraph/Workspaces/Robotics/Projects/CORI/cori_ws/build/cori_simulation/prefix_override:/usr/lib/python3/dist-packages/colcon_core/task/python/colcon_distutils_commands:/home/juptegraph/Workspaces/Robotics/Projects/CORI/cori_ws/install/cori_simulation/lib/python3.10/site-packages:/home/juptegraph/Workspaces/Robotics/Projects/CORI/cori_ws/install/cori_core/lib/python3.10/site-packages:${PYTHONPATH} /usr/bin/python3 -W ignore:setup.py install is deprecated -W ignore:easy_install command is deprecated setup.py egg_info --egg-base ../../build/cori_simulation build --build-base /home/juptegraph/Workspaces/Robotics/Projects/CORI/cori_ws/build/cori_simulation/build install --record /home/juptegraph/Workspaces/Robotics/Projects/CORI/cori_ws/build/cori_simulation/install.log --single-version-externally-managed install_data
