[0.094s] DEBUG:colcon:Command line arguments: ['/usr/bin/colcon', 'build', '--packages-select', 'cori_description', 'cori_cv']
[0.094s] DEBUG:colcon:Parsed command line arguments: Namespace(log_base=None, log_level=None, verb_name='build', build_base='build', install_base='install', merge_install=False, symlink_install=False, test_result_base=None, continue_on_error=False, executor='parallel', parallel_workers=20, event_handlers=None, ignore_user_meta=False, metas=['./colcon.meta'], base_paths=['.'], packages_ignore=None, packages_ignore_regex=None, paths=None, packages_up_to=None, packages_up_to_regex=None, packages_above=None, packages_above_and_dependencies=None, packages_above_depth=None, packages_select_by_dep=None, packages_skip_by_dep=None, packages_skip_up_to=None, packages_select_build_failed=False, packages_skip_build_finished=False, packages_select_test_failures=False, packages_skip_test_passed=False, packages_select=['cori_description', 'cori_cv'], packages_skip=None, packages_select_regex=None, packages_skip_regex=None, packages_start=None, packages_end=None, allow_overriding=[], cmake_args=None, cmake_target=None, cmake_target_skip_unavailable=False, cmake_clean_cache=False, cmake_clean_first=False, cmake_force_configure=False, ament_cmake_args=None, catkin_cmake_args=None, catkin_skip_building_tests=False, verb_parser=<colcon_defaults.argument_parser.defaults.DefaultArgumentsDecorator object at 0x7dde3cd70760>, verb_extension=<colcon_core.verb.build.BuildVerb object at 0x7dde3cd70190>, main=<bound method BuildVerb.main of <colcon_core.verb.build.BuildVerb object at 0x7dde3cd70190>>)
[0.193s] Level 1:colcon.colcon_core.package_discovery:discover_packages(colcon_meta) check parameters
[0.193s] Level 1:colcon.colcon_core.package_discovery:discover_packages(recursive) check parameters
[0.193s] Level 1:colcon.colcon_core.package_discovery:discover_packages(ignore) check parameters
[0.193s] Level 1:colcon.colcon_core.package_discovery:discover_packages(path) check parameters
[0.193s] Level 1:colcon.colcon_core.package_discovery:discover_packages(colcon_meta) discover
[0.193s] Level 1:colcon.colcon_core.package_discovery:discover_packages(recursive) discover
[0.193s] INFO:colcon.colcon_core.package_discovery:Crawling recursively for packages in '/home/juptegraph/Workspaces/Robotics/Projects/CORI/cori_ws'
[0.193s] Level 1:colcon.colcon_core.package_identification:_identify(.) by extensions ['ignore', 'ignore_ament_install']
[0.193s] Level 1:colcon.colcon_core.package_identification:_identify(.) by extension 'ignore'
[0.193s] Level 1:colcon.colcon_core.package_identification:_identify(.) by extension 'ignore_ament_install'
[0.193s] Level 1:colcon.colcon_core.package_identification:_identify(.) by extensions ['colcon_pkg']
[0.194s] Level 1:colcon.colcon_core.package_identification:_identify(.) by extension 'colcon_pkg'
[0.194s] Level 1:colcon.colcon_core.package_identification:_identify(.) by extensions ['colcon_meta']
[0.194s] Level 1:colcon.colcon_core.package_identification:_identify(.) by extension 'colcon_meta'
[0.194s] Level 1:colcon.colcon_core.package_identification:_identify(.) by extensions ['ros']
[0.194s] Level 1:colcon.colcon_core.package_identification:_identify(.) by extension 'ros'
[0.200s] Level 1:colcon.colcon_core.package_identification:_identify(.) by extensions ['cmake', 'python']
[0.200s] Level 1:colcon.colcon_core.package_identification:_identify(.) by extension 'cmake'
[0.200s] Level 1:colcon.colcon_core.package_identification:_identify(.) by extension 'python'
[0.200s] Level 1:colcon.colcon_core.package_identification:_identify(.) by extensions ['python_setup_py']
[0.200s] Level 1:colcon.colcon_core.package_identification:_identify(.) by extension 'python_setup_py'
[0.200s] Level 1:colcon.colcon_core.package_identification:_identify(build) by extensions ['ignore', 'ignore_ament_install']
[0.201s] Level 1:colcon.colcon_core.package_identification:_identify(build) by extension 'ignore'
[0.201s] Level 1:colcon.colcon_core.package_identification:_identify(build) ignored
[0.201s] Level 1:colcon.colcon_core.package_identification:_identify(install) by extensions ['ignore', 'ignore_ament_install']
[0.201s] Level 1:colcon.colcon_core.package_identification:_identify(install) by extension 'ignore'
[0.201s] Level 1:colcon.colcon_core.package_identification:_identify(install) ignored
[0.201s] Level 1:colcon.colcon_core.package_identification:_identify(log) by extensions ['ignore', 'ignore_ament_install']
[0.201s] Level 1:colcon.colcon_core.package_identification:_identify(log) by extension 'ignore'
[0.201s] Level 1:colcon.colcon_core.package_identification:_identify(log) ignored
[0.201s] Level 1:colcon.colcon_core.package_identification:_identify(models) by extensions ['ignore', 'ignore_ament_install']
[0.201s] Level 1:colcon.colcon_core.package_identification:_identify(models) by extension 'ignore'
[0.201s] Level 1:colcon.colcon_core.package_identification:_identify(models) by extension 'ignore_ament_install'
[0.201s] Level 1:colcon.colcon_core.package_identification:_identify(models) by extensions ['colcon_pkg']
[0.201s] Level 1:colcon.colcon_core.package_identification:_identify(models) by extension 'colcon_pkg'
[0.201s] Level 1:colcon.colcon_core.package_identification:_identify(models) by extensions ['colcon_meta']
[0.201s] Level 1:colcon.colcon_core.package_identification:_identify(models) by extension 'colcon_meta'
[0.201s] Level 1:colcon.colcon_core.package_identification:_identify(models) by extensions ['ros']
[0.201s] Level 1:colcon.colcon_core.package_identification:_identify(models) by extension 'ros'
[0.201s] Level 1:colcon.colcon_core.package_identification:_identify(models) by extensions ['cmake', 'python']
[0.201s] Level 1:colcon.colcon_core.package_identification:_identify(models) by extension 'cmake'
[0.201s] Level 1:colcon.colcon_core.package_identification:_identify(models) by extension 'python'
[0.201s] Level 1:colcon.colcon_core.package_identification:_identify(models) by extensions ['python_setup_py']
[0.201s] Level 1:colcon.colcon_core.package_identification:_identify(models) by extension 'python_setup_py'
[0.201s] Level 1:colcon.colcon_core.package_identification:_identify(models/Sun) by extensions ['ignore', 'ignore_ament_install']
[0.201s] Level 1:colcon.colcon_core.package_identification:_identify(models/Sun) by extension 'ignore'
[0.201s] Level 1:colcon.colcon_core.package_identification:_identify(models/Sun) by extension 'ignore_ament_install'
[0.201s] Level 1:colcon.colcon_core.package_identification:_identify(models/Sun) by extensions ['colcon_pkg']
[0.201s] Level 1:colcon.colcon_core.package_identification:_identify(models/Sun) by extension 'colcon_pkg'
[0.201s] Level 1:colcon.colcon_core.package_identification:_identify(models/Sun) by extensions ['colcon_meta']
[0.201s] Level 1:colcon.colcon_core.package_identification:_identify(models/Sun) by extension 'colcon_meta'
[0.201s] Level 1:colcon.colcon_core.package_identification:_identify(models/Sun) by extensions ['ros']
[0.201s] Level 1:colcon.colcon_core.package_identification:_identify(models/Sun) by extension 'ros'
[0.201s] Level 1:colcon.colcon_core.package_identification:_identify(models/Sun) by extensions ['cmake', 'python']
[0.201s] Level 1:colcon.colcon_core.package_identification:_identify(models/Sun) by extension 'cmake'
[0.201s] Level 1:colcon.colcon_core.package_identification:_identify(models/Sun) by extension 'python'
[0.201s] Level 1:colcon.colcon_core.package_identification:_identify(models/Sun) by extensions ['python_setup_py']
[0.201s] Level 1:colcon.colcon_core.package_identification:_identify(models/Sun) by extension 'python_setup_py'
[0.201s] Level 1:colcon.colcon_core.package_identification:_identify(models/ground_plane) by extensions ['ignore', 'ignore_ament_install']
[0.201s] Level 1:colcon.colcon_core.package_identification:_identify(models/ground_plane) by extension 'ignore'
[0.202s] Level 1:colcon.colcon_core.package_identification:_identify(models/ground_plane) by extension 'ignore_ament_install'
[0.202s] Level 1:colcon.colcon_core.package_identification:_identify(models/ground_plane) by extensions ['colcon_pkg']
[0.202s] Level 1:colcon.colcon_core.package_identification:_identify(models/ground_plane) by extension 'colcon_pkg'
[0.202s] Level 1:colcon.colcon_core.package_identification:_identify(models/ground_plane) by extensions ['colcon_meta']
[0.202s] Level 1:colcon.colcon_core.package_identification:_identify(models/ground_plane) by extension 'colcon_meta'
[0.202s] Level 1:colcon.colcon_core.package_identification:_identify(models/ground_plane) by extensions ['ros']
[0.202s] Level 1:colcon.colcon_core.package_identification:_identify(models/ground_plane) by extension 'ros'
[0.202s] Level 1:colcon.colcon_core.package_identification:_identify(models/ground_plane) by extensions ['cmake', 'python']
[0.202s] Level 1:colcon.colcon_core.package_identification:_identify(models/ground_plane) by extension 'cmake'
[0.202s] Level 1:colcon.colcon_core.package_identification:_identify(models/ground_plane) by extension 'python'
[0.202s] Level 1:colcon.colcon_core.package_identification:_identify(models/ground_plane) by extensions ['python_setup_py']
[0.202s] Level 1:colcon.colcon_core.package_identification:_identify(models/ground_plane) by extension 'python_setup_py'
[0.202s] Level 1:colcon.colcon_core.package_identification:_identify(scripts) by extensions ['ignore', 'ignore_ament_install']
[0.202s] Level 1:colcon.colcon_core.package_identification:_identify(scripts) by extension 'ignore'
[0.202s] Level 1:colcon.colcon_core.package_identification:_identify(scripts) by extension 'ignore_ament_install'
[0.202s] Level 1:colcon.colcon_core.package_identification:_identify(scripts) by extensions ['colcon_pkg']
[0.202s] Level 1:colcon.colcon_core.package_identification:_identify(scripts) by extension 'colcon_pkg'
[0.202s] Level 1:colcon.colcon_core.package_identification:_identify(scripts) by extensions ['colcon_meta']
[0.202s] Level 1:colcon.colcon_core.package_identification:_identify(scripts) by extension 'colcon_meta'
[0.202s] Level 1:colcon.colcon_core.package_identification:_identify(scripts) by extensions ['ros']
[0.202s] Level 1:colcon.colcon_core.package_identification:_identify(scripts) by extension 'ros'
[0.202s] Level 1:colcon.colcon_core.package_identification:_identify(scripts) by extensions ['cmake', 'python']
[0.202s] Level 1:colcon.colcon_core.package_identification:_identify(scripts) by extension 'cmake'
[0.202s] Level 1:colcon.colcon_core.package_identification:_identify(scripts) by extension 'python'
[0.202s] Level 1:colcon.colcon_core.package_identification:_identify(scripts) by extensions ['python_setup_py']
[0.202s] Level 1:colcon.colcon_core.package_identification:_identify(scripts) by extension 'python_setup_py'
[0.202s] Level 1:colcon.colcon_core.package_identification:_identify(shared) by extensions ['ignore', 'ignore_ament_install']
[0.202s] Level 1:colcon.colcon_core.package_identification:_identify(shared) by extension 'ignore'
[0.202s] Level 1:colcon.colcon_core.package_identification:_identify(shared) by extension 'ignore_ament_install'
[0.202s] Level 1:colcon.colcon_core.package_identification:_identify(shared) by extensions ['colcon_pkg']
[0.202s] Level 1:colcon.colcon_core.package_identification:_identify(shared) by extension 'colcon_pkg'
[0.202s] Level 1:colcon.colcon_core.package_identification:_identify(shared) by extensions ['colcon_meta']
[0.202s] Level 1:colcon.colcon_core.package_identification:_identify(shared) by extension 'colcon_meta'
[0.202s] Level 1:colcon.colcon_core.package_identification:_identify(shared) by extensions ['ros']
[0.202s] Level 1:colcon.colcon_core.package_identification:_identify(shared) by extension 'ros'
[0.202s] Level 1:colcon.colcon_core.package_identification:_identify(shared) by extensions ['cmake', 'python']
[0.202s] Level 1:colcon.colcon_core.package_identification:_identify(shared) by extension 'cmake'
[0.202s] Level 1:colcon.colcon_core.package_identification:_identify(shared) by extension 'python'
[0.202s] Level 1:colcon.colcon_core.package_identification:_identify(shared) by extensions ['python_setup_py']
[0.202s] Level 1:colcon.colcon_core.package_identification:_identify(shared) by extension 'python_setup_py'
[0.202s] Level 1:colcon.colcon_core.package_identification:_identify(shared/database) by extensions ['ignore', 'ignore_ament_install']
[0.202s] Level 1:colcon.colcon_core.package_identification:_identify(shared/database) by extension 'ignore'
[0.202s] Level 1:colcon.colcon_core.package_identification:_identify(shared/database) by extension 'ignore_ament_install'
[0.202s] Level 1:colcon.colcon_core.package_identification:_identify(shared/database) by extensions ['colcon_pkg']
[0.202s] Level 1:colcon.colcon_core.package_identification:_identify(shared/database) by extension 'colcon_pkg'
[0.203s] Level 1:colcon.colcon_core.package_identification:_identify(shared/database) by extensions ['colcon_meta']
[0.203s] Level 1:colcon.colcon_core.package_identification:_identify(shared/database) by extension 'colcon_meta'
[0.203s] Level 1:colcon.colcon_core.package_identification:_identify(shared/database) by extensions ['ros']
[0.203s] Level 1:colcon.colcon_core.package_identification:_identify(shared/database) by extension 'ros'
[0.203s] Level 1:colcon.colcon_core.package_identification:_identify(shared/database) by extensions ['cmake', 'python']
[0.203s] Level 1:colcon.colcon_core.package_identification:_identify(shared/database) by extension 'cmake'
[0.203s] Level 1:colcon.colcon_core.package_identification:_identify(shared/database) by extension 'python'
[0.203s] Level 1:colcon.colcon_core.package_identification:_identify(shared/database) by extensions ['python_setup_py']
[0.203s] Level 1:colcon.colcon_core.package_identification:_identify(shared/database) by extension 'python_setup_py'
[0.203s] Level 1:colcon.colcon_core.package_identification:_identify(shared/models) by extensions ['ignore', 'ignore_ament_install']
[0.203s] Level 1:colcon.colcon_core.package_identification:_identify(shared/models) by extension 'ignore'
[0.203s] Level 1:colcon.colcon_core.package_identification:_identify(shared/models) by extension 'ignore_ament_install'
[0.203s] Level 1:colcon.colcon_core.package_identification:_identify(shared/models) by extensions ['colcon_pkg']
[0.203s] Level 1:colcon.colcon_core.package_identification:_identify(shared/models) by extension 'colcon_pkg'
[0.203s] Level 1:colcon.colcon_core.package_identification:_identify(shared/models) by extensions ['colcon_meta']
[0.203s] Level 1:colcon.colcon_core.package_identification:_identify(shared/models) by extension 'colcon_meta'
[0.203s] Level 1:colcon.colcon_core.package_identification:_identify(shared/models) by extensions ['ros']
[0.203s] Level 1:colcon.colcon_core.package_identification:_identify(shared/models) by extension 'ros'
[0.203s] Level 1:colcon.colcon_core.package_identification:_identify(shared/models) by extensions ['cmake', 'python']
[0.203s] Level 1:colcon.colcon_core.package_identification:_identify(shared/models) by extension 'cmake'
[0.203s] Level 1:colcon.colcon_core.package_identification:_identify(shared/models) by extension 'python'
[0.203s] Level 1:colcon.colcon_core.package_identification:_identify(shared/models) by extensions ['python_setup_py']
[0.203s] Level 1:colcon.colcon_core.package_identification:_identify(shared/models) by extension 'python_setup_py'
[0.203s] Level 1:colcon.colcon_core.package_identification:_identify(shared/models/Sun) by extensions ['ignore', 'ignore_ament_install']
[0.203s] Level 1:colcon.colcon_core.package_identification:_identify(shared/models/Sun) by extension 'ignore'
[0.203s] Level 1:colcon.colcon_core.package_identification:_identify(shared/models/Sun) by extension 'ignore_ament_install'
[0.203s] Level 1:colcon.colcon_core.package_identification:_identify(shared/models/Sun) by extensions ['colcon_pkg']
[0.203s] Level 1:colcon.colcon_core.package_identification:_identify(shared/models/Sun) by extension 'colcon_pkg'
[0.203s] Level 1:colcon.colcon_core.package_identification:_identify(shared/models/Sun) by extensions ['colcon_meta']
[0.203s] Level 1:colcon.colcon_core.package_identification:_identify(shared/models/Sun) by extension 'colcon_meta'
[0.203s] Level 1:colcon.colcon_core.package_identification:_identify(shared/models/Sun) by extensions ['ros']
[0.203s] Level 1:colcon.colcon_core.package_identification:_identify(shared/models/Sun) by extension 'ros'
[0.203s] Level 1:colcon.colcon_core.package_identification:_identify(shared/models/Sun) by extensions ['cmake', 'python']
[0.203s] Level 1:colcon.colcon_core.package_identification:_identify(shared/models/Sun) by extension 'cmake'
[0.203s] Level 1:colcon.colcon_core.package_identification:_identify(shared/models/Sun) by extension 'python'
[0.203s] Level 1:colcon.colcon_core.package_identification:_identify(shared/models/Sun) by extensions ['python_setup_py']
[0.203s] Level 1:colcon.colcon_core.package_identification:_identify(shared/models/Sun) by extension 'python_setup_py'
[0.203s] Level 1:colcon.colcon_core.package_identification:_identify(shared/models/ground_plane) by extensions ['ignore', 'ignore_ament_install']
[0.203s] Level 1:colcon.colcon_core.package_identification:_identify(shared/models/ground_plane) by extension 'ignore'
[0.203s] Level 1:colcon.colcon_core.package_identification:_identify(shared/models/ground_plane) by extension 'ignore_ament_install'
[0.203s] Level 1:colcon.colcon_core.package_identification:_identify(shared/models/ground_plane) by extensions ['colcon_pkg']
[0.203s] Level 1:colcon.colcon_core.package_identification:_identify(shared/models/ground_plane) by extension 'colcon_pkg'
[0.203s] Level 1:colcon.colcon_core.package_identification:_identify(shared/models/ground_plane) by extensions ['colcon_meta']
[0.203s] Level 1:colcon.colcon_core.package_identification:_identify(shared/models/ground_plane) by extension 'colcon_meta'
[0.203s] Level 1:colcon.colcon_core.package_identification:_identify(shared/models/ground_plane) by extensions ['ros']
[0.204s] Level 1:colcon.colcon_core.package_identification:_identify(shared/models/ground_plane) by extension 'ros'
[0.204s] Level 1:colcon.colcon_core.package_identification:_identify(shared/models/ground_plane) by extensions ['cmake', 'python']
[0.204s] Level 1:colcon.colcon_core.package_identification:_identify(shared/models/ground_plane) by extension 'cmake'
[0.204s] Level 1:colcon.colcon_core.package_identification:_identify(shared/models/ground_plane) by extension 'python'
[0.204s] Level 1:colcon.colcon_core.package_identification:_identify(shared/models/ground_plane) by extensions ['python_setup_py']
[0.204s] Level 1:colcon.colcon_core.package_identification:_identify(shared/models/ground_plane) by extension 'python_setup_py'
[0.204s] Level 1:colcon.colcon_core.package_identification:_identify(shared/worlds) by extensions ['ignore', 'ignore_ament_install']
[0.204s] Level 1:colcon.colcon_core.package_identification:_identify(shared/worlds) by extension 'ignore'
[0.204s] Level 1:colcon.colcon_core.package_identification:_identify(shared/worlds) by extension 'ignore_ament_install'
[0.204s] Level 1:colcon.colcon_core.package_identification:_identify(shared/worlds) by extensions ['colcon_pkg']
[0.204s] Level 1:colcon.colcon_core.package_identification:_identify(shared/worlds) by extension 'colcon_pkg'
[0.204s] Level 1:colcon.colcon_core.package_identification:_identify(shared/worlds) by extensions ['colcon_meta']
[0.204s] Level 1:colcon.colcon_core.package_identification:_identify(shared/worlds) by extension 'colcon_meta'
[0.204s] Level 1:colcon.colcon_core.package_identification:_identify(shared/worlds) by extensions ['ros']
[0.204s] Level 1:colcon.colcon_core.package_identification:_identify(shared/worlds) by extension 'ros'
[0.204s] Level 1:colcon.colcon_core.package_identification:_identify(shared/worlds) by extensions ['cmake', 'python']
[0.204s] Level 1:colcon.colcon_core.package_identification:_identify(shared/worlds) by extension 'cmake'
[0.204s] Level 1:colcon.colcon_core.package_identification:_identify(shared/worlds) by extension 'python'
[0.204s] Level 1:colcon.colcon_core.package_identification:_identify(shared/worlds) by extensions ['python_setup_py']
[0.204s] Level 1:colcon.colcon_core.package_identification:_identify(shared/worlds) by extension 'python_setup_py'
[0.204s] Level 1:colcon.colcon_core.package_identification:_identify(src) by extensions ['ignore', 'ignore_ament_install']
[0.204s] Level 1:colcon.colcon_core.package_identification:_identify(src) by extension 'ignore'
[0.204s] Level 1:colcon.colcon_core.package_identification:_identify(src) by extension 'ignore_ament_install'
[0.204s] Level 1:colcon.colcon_core.package_identification:_identify(src) by extensions ['colcon_pkg']
[0.204s] Level 1:colcon.colcon_core.package_identification:_identify(src) by extension 'colcon_pkg'
[0.204s] Level 1:colcon.colcon_core.package_identification:_identify(src) by extensions ['colcon_meta']
[0.204s] Level 1:colcon.colcon_core.package_identification:_identify(src) by extension 'colcon_meta'
[0.204s] Level 1:colcon.colcon_core.package_identification:_identify(src) by extensions ['ros']
[0.204s] Level 1:colcon.colcon_core.package_identification:_identify(src) by extension 'ros'
[0.204s] Level 1:colcon.colcon_core.package_identification:_identify(src) by extensions ['cmake', 'python']
[0.204s] Level 1:colcon.colcon_core.package_identification:_identify(src) by extension 'cmake'
[0.204s] Level 1:colcon.colcon_core.package_identification:_identify(src) by extension 'python'
[0.204s] Level 1:colcon.colcon_core.package_identification:_identify(src) by extensions ['python_setup_py']
[0.204s] Level 1:colcon.colcon_core.package_identification:_identify(src) by extension 'python_setup_py'
[0.204s] Level 1:colcon.colcon_core.package_identification:_identify(src/cori_control) by extensions ['ignore', 'ignore_ament_install']
[0.204s] Level 1:colcon.colcon_core.package_identification:_identify(src/cori_control) by extension 'ignore'
[0.204s] Level 1:colcon.colcon_core.package_identification:_identify(src/cori_control) by extension 'ignore_ament_install'
[0.204s] Level 1:colcon.colcon_core.package_identification:_identify(src/cori_control) by extensions ['colcon_pkg']
[0.204s] Level 1:colcon.colcon_core.package_identification:_identify(src/cori_control) by extension 'colcon_pkg'
[0.204s] Level 1:colcon.colcon_core.package_identification:_identify(src/cori_control) by extensions ['colcon_meta']
[0.204s] Level 1:colcon.colcon_core.package_identification:_identify(src/cori_control) by extension 'colcon_meta'
[0.204s] Level 1:colcon.colcon_core.package_identification:_identify(src/cori_control) by extensions ['ros']
[0.204s] Level 1:colcon.colcon_core.package_identification:_identify(src/cori_control) by extension 'ros'
[0.206s] DEBUG:colcon.colcon_core.package_identification:Package 'src/cori_control' with type 'ros.ament_python' and name 'cori_control'
[0.206s] Level 1:colcon.colcon_core.package_identification:_identify(src/cori_core) by extensions ['ignore', 'ignore_ament_install']
[0.206s] Level 1:colcon.colcon_core.package_identification:_identify(src/cori_core) by extension 'ignore'
[0.206s] Level 1:colcon.colcon_core.package_identification:_identify(src/cori_core) by extension 'ignore_ament_install'
[0.206s] Level 1:colcon.colcon_core.package_identification:_identify(src/cori_core) by extensions ['colcon_pkg']
[0.206s] Level 1:colcon.colcon_core.package_identification:_identify(src/cori_core) by extension 'colcon_pkg'
[0.206s] Level 1:colcon.colcon_core.package_identification:_identify(src/cori_core) by extensions ['colcon_meta']
[0.206s] Level 1:colcon.colcon_core.package_identification:_identify(src/cori_core) by extension 'colcon_meta'
[0.206s] Level 1:colcon.colcon_core.package_identification:_identify(src/cori_core) by extensions ['ros']
[0.206s] Level 1:colcon.colcon_core.package_identification:_identify(src/cori_core) by extension 'ros'
[0.207s] DEBUG:colcon.colcon_core.package_identification:Package 'src/cori_core' with type 'ros.ament_python' and name 'cori_core'
[0.207s] Level 1:colcon.colcon_core.package_identification:_identify(src/cori_description) by extensions ['ignore', 'ignore_ament_install']
[0.207s] Level 1:colcon.colcon_core.package_identification:_identify(src/cori_description) by extension 'ignore'
[0.207s] Level 1:colcon.colcon_core.package_identification:_identify(src/cori_description) by extension 'ignore_ament_install'
[0.207s] Level 1:colcon.colcon_core.package_identification:_identify(src/cori_description) by extensions ['colcon_pkg']
[0.207s] Level 1:colcon.colcon_core.package_identification:_identify(src/cori_description) by extension 'colcon_pkg'
[0.207s] Level 1:colcon.colcon_core.package_identification:_identify(src/cori_description) by extensions ['colcon_meta']
[0.207s] Level 1:colcon.colcon_core.package_identification:_identify(src/cori_description) by extension 'colcon_meta'
[0.207s] Level 1:colcon.colcon_core.package_identification:_identify(src/cori_description) by extensions ['ros']
[0.207s] Level 1:colcon.colcon_core.package_identification:_identify(src/cori_description) by extension 'ros'
[0.207s] DEBUG:colcon.colcon_core.package_identification:Package 'src/cori_description' with type 'ros.ament_cmake' and name 'cori_description'
[0.207s] Level 1:colcon.colcon_core.package_identification:_identify(src/cori_gui) by extensions ['ignore', 'ignore_ament_install']
[0.207s] Level 1:colcon.colcon_core.package_identification:_identify(src/cori_gui) by extension 'ignore'
[0.207s] Level 1:colcon.colcon_core.package_identification:_identify(src/cori_gui) by extension 'ignore_ament_install'
[0.207s] Level 1:colcon.colcon_core.package_identification:_identify(src/cori_gui) by extensions ['colcon_pkg']
[0.207s] Level 1:colcon.colcon_core.package_identification:_identify(src/cori_gui) by extension 'colcon_pkg'
[0.207s] Level 1:colcon.colcon_core.package_identification:_identify(src/cori_gui) by extensions ['colcon_meta']
[0.207s] Level 1:colcon.colcon_core.package_identification:_identify(src/cori_gui) by extension 'colcon_meta'
[0.207s] Level 1:colcon.colcon_core.package_identification:_identify(src/cori_gui) by extensions ['ros']
[0.208s] Level 1:colcon.colcon_core.package_identification:_identify(src/cori_gui) by extension 'ros'
[0.208s] DEBUG:colcon.colcon_core.package_identification:Package 'src/cori_gui' with type 'ros.ament_python' and name 'cori_gui'
[0.208s] Level 1:colcon.colcon_core.package_identification:_identify(src/cori_simulation) by extensions ['ignore', 'ignore_ament_install']
[0.208s] Level 1:colcon.colcon_core.package_identification:_identify(src/cori_simulation) by extension 'ignore'
[0.208s] Level 1:colcon.colcon_core.package_identification:_identify(src/cori_simulation) by extension 'ignore_ament_install'
[0.208s] Level 1:colcon.colcon_core.package_identification:_identify(src/cori_simulation) by extensions ['colcon_pkg']
[0.208s] Level 1:colcon.colcon_core.package_identification:_identify(src/cori_simulation) by extension 'colcon_pkg'
[0.208s] Level 1:colcon.colcon_core.package_identification:_identify(src/cori_simulation) by extensions ['colcon_meta']
[0.208s] Level 1:colcon.colcon_core.package_identification:_identify(src/cori_simulation) by extension 'colcon_meta'
[0.208s] Level 1:colcon.colcon_core.package_identification:_identify(src/cori_simulation) by extensions ['ros']
[0.208s] Level 1:colcon.colcon_core.package_identification:_identify(src/cori_simulation) by extension 'ros'
[0.209s] DEBUG:colcon.colcon_core.package_identification:Package 'src/cori_simulation' with type 'ros.ament_python' and name 'cori_simulation'
[0.209s] Level 1:colcon.colcon_core.package_identification:_identify(src/cori_tools) by extensions ['ignore', 'ignore_ament_install']
[0.209s] Level 1:colcon.colcon_core.package_identification:_identify(src/cori_tools) by extension 'ignore'
[0.209s] Level 1:colcon.colcon_core.package_identification:_identify(src/cori_tools) by extension 'ignore_ament_install'
[0.209s] Level 1:colcon.colcon_core.package_identification:_identify(src/cori_tools) by extensions ['colcon_pkg']
[0.209s] Level 1:colcon.colcon_core.package_identification:_identify(src/cori_tools) by extension 'colcon_pkg'
[0.209s] Level 1:colcon.colcon_core.package_identification:_identify(src/cori_tools) by extensions ['colcon_meta']
[0.209s] Level 1:colcon.colcon_core.package_identification:_identify(src/cori_tools) by extension 'colcon_meta'
[0.209s] Level 1:colcon.colcon_core.package_identification:_identify(src/cori_tools) by extensions ['ros']
[0.209s] Level 1:colcon.colcon_core.package_identification:_identify(src/cori_tools) by extension 'ros'
[0.209s] DEBUG:colcon.colcon_core.package_identification:Package 'src/cori_tools' with type 'ros.ament_python' and name 'cori_tools'
[0.209s] Level 1:colcon.colcon_core.package_identification:_identify(src/cori_vision) by extensions ['ignore', 'ignore_ament_install']
[0.209s] Level 1:colcon.colcon_core.package_identification:_identify(src/cori_vision) by extension 'ignore'
[0.209s] Level 1:colcon.colcon_core.package_identification:_identify(src/cori_vision) by extension 'ignore_ament_install'
[0.209s] Level 1:colcon.colcon_core.package_identification:_identify(src/cori_vision) by extensions ['colcon_pkg']
[0.209s] Level 1:colcon.colcon_core.package_identification:_identify(src/cori_vision) by extension 'colcon_pkg'
[0.209s] Level 1:colcon.colcon_core.package_identification:_identify(src/cori_vision) by extensions ['colcon_meta']
[0.209s] Level 1:colcon.colcon_core.package_identification:_identify(src/cori_vision) by extension 'colcon_meta'
[0.210s] Level 1:colcon.colcon_core.package_identification:_identify(src/cori_vision) by extensions ['ros']
[0.210s] Level 1:colcon.colcon_core.package_identification:_identify(src/cori_vision) by extension 'ros'
[0.210s] DEBUG:colcon.colcon_core.package_identification:Package 'src/cori_vision' with type 'ros.ament_python' and name 'cori_vision'
[0.210s] Level 1:colcon.colcon_core.package_discovery:discover_packages(recursive) using defaults
[0.210s] Level 1:colcon.colcon_core.package_discovery:discover_packages(ignore) discover
[0.210s] Level 1:colcon.colcon_core.package_discovery:discover_packages(ignore) using defaults
[0.210s] Level 1:colcon.colcon_core.package_discovery:discover_packages(path) discover
[0.210s] Level 1:colcon.colcon_core.package_discovery:discover_packages(path) using defaults
[0.210s] WARNING:colcon.colcon_core.package_selection:ignoring unknown package 'cori_cv' in --packages-select
[0.231s] INFO:colcon.colcon_core.package_selection:Skipping not selected package 'cori_control' in 'src/cori_control'
[0.231s] INFO:colcon.colcon_core.package_selection:Skipping not selected package 'cori_core' in 'src/cori_core'
[0.231s] INFO:colcon.colcon_core.package_selection:Skipping not selected package 'cori_gui' in 'src/cori_gui'
[0.231s] INFO:colcon.colcon_core.package_selection:Skipping not selected package 'cori_tools' in 'src/cori_tools'
[0.231s] INFO:colcon.colcon_core.package_selection:Skipping not selected package 'cori_vision' in 'src/cori_vision'
[0.231s] INFO:colcon.colcon_core.package_selection:Skipping not selected package 'cori_simulation' in 'src/cori_simulation'
[0.231s] Level 1:colcon.colcon_core.package_discovery:discover_packages(prefix_path) check parameters
[0.231s] Level 1:colcon.colcon_core.package_discovery:discover_packages(prefix_path) discover
[0.233s] DEBUG:colcon.colcon_installed_package_information.package_discovery:Found 338 installed packages in /opt/ros/humble
[0.235s] Level 1:colcon.colcon_core.package_discovery:discover_packages(prefix_path) using defaults
[0.265s] Level 5:colcon.colcon_core.verb:set package 'cori_description' build argument 'cmake_args' from command line to 'None'
[0.266s] Level 5:colcon.colcon_core.verb:set package 'cori_description' build argument 'cmake_target' from command line to 'None'
[0.266s] Level 5:colcon.colcon_core.verb:set package 'cori_description' build argument 'cmake_target_skip_unavailable' from command line to 'False'
[0.266s] Level 5:colcon.colcon_core.verb:set package 'cori_description' build argument 'cmake_clean_cache' from command line to 'False'
[0.266s] Level 5:colcon.colcon_core.verb:set package 'cori_description' build argument 'cmake_clean_first' from command line to 'False'
[0.266s] Level 5:colcon.colcon_core.verb:set package 'cori_description' build argument 'cmake_force_configure' from command line to 'False'
[0.266s] Level 5:colcon.colcon_core.verb:set package 'cori_description' build argument 'ament_cmake_args' from command line to 'None'
[0.266s] Level 5:colcon.colcon_core.verb:set package 'cori_description' build argument 'catkin_cmake_args' from command line to 'None'
[0.266s] Level 5:colcon.colcon_core.verb:set package 'cori_description' build argument 'catkin_skip_building_tests' from command line to 'False'
[0.266s] DEBUG:colcon.colcon_core.verb:Building package 'cori_description' with the following arguments: {'ament_cmake_args': None, 'build_base': '/home/juptegraph/Workspaces/Robotics/Projects/CORI/cori_ws/build/cori_description', 'catkin_cmake_args': None, 'catkin_skip_building_tests': False, 'cmake_args': None, 'cmake_clean_cache': False, 'cmake_clean_first': False, 'cmake_force_configure': False, 'cmake_target': None, 'cmake_target_skip_unavailable': False, 'install_base': '/home/juptegraph/Workspaces/Robotics/Projects/CORI/cori_ws/install/cori_description', 'merge_install': False, 'path': '/home/juptegraph/Workspaces/Robotics/Projects/CORI/cori_ws/src/cori_description', 'symlink_install': False, 'test_result_base': None}
[0.266s] INFO:colcon.colcon_core.executor:Executing jobs using 'parallel' executor
[0.266s] DEBUG:colcon.colcon_parallel_executor.executor.parallel:run_until_complete
[0.267s] INFO:colcon.colcon_ros.task.ament_cmake.build:Building ROS package in '/home/juptegraph/Workspaces/Robotics/Projects/CORI/cori_ws/src/cori_description' with build type 'ament_cmake'
[0.267s] INFO:colcon.colcon_cmake.task.cmake.build:Building CMake package in '/home/juptegraph/Workspaces/Robotics/Projects/CORI/cori_ws/src/cori_description'
[0.268s] INFO:colcon.colcon_core.plugin_system:Skipping extension 'colcon_core.shell.bat': Not used on non-Windows systems
[0.268s] INFO:colcon.colcon_core.shell:Skip shell extension 'powershell' for command environment: Not usable outside of PowerShell
[0.268s] DEBUG:colcon.colcon_core.shell:Skip shell extension 'dsv' for command environment
[0.273s] DEBUG:colcon.colcon_core.event_handler.log_command:Invoking command in '/home/juptegraph/Workspaces/Robotics/Projects/CORI/cori_ws/build/cori_description': CMAKE_PREFIX_PATH=/opt/ros/humble /usr/bin/cmake /home/juptegraph/Workspaces/Robotics/Projects/CORI/cori_ws/src/cori_description -DCMAKE_INSTALL_PREFIX=/home/juptegraph/Workspaces/Robotics/Projects/CORI/cori_ws/install/cori_description
[0.732s] DEBUG:colcon.colcon_core.event_handler.log_command:Invoked command in '/home/juptegraph/Workspaces/Robotics/Projects/CORI/cori_ws/build/cori_description' returned '0': CMAKE_PREFIX_PATH=/opt/ros/humble /usr/bin/cmake /home/juptegraph/Workspaces/Robotics/Projects/CORI/cori_ws/src/cori_description -DCMAKE_INSTALL_PREFIX=/home/juptegraph/Workspaces/Robotics/Projects/CORI/cori_ws/install/cori_description
[0.734s] DEBUG:colcon.colcon_core.event_handler.log_command:Invoking command in '/home/juptegraph/Workspaces/Robotics/Projects/CORI/cori_ws/build/cori_description': CMAKE_PREFIX_PATH=/opt/ros/humble /usr/bin/cmake --build /home/juptegraph/Workspaces/Robotics/Projects/CORI/cori_ws/build/cori_description -- -j20 -l20
[0.764s] DEBUG:colcon.colcon_core.event_handler.log_command:Invoked command in '/home/juptegraph/Workspaces/Robotics/Projects/CORI/cori_ws/build/cori_description' returned '0': CMAKE_PREFIX_PATH=/opt/ros/humble /usr/bin/cmake --build /home/juptegraph/Workspaces/Robotics/Projects/CORI/cori_ws/build/cori_description -- -j20 -l20
[0.772s] DEBUG:colcon.colcon_core.event_handler.log_command:Invoking command in '/home/juptegraph/Workspaces/Robotics/Projects/CORI/cori_ws/build/cori_description': CMAKE_PREFIX_PATH=/opt/ros/humble /usr/bin/cmake --install /home/juptegraph/Workspaces/Robotics/Projects/CORI/cori_ws/build/cori_description
[0.801s] Level 1:colcon.colcon_core.environment:create_environment_scripts_only(cori_description)
[0.802s] Level 1:colcon.colcon_core.environment:checking '/home/juptegraph/Workspaces/Robotics/Projects/CORI/cori_ws/install/cori_description' for CMake module files
[0.803s] DEBUG:colcon.colcon_core.event_handler.log_command:Invoked command in '/home/juptegraph/Workspaces/Robotics/Projects/CORI/cori_ws/build/cori_description' returned '0': CMAKE_PREFIX_PATH=/opt/ros/humble /usr/bin/cmake --install /home/juptegraph/Workspaces/Robotics/Projects/CORI/cori_ws/build/cori_description
[0.803s] Level 1:colcon.colcon_core.environment:checking '/home/juptegraph/Workspaces/Robotics/Projects/CORI/cori_ws/install/cori_description' for CMake config files
[0.804s] Level 1:colcon.colcon_core.shell:create_environment_hook('cori_description', 'cmake_prefix_path')
[0.804s] INFO:colcon.colcon_core.shell:Creating environment hook '/home/juptegraph/Workspaces/Robotics/Projects/CORI/cori_ws/install/cori_description/share/cori_description/hook/cmake_prefix_path.ps1'
[0.804s] INFO:colcon.colcon_core.shell:Creating environment descriptor '/home/juptegraph/Workspaces/Robotics/Projects/CORI/cori_ws/install/cori_description/share/cori_description/hook/cmake_prefix_path.dsv'
[0.805s] INFO:colcon.colcon_core.shell:Creating environment hook '/home/juptegraph/Workspaces/Robotics/Projects/CORI/cori_ws/install/cori_description/share/cori_description/hook/cmake_prefix_path.sh'
[0.805s] Level 1:colcon.colcon_core.environment:checking '/home/juptegraph/Workspaces/Robotics/Projects/CORI/cori_ws/install/cori_description/bin'
[0.805s] Level 1:colcon.colcon_core.environment:checking '/home/juptegraph/Workspaces/Robotics/Projects/CORI/cori_ws/install/cori_description/lib/pkgconfig/cori_description.pc'
[0.806s] Level 1:colcon.colcon_core.environment:checking '/home/juptegraph/Workspaces/Robotics/Projects/CORI/cori_ws/install/cori_description/lib/python3.10/site-packages'
[0.806s] Level 1:colcon.colcon_core.environment:checking '/home/juptegraph/Workspaces/Robotics/Projects/CORI/cori_ws/install/cori_description/bin'
[0.806s] INFO:colcon.colcon_core.shell:Creating package script '/home/juptegraph/Workspaces/Robotics/Projects/CORI/cori_ws/install/cori_description/share/cori_description/package.ps1'
[0.807s] INFO:colcon.colcon_core.shell:Creating package descriptor '/home/juptegraph/Workspaces/Robotics/Projects/CORI/cori_ws/install/cori_description/share/cori_description/package.dsv'
[0.807s] INFO:colcon.colcon_core.shell:Creating package script '/home/juptegraph/Workspaces/Robotics/Projects/CORI/cori_ws/install/cori_description/share/cori_description/package.sh'
[0.808s] INFO:colcon.colcon_core.shell:Creating package script '/home/juptegraph/Workspaces/Robotics/Projects/CORI/cori_ws/install/cori_description/share/cori_description/package.bash'
[0.809s] INFO:colcon.colcon_core.shell:Creating package script '/home/juptegraph/Workspaces/Robotics/Projects/CORI/cori_ws/install/cori_description/share/cori_description/package.zsh'
[0.809s] Level 1:colcon.colcon_core.environment:create_file_with_runtime_dependencies(/home/juptegraph/Workspaces/Robotics/Projects/CORI/cori_ws/install/cori_description/share/colcon-core/packages/cori_description)
[0.810s] Level 1:colcon.colcon_core.environment:create_environment_scripts_only(cori_description)
[0.810s] Level 1:colcon.colcon_core.environment:checking '/home/juptegraph/Workspaces/Robotics/Projects/CORI/cori_ws/install/cori_description' for CMake module files
[0.811s] Level 1:colcon.colcon_core.environment:checking '/home/juptegraph/Workspaces/Robotics/Projects/CORI/cori_ws/install/cori_description' for CMake config files
[0.811s] Level 1:colcon.colcon_core.shell:create_environment_hook('cori_description', 'cmake_prefix_path')
[0.811s] INFO:colcon.colcon_core.shell:Creating environment hook '/home/juptegraph/Workspaces/Robotics/Projects/CORI/cori_ws/install/cori_description/share/cori_description/hook/cmake_prefix_path.ps1'
[0.811s] INFO:colcon.colcon_core.shell:Creating environment descriptor '/home/juptegraph/Workspaces/Robotics/Projects/CORI/cori_ws/install/cori_description/share/cori_description/hook/cmake_prefix_path.dsv'
[0.811s] INFO:colcon.colcon_core.shell:Creating environment hook '/home/juptegraph/Workspaces/Robotics/Projects/CORI/cori_ws/install/cori_description/share/cori_description/hook/cmake_prefix_path.sh'
[0.812s] Level 1:colcon.colcon_core.environment:checking '/home/juptegraph/Workspaces/Robotics/Projects/CORI/cori_ws/install/cori_description/bin'
[0.812s] Level 1:colcon.colcon_core.environment:checking '/home/juptegraph/Workspaces/Robotics/Projects/CORI/cori_ws/install/cori_description/lib/pkgconfig/cori_description.pc'
[0.812s] Level 1:colcon.colcon_core.environment:checking '/home/juptegraph/Workspaces/Robotics/Projects/CORI/cori_ws/install/cori_description/lib/python3.10/site-packages'
[0.812s] Level 1:colcon.colcon_core.environment:checking '/home/juptegraph/Workspaces/Robotics/Projects/CORI/cori_ws/install/cori_description/bin'
[0.812s] INFO:colcon.colcon_core.shell:Creating package script '/home/juptegraph/Workspaces/Robotics/Projects/CORI/cori_ws/install/cori_description/share/cori_description/package.ps1'
[0.813s] INFO:colcon.colcon_core.shell:Creating package descriptor '/home/juptegraph/Workspaces/Robotics/Projects/CORI/cori_ws/install/cori_description/share/cori_description/package.dsv'
[0.813s] INFO:colcon.colcon_core.shell:Creating package script '/home/juptegraph/Workspaces/Robotics/Projects/CORI/cori_ws/install/cori_description/share/cori_description/package.sh'
[0.813s] INFO:colcon.colcon_core.shell:Creating package script '/home/juptegraph/Workspaces/Robotics/Projects/CORI/cori_ws/install/cori_description/share/cori_description/package.bash'
[0.814s] INFO:colcon.colcon_core.shell:Creating package script '/home/juptegraph/Workspaces/Robotics/Projects/CORI/cori_ws/install/cori_description/share/cori_description/package.zsh'
[0.814s] Level 1:colcon.colcon_core.environment:create_file_with_runtime_dependencies(/home/juptegraph/Workspaces/Robotics/Projects/CORI/cori_ws/install/cori_description/share/colcon-core/packages/cori_description)
[0.814s] DEBUG:colcon.colcon_parallel_executor.executor.parallel:closing loop
[0.814s] DEBUG:colcon.colcon_parallel_executor.executor.parallel:loop closed
[0.814s] DEBUG:colcon.colcon_parallel_executor.executor.parallel:run_until_complete finished with '0'
[0.814s] DEBUG:colcon.colcon_core.event_reactor:joining thread
[0.819s] INFO:colcon.colcon_core.plugin_system:Skipping extension 'colcon_notification.desktop_notification.terminal_notifier': Not used on non-Darwin systems
[0.819s] INFO:colcon.colcon_core.plugin_system:Skipping extension 'colcon_notification.desktop_notification.win32': Not used on non-Windows systems
[0.819s] INFO:colcon.colcon_notification.desktop_notification:Sending desktop notification using 'notify2'
[0.827s] DEBUG:colcon.colcon_core.event_reactor:joined thread
[0.827s] INFO:colcon.colcon_core.shell:Creating prefix script '/home/juptegraph/Workspaces/Robotics/Projects/CORI/cori_ws/install/local_setup.ps1'
[0.828s] INFO:colcon.colcon_core.shell:Creating prefix util module '/home/juptegraph/Workspaces/Robotics/Projects/CORI/cori_ws/install/_local_setup_util_ps1.py'
[0.829s] INFO:colcon.colcon_core.shell:Creating prefix chain script '/home/juptegraph/Workspaces/Robotics/Projects/CORI/cori_ws/install/setup.ps1'
[0.830s] INFO:colcon.colcon_core.shell:Creating prefix script '/home/juptegraph/Workspaces/Robotics/Projects/CORI/cori_ws/install/local_setup.sh'
[0.830s] INFO:colcon.colcon_core.shell:Creating prefix util module '/home/juptegraph/Workspaces/Robotics/Projects/CORI/cori_ws/install/_local_setup_util_sh.py'
[0.830s] INFO:colcon.colcon_core.shell:Creating prefix chain script '/home/juptegraph/Workspaces/Robotics/Projects/CORI/cori_ws/install/setup.sh'
[0.831s] INFO:colcon.colcon_core.shell:Creating prefix script '/home/juptegraph/Workspaces/Robotics/Projects/CORI/cori_ws/install/local_setup.bash'
[0.831s] INFO:colcon.colcon_core.shell:Creating prefix chain script '/home/juptegraph/Workspaces/Robotics/Projects/CORI/cori_ws/install/setup.bash'
[0.832s] INFO:colcon.colcon_core.shell:Creating prefix script '/home/juptegraph/Workspaces/Robotics/Projects/CORI/cori_ws/install/local_setup.zsh'
[0.832s] INFO:colcon.colcon_core.shell:Creating prefix chain script '/home/juptegraph/Workspaces/Robotics/Projects/CORI/cori_ws/install/setup.zsh'
