[0.380s] Invoking command in '/home/juptegraph/Workspaces/Robotics/Projects/CORI/cori_ws/build/cori_cv': PYTHONPATH=/home/juptegraph/Workspaces/Robotics/Projects/CORI/cori_ws/build/cori_cv/prefix_override:/usr/lib/python3/dist-packages/colcon_core/task/python/colcon_distutils_commands:/home/juptegraph/Workspaces/Robotics/Projects/CORI/cori_ws/install/cori_cv/lib/python3.10/site-packages:${PYTHONPATH} /usr/bin/python3 -W ignore:setup.py install is deprecated -W ignore:easy_install command is deprecated setup.py develop --editable --build-directory /home/juptegraph/Workspaces/Robotics/Projects/CORI/cori_ws/build/cori_cv/build --no-deps symlink_data
[0.554s] running develop
[0.656s] running egg_info
[0.656s] creating cori_cv.egg-info
[0.656s] writing cori_cv.egg-info/PKG-INFO
[0.656s] writing dependency_links to cori_cv.egg-info/dependency_links.txt
[0.656s] writing entry points to cori_cv.egg-info/entry_points.txt
[0.656s] writing requirements to cori_cv.egg-info/requires.txt
[0.657s] writing top-level names to cori_cv.egg-info/top_level.txt
[0.657s] writing manifest file 'cori_cv.egg-info/SOURCES.txt'
[0.658s] reading manifest file 'cori_cv.egg-info/SOURCES.txt'
[0.658s] writing manifest file 'cori_cv.egg-info/SOURCES.txt'
[0.659s] running build_ext
[0.659s] Creating /home/juptegraph/Workspaces/Robotics/Projects/CORI/cori_ws/install/cori_cv/lib/python3.10/site-packages/cori-cv.egg-link (link to .)
[0.660s] 
[0.660s] Installed /home/juptegraph/Workspaces/Robotics/Projects/CORI/cori_ws/build/cori_cv
[0.660s] running symlink_data
[0.660s] creating /home/juptegraph/Workspaces/Robotics/Projects/CORI/cori_ws/install/cori_cv/share/ament_index
[0.660s] creating /home/juptegraph/Workspaces/Robotics/Projects/CORI/cori_ws/install/cori_cv/share/ament_index/resource_index
[0.660s] creating /home/juptegraph/Workspaces/Robotics/Projects/CORI/cori_ws/install/cori_cv/share/ament_index/resource_index/packages
[0.660s] symbolically linking /home/juptegraph/Workspaces/Robotics/Projects/CORI/cori_ws/build/cori_cv/resource/cori_cv -> /home/juptegraph/Workspaces/Robotics/Projects/CORI/cori_ws/install/cori_cv/share/ament_index/resource_index/packages
[0.660s] symbolically linking /home/juptegraph/Workspaces/Robotics/Projects/CORI/cori_ws/build/cori_cv/package.xml -> /home/juptegraph/Workspaces/Robotics/Projects/CORI/cori_ws/install/cori_cv/share/cori_cv
[0.679s] Invoked command in '/home/juptegraph/Workspaces/Robotics/Projects/CORI/cori_ws/build/cori_cv' returned '0': PYTHONPATH=/home/juptegraph/Workspaces/Robotics/Projects/CORI/cori_ws/build/cori_cv/prefix_override:/usr/lib/python3/dist-packages/colcon_core/task/python/colcon_distutils_commands:/home/juptegraph/Workspaces/Robotics/Projects/CORI/cori_ws/install/cori_cv/lib/python3.10/site-packages:${PYTHONPATH} /usr/bin/python3 -W ignore:setup.py install is deprecated -W ignore:easy_install command is deprecated setup.py develop --editable --build-directory /home/juptegraph/Workspaces/Robotics/Projects/CORI/cori_ws/build/cori_cv/build --no-deps symlink_data
