[0.409s] Invoking command in '/home/juptegraph/Workspaces/Robotics/Projects/CORI/cori_ws/src/cori_cv': PYTHONPATH=/home/juptegraph/Workspaces/Robotics/Projects/CORI/cori_ws/build/cori_cv/prefix_override:/usr/lib/python3/dist-packages/colcon_core/task/python/colcon_distutils_commands:/home/juptegraph/Workspaces/Robotics/Projects/CORI/cori_ws/install/cori_cv/lib/python3.10/site-packages:${PYTHONPATH} /usr/bin/python3 -W ignore:setup.py install is deprecated -W ignore:easy_install command is deprecated setup.py egg_info --egg-base ../../build/cori_cv build --build-base /home/juptegraph/Workspaces/Robotics/Projects/CORI/cori_ws/build/cori_cv/build install --record /home/juptegraph/Workspaces/Robotics/Projects/CORI/cori_ws/build/cori_cv/install.log --single-version-externally-managed install_data
[0.567s] running egg_info
[0.567s] writing ../../build/cori_cv/cori_cv.egg-info/PKG-INFO
[0.568s] writing dependency_links to ../../build/cori_cv/cori_cv.egg-info/dependency_links.txt
[0.568s] writing entry points to ../../build/cori_cv/cori_cv.egg-info/entry_points.txt
[0.568s] writing requirements to ../../build/cori_cv/cori_cv.egg-info/requires.txt
[0.568s] writing top-level names to ../../build/cori_cv/cori_cv.egg-info/top_level.txt
[0.568s] package init file 'cori_cv/__init__.py' not found (or not a regular file)
[0.568s] reading manifest file '../../build/cori_cv/cori_cv.egg-info/SOURCES.txt'
[0.569s] writing manifest file '../../build/cori_cv/cori_cv.egg-info/SOURCES.txt'
[0.569s] running build
[0.569s] running build_py
[0.569s] copying cori_cv/cori_simulator.py -> /home/juptegraph/Workspaces/Robotics/Projects/CORI/cori_ws/build/cori_cv/build/lib/cori_cv
[0.569s] copying cori_cv/cori_demo_display.py -> /home/juptegraph/Workspaces/Robotics/Projects/CORI/cori_ws/build/cori_cv/build/lib/cori_cv
[0.570s] copying cori_cv/cori_unified_demo.py -> /home/juptegraph/Workspaces/Robotics/Projects/CORI/cori_ws/build/cori_cv/build/lib/cori_cv
[0.570s] running install
[0.570s] running install_lib
[0.570s] copying /home/juptegraph/Workspaces/Robotics/Projects/CORI/cori_ws/build/cori_cv/build/lib/cori_cv/cori_simulator.py -> /home/juptegraph/Workspaces/Robotics/Projects/CORI/cori_ws/install/cori_cv/lib/python3.10/site-packages/cori_cv
[0.570s] copying /home/juptegraph/Workspaces/Robotics/Projects/CORI/cori_ws/build/cori_cv/build/lib/cori_cv/cori_demo_display.py -> /home/juptegraph/Workspaces/Robotics/Projects/CORI/cori_ws/install/cori_cv/lib/python3.10/site-packages/cori_cv
[0.571s] copying /home/juptegraph/Workspaces/Robotics/Projects/CORI/cori_ws/build/cori_cv/build/lib/cori_cv/cori_unified_demo.py -> /home/juptegraph/Workspaces/Robotics/Projects/CORI/cori_ws/install/cori_cv/lib/python3.10/site-packages/cori_cv
[0.571s] byte-compiling /home/juptegraph/Workspaces/Robotics/Projects/CORI/cori_ws/install/cori_cv/lib/python3.10/site-packages/cori_cv/cori_simulator.py to cori_simulator.cpython-310.pyc
[0.576s] byte-compiling /home/juptegraph/Workspaces/Robotics/Projects/CORI/cori_ws/install/cori_cv/lib/python3.10/site-packages/cori_cv/cori_demo_display.py to cori_demo_display.cpython-310.pyc
[0.577s] byte-compiling /home/juptegraph/Workspaces/Robotics/Projects/CORI/cori_ws/install/cori_cv/lib/python3.10/site-packages/cori_cv/cori_unified_demo.py to cori_unified_demo.cpython-310.pyc
[0.578s] running install_data
[0.578s] running install_egg_info
[0.580s] removing '/home/juptegraph/Workspaces/Robotics/Projects/CORI/cori_ws/install/cori_cv/lib/python3.10/site-packages/cori_cv-0.0.0-py3.10.egg-info' (and everything under it)
[0.580s] Copying ../../build/cori_cv/cori_cv.egg-info to /home/juptegraph/Workspaces/Robotics/Projects/CORI/cori_ws/install/cori_cv/lib/python3.10/site-packages/cori_cv-0.0.0-py3.10.egg-info
[0.580s] running install_scripts
[0.593s] Installing color_display script to /home/juptegraph/Workspaces/Robotics/Projects/CORI/cori_ws/install/cori_cv/lib/cori_cv
[0.594s] Installing laundry_color_detector script to /home/juptegraph/Workspaces/Robotics/Projects/CORI/cori_ws/install/cori_cv/lib/cori_cv
[0.594s] Installing object_detection script to /home/juptegraph/Workspaces/Robotics/Projects/CORI/cori_ws/install/cori_cv/lib/cori_cv
[0.594s] Installing simple_color_detector script to /home/juptegraph/Workspaces/Robotics/Projects/CORI/cori_ws/install/cori_cv/lib/cori_cv
[0.594s] writing list of installed files to '/home/juptegraph/Workspaces/Robotics/Projects/CORI/cori_ws/build/cori_cv/install.log'
[0.608s] Invoked command in '/home/juptegraph/Workspaces/Robotics/Projects/CORI/cori_ws/src/cori_cv' returned '0': PYTHONPATH=/home/juptegraph/Workspaces/Robotics/Projects/CORI/cori_ws/build/cori_cv/prefix_override:/usr/lib/python3/dist-packages/colcon_core/task/python/colcon_distutils_commands:/home/juptegraph/Workspaces/Robotics/Projects/CORI/cori_ws/install/cori_cv/lib/python3.10/site-packages:${PYTHONPATH} /usr/bin/python3 -W ignore:setup.py install is deprecated -W ignore:easy_install command is deprecated setup.py egg_info --egg-base ../../build/cori_cv build --build-base /home/juptegraph/Workspaces/Robotics/Projects/CORI/cori_ws/build/cori_cv/build install --record /home/juptegraph/Workspaces/Robotics/Projects/CORI/cori_ws/build/cori_cv/install.log --single-version-externally-managed install_data
