[0.397s] Invoking command in '/home/juptegraph/Workspaces/Robotics/Projects/CORI/cori_ws/build/cori_description': CMAKE_PREFIX_PATH=/opt/ros/humble /usr/bin/cmake /home/juptegraph/Workspaces/Robotics/Projects/CORI/cori_ws/src/cori_description -DCMAKE_INSTALL_PREFIX=/home/juptegraph/Workspaces/Robotics/Projects/CORI/cori_ws/install/cori_description
[0.791s] -- The C compiler identification is GNU 11.4.0
[0.791s] -- The CXX compiler identification is GNU 11.4.0
[0.792s] -- Detecting C compiler ABI info
[0.792s] -- Detecting C compiler ABI info - done
[0.792s] -- Check for working C compiler: /usr/bin/cc - skipped
[0.792s] -- Detecting C compile features
[0.792s] -- Detecting C compile features - done
[0.792s] -- Detecting CXX compiler ABI info
[0.792s] -- Detecting CXX compiler ABI info - done
[0.792s] -- Check for working CXX compiler: /usr/bin/c++ - skipped
[0.792s] -- Detecting CXX compile features
[0.792s] -- Detecting CXX compile features - done
[0.792s] -- Found ament_cmake: 1.3.11 (/opt/ros/humble/share/ament_cmake/cmake)
[0.792s] -- Found Python3: /usr/bin/python3 (found version "3.10.12") found components: Interpreter 
[0.833s] -- Found ament_lint_auto: 0.12.12 (/opt/ros/humble/share/ament_lint_auto/cmake)
[0.891s] -- Added test 'flake8' to check Python code syntax and style conventions
[0.891s] -- Added test 'lint_cmake' to check CMake code style
[0.892s] -- Added test 'pep257' to check Python code against some of the docstring style conventions in PEP 257
[0.894s] -- Added test 'xmllint' to check XML markup files
[0.895s] -- Configuring done
[0.896s] -- Generating done
[0.897s] -- Build files have been written to: /home/juptegraph/Workspaces/Robotics/Projects/CORI/cori_ws/build/cori_description
[0.997s] Invoked command in '/home/juptegraph/Workspaces/Robotics/Projects/CORI/cori_ws/build/cori_description' returned '0': CMAKE_PREFIX_PATH=/opt/ros/humble /usr/bin/cmake /home/juptegraph/Workspaces/Robotics/Projects/CORI/cori_ws/src/cori_description -DCMAKE_INSTALL_PREFIX=/home/juptegraph/Workspaces/Robotics/Projects/CORI/cori_ws/install/cori_description
[0.998s] Invoking command in '/home/juptegraph/Workspaces/Robotics/Projects/CORI/cori_ws/build/cori_description': CMAKE_PREFIX_PATH=/opt/ros/humble /usr/bin/cmake --build /home/juptegraph/Workspaces/Robotics/Projects/CORI/cori_ws/build/cori_description -- -j20 -l20
[1.057s] Invoked command in '/home/juptegraph/Workspaces/Robotics/Projects/CORI/cori_ws/build/cori_description' returned '0': CMAKE_PREFIX_PATH=/opt/ros/humble /usr/bin/cmake --build /home/juptegraph/Workspaces/Robotics/Projects/CORI/cori_ws/build/cori_description -- -j20 -l20
[1.068s] Invoking command in '/home/juptegraph/Workspaces/Robotics/Projects/CORI/cori_ws/build/cori_description': CMAKE_PREFIX_PATH=/opt/ros/humble /usr/bin/cmake --install /home/juptegraph/Workspaces/Robotics/Projects/CORI/cori_ws/build/cori_description
[1.074s] -- Install configuration: ""
[1.074s] -- Installing: /home/juptegraph/Workspaces/Robotics/Projects/CORI/cori_ws/install/cori_description/share/cori_description/meshes/
[1.074s] -- Installing: /home/juptegraph/Workspaces/Robotics/Projects/CORI/cori_ws/install/cori_description/share/cori_description/meshes//cori_body_v1.0
[1.075s] -- Installing: /home/juptegraph/Workspaces/Robotics/Projects/CORI/cori_ws/install/cori_description/share/cori_description/meshes//cori_body_v1.0/cori_pelvis.stl
[1.076s] -- Installing: /home/juptegraph/Workspaces/Robotics/Projects/CORI/cori_ws/install/cori_description/share/cori_description/meshes//cori_body_v1.0/cori_left_shin.stl
[1.076s] -- Installing: /home/juptegraph/Workspaces/Robotics/Projects/CORI/cori_ws/install/cori_description/share/cori_description/meshes//cori_body_v1.0/cori_right_foot.stl
[1.077s] -- Installing: /home/juptegraph/Workspaces/Robotics/Projects/CORI/cori_ws/install/cori_description/share/cori_description/meshes//cori_body_v1.0/cori_left_knee.stl
[1.077s] -- Installing: /home/juptegraph/Workspaces/Robotics/Projects/CORI/cori_ws/install/cori_description/share/cori_description/meshes//cori_body_v1.0/cori_left_forearm.stl
[1.078s] -- Installing: /home/juptegraph/Workspaces/Robotics/Projects/CORI/cori_ws/install/cori_description/share/cori_description/meshes//cori_body_v1.0/cori_left_thigh.stl
[1.079s] -- Installing: /home/juptegraph/Workspaces/Robotics/Projects/CORI/cori_ws/install/cori_description/share/cori_description/meshes//cori_body_v1.0/cori_right_hand.stl
[1.080s] -- Installing: /home/juptegraph/Workspaces/Robotics/Projects/CORI/cori_ws/install/cori_description/share/cori_description/meshes//cori_body_v1.0/cori_right_upper_arm.stl
[1.082s] -- Installing: /home/juptegraph/Workspaces/Robotics/Projects/CORI/cori_ws/install/cori_description/share/cori_description/meshes//cori_body_v1.0/cori_torso.stl
[1.087s] -- Installing: /home/juptegraph/Workspaces/Robotics/Projects/CORI/cori_ws/install/cori_description/share/cori_description/meshes//cori_body_v1.0/cori_right_forearm.stl
[1.088s] -- Installing: /home/juptegraph/Workspaces/Robotics/Projects/CORI/cori_ws/install/cori_description/share/cori_description/meshes//cori_body_v1.0/cori_right_knee.stl
[1.089s] -- Installing: /home/juptegraph/Workspaces/Robotics/Projects/CORI/cori_ws/install/cori_description/share/cori_description/meshes//cori_body_v1.0/cori_left_hand.stl
[1.090s] -- Installing: /home/juptegraph/Workspaces/Robotics/Projects/CORI/cori_ws/install/cori_description/share/cori_description/meshes//cori_body_v1.0/cori_right_shin.stl
[1.091s] -- Installing: /home/juptegraph/Workspaces/Robotics/Projects/CORI/cori_ws/install/cori_description/share/cori_description/meshes//cori_body_v1.0/cori_right_thigh.stl
[1.093s] -- Installing: /home/juptegraph/Workspaces/Robotics/Projects/CORI/cori_ws/install/cori_description/share/cori_description/meshes//cori_body_v1.0/cori_left_upper_arm.stl
[1.094s] -- Installing: /home/juptegraph/Workspaces/Robotics/Projects/CORI/cori_ws/install/cori_description/share/cori_description/meshes//cori_body_v1.0/cori_head.stl
[1.097s] -- Installing: /home/juptegraph/Workspaces/Robotics/Projects/CORI/cori_ws/install/cori_description/share/cori_description/meshes//cori_body_v1.0/cori_left_foot.stl
[1.099s] -- Installing: /home/juptegraph/Workspaces/Robotics/Projects/CORI/cori_ws/install/cori_description/share/cori_description/meshes//mesh archive
[1.099s] -- Installing: /home/juptegraph/Workspaces/Robotics/Projects/CORI/cori_ws/install/cori_description/share/cori_description/meshes//CORI_Solid.stl
[1.099s] -- Installing: /home/juptegraph/Workspaces/Robotics/Projects/CORI/cori_ws/install/cori_description/share/cori_description/launch
[1.099s] -- Installing: /home/juptegraph/Workspaces/Robotics/Projects/CORI/cori_ws/install/cori_description/share/cori_description/launch/display_rviz.launch.py
[1.100s] -- Installing: /home/juptegraph/Workspaces/Robotics/Projects/CORI/cori_ws/install/cori_description/share/cori_description/launch/spawn_cori_ignition.launch.py
[1.100s] -- Installing: /home/juptegraph/Workspaces/Robotics/Projects/CORI/cori_ws/install/cori_description/share/cori_description/launch/spawn_cori.launch.py
[1.100s] -- Up-to-date: /home/juptegraph/Workspaces/Robotics/Projects/CORI/cori_ws/install/cori_description/share/cori_description/meshes
[1.100s] -- Up-to-date: /home/juptegraph/Workspaces/Robotics/Projects/CORI/cori_ws/install/cori_description/share/cori_description/meshes/cori_body_v1.0
[1.100s] -- Up-to-date: /home/juptegraph/Workspaces/Robotics/Projects/CORI/cori_ws/install/cori_description/share/cori_description/meshes/cori_body_v1.0/cori_pelvis.stl
[1.100s] -- Up-to-date: /home/juptegraph/Workspaces/Robotics/Projects/CORI/cori_ws/install/cori_description/share/cori_description/meshes/cori_body_v1.0/cori_left_shin.stl
[1.100s] -- Up-to-date: /home/juptegraph/Workspaces/Robotics/Projects/CORI/cori_ws/install/cori_description/share/cori_description/meshes/cori_body_v1.0/cori_right_foot.stl
[1.100s] -- Up-to-date: /home/juptegraph/Workspaces/Robotics/Projects/CORI/cori_ws/install/cori_description/share/cori_description/meshes/cori_body_v1.0/cori_left_knee.stl
[1.101s] -- Up-to-date: /home/juptegraph/Workspaces/Robotics/Projects/CORI/cori_ws/install/cori_description/share/cori_description/meshes/cori_body_v1.0/cori_left_forearm.stl
[1.101s] -- Up-to-date: /home/juptegraph/Workspaces/Robotics/Projects/CORI/cori_ws/install/cori_description/share/cori_description/meshes/cori_body_v1.0/cori_left_thigh.stl
[1.101s] -- Up-to-date: /home/juptegraph/Workspaces/Robotics/Projects/CORI/cori_ws/install/cori_description/share/cori_description/meshes/cori_body_v1.0/cori_right_hand.stl
[1.101s] -- Up-to-date: /home/juptegraph/Workspaces/Robotics/Projects/CORI/cori_ws/install/cori_description/share/cori_description/meshes/cori_body_v1.0/cori_right_upper_arm.stl
[1.101s] -- Up-to-date: /home/juptegraph/Workspaces/Robotics/Projects/CORI/cori_ws/install/cori_description/share/cori_description/meshes/cori_body_v1.0/cori_torso.stl
[1.101s] -- Up-to-date: /home/juptegraph/Workspaces/Robotics/Projects/CORI/cori_ws/install/cori_description/share/cori_description/meshes/cori_body_v1.0/cori_right_forearm.stl
[1.101s] -- Up-to-date: /home/juptegraph/Workspaces/Robotics/Projects/CORI/cori_ws/install/cori_description/share/cori_description/meshes/cori_body_v1.0/cori_right_knee.stl
[1.101s] -- Up-to-date: /home/juptegraph/Workspaces/Robotics/Projects/CORI/cori_ws/install/cori_description/share/cori_description/meshes/cori_body_v1.0/cori_left_hand.stl
[1.101s] -- Up-to-date: /home/juptegraph/Workspaces/Robotics/Projects/CORI/cori_ws/install/cori_description/share/cori_description/meshes/cori_body_v1.0/cori_right_shin.stl
[1.101s] -- Up-to-date: /home/juptegraph/Workspaces/Robotics/Projects/CORI/cori_ws/install/cori_description/share/cori_description/meshes/cori_body_v1.0/cori_right_thigh.stl
[1.101s] -- Up-to-date: /home/juptegraph/Workspaces/Robotics/Projects/CORI/cori_ws/install/cori_description/share/cori_description/meshes/cori_body_v1.0/cori_left_upper_arm.stl
[1.101s] -- Up-to-date: /home/juptegraph/Workspaces/Robotics/Projects/CORI/cori_ws/install/cori_description/share/cori_description/meshes/cori_body_v1.0/cori_head.stl
[1.101s] -- Up-to-date: /home/juptegraph/Workspaces/Robotics/Projects/CORI/cori_ws/install/cori_description/share/cori_description/meshes/cori_body_v1.0/cori_left_foot.stl
[1.101s] -- Up-to-date: /home/juptegraph/Workspaces/Robotics/Projects/CORI/cori_ws/install/cori_description/share/cori_description/meshes/mesh archive
[1.101s] -- Up-to-date: /home/juptegraph/Workspaces/Robotics/Projects/CORI/cori_ws/install/cori_description/share/cori_description/meshes/CORI_Solid.stl
[1.101s] -- Installing: /home/juptegraph/Workspaces/Robotics/Projects/CORI/cori_ws/install/cori_description/share/cori_description/urdf
[1.101s] -- Installing: /home/juptegraph/Workspaces/Robotics/Projects/CORI/cori_ws/install/cori_description/share/cori_description/urdf/cori.urdf.xacro
[1.101s] -- Installing: /home/juptegraph/Workspaces/Robotics/Projects/CORI/cori_ws/install/cori_description/share/cori_description/worlds
[1.101s] -- Installing: /home/juptegraph/Workspaces/Robotics/Projects/CORI/cori_ws/install/cori_description/share/cori_description/worlds/laundry_world.sdf
[1.101s] -- Installing: /home/juptegraph/Workspaces/Robotics/Projects/CORI/cori_ws/install/cori_description/share/cori_description/worlds/simple_world.sdf
[1.101s] -- Installing: /home/juptegraph/Workspaces/Robotics/Projects/CORI/cori_ws/install/cori_description/share/ament_index/resource_index/package_run_dependencies/cori_description
[1.101s] -- Installing: /home/juptegraph/Workspaces/Robotics/Projects/CORI/cori_ws/install/cori_description/share/ament_index/resource_index/parent_prefix_path/cori_description
[1.102s] -- Installing: /home/juptegraph/Workspaces/Robotics/Projects/CORI/cori_ws/install/cori_description/share/cori_description/environment/ament_prefix_path.sh
[1.102s] -- Installing: /home/juptegraph/Workspaces/Robotics/Projects/CORI/cori_ws/install/cori_description/share/cori_description/environment/ament_prefix_path.dsv
[1.102s] -- Installing: /home/juptegraph/Workspaces/Robotics/Projects/CORI/cori_ws/install/cori_description/share/cori_description/environment/path.sh
[1.102s] -- Installing: /home/juptegraph/Workspaces/Robotics/Projects/CORI/cori_ws/install/cori_description/share/cori_description/environment/path.dsv
[1.103s] -- Installing: /home/juptegraph/Workspaces/Robotics/Projects/CORI/cori_ws/install/cori_description/share/cori_description/local_setup.bash
[1.104s] -- Installing: /home/juptegraph/Workspaces/Robotics/Projects/CORI/cori_ws/install/cori_description/share/cori_description/local_setup.sh
[1.104s] -- Installing: /home/juptegraph/Workspaces/Robotics/Projects/CORI/cori_ws/install/cori_description/share/cori_description/local_setup.zsh
[1.105s] -- Installing: /home/juptegraph/Workspaces/Robotics/Projects/CORI/cori_ws/install/cori_description/share/cori_description/local_setup.dsv
[1.105s] -- Installing: /home/juptegraph/Workspaces/Robotics/Projects/CORI/cori_ws/install/cori_description/share/cori_description/package.dsv
[1.105s] -- Installing: /home/juptegraph/Workspaces/Robotics/Projects/CORI/cori_ws/install/cori_description/share/ament_index/resource_index/packages/cori_description
[1.105s] -- Installing: /home/juptegraph/Workspaces/Robotics/Projects/CORI/cori_ws/install/cori_description/share/cori_description/cmake/cori_descriptionConfig.cmake
[1.105s] -- Installing: /home/juptegraph/Workspaces/Robotics/Projects/CORI/cori_ws/install/cori_description/share/cori_description/cmake/cori_descriptionConfig-version.cmake
[1.105s] -- Installing: /home/juptegraph/Workspaces/Robotics/Projects/CORI/cori_ws/install/cori_description/share/cori_description/package.xml
[1.113s] Invoked command in '/home/juptegraph/Workspaces/Robotics/Projects/CORI/cori_ws/build/cori_description' returned '0': CMAKE_PREFIX_PATH=/opt/ros/humble /usr/bin/cmake --install /home/juptegraph/Workspaces/Robotics/Projects/CORI/cori_ws/build/cori_description
