[0.007s] Invoking command in '/home/juptegraph/Workspaces/Robotics/Projects/CORI/cori_ws/build/cori_description': CMAKE_PREFIX_PATH=${CMAKE_PREFIX_PATH}:/home/juptegraph/Workspaces/Robotics/Projects/CORI/cori_ws/install/cori_cv:/opt/ros/humble /usr/bin/cmake /home/juptegraph/Workspaces/Robotics/Projects/CORI/cori_ws/src/cori_description -DAMENT_CMAKE_SYMLINK_INSTALL=1 -DCMAKE_INSTALL_PREFIX=/home/juptegraph/Workspaces/Robotics/Projects/CORI/cori_ws/install/cori_description
[0.016s] -- Found ament_cmake: 1.3.11 (/opt/ros/humble/share/ament_cmake/cmake)
[0.112s] -- Override CMake install command with custom implementation using symlinks instead of copying resources
[0.118s] -- Found ament_lint_auto: 0.12.12 (/opt/ros/humble/share/ament_lint_auto/cmake)
[0.168s] -- Added test 'flake8' to check Python code syntax and style conventions
[0.168s] -- Added test 'lint_cmake' to check CMake code style
[0.168s] -- Added test 'pep257' to check Python code against some of the docstring style conventions in PEP 257
[0.168s] -- Added test 'xmllint' to check XML markup files
[0.169s] -- Configuring done
[0.170s] -- Generating done
[0.171s] -- Build files have been written to: /home/juptegraph/Workspaces/Robotics/Projects/CORI/cori_ws/build/cori_description
[0.173s] Invoked command in '/home/juptegraph/Workspaces/Robotics/Projects/CORI/cori_ws/build/cori_description' returned '0': CMAKE_PREFIX_PATH=${CMAKE_PREFIX_PATH}:/home/juptegraph/Workspaces/Robotics/Projects/CORI/cori_ws/install/cori_cv:/opt/ros/humble /usr/bin/cmake /home/juptegraph/Workspaces/Robotics/Projects/CORI/cori_ws/src/cori_description -DAMENT_CMAKE_SYMLINK_INSTALL=1 -DCMAKE_INSTALL_PREFIX=/home/juptegraph/Workspaces/Robotics/Projects/CORI/cori_ws/install/cori_description
[0.174s] Invoking command in '/home/juptegraph/Workspaces/Robotics/Projects/CORI/cori_ws/build/cori_description': CMAKE_PREFIX_PATH=${CMAKE_PREFIX_PATH}:/home/juptegraph/Workspaces/Robotics/Projects/CORI/cori_ws/install/cori_cv:/opt/ros/humble /usr/bin/cmake --build /home/juptegraph/Workspaces/Robotics/Projects/CORI/cori_ws/build/cori_description -- -j20 -l20
[0.200s] Invoked command in '/home/juptegraph/Workspaces/Robotics/Projects/CORI/cori_ws/build/cori_description' returned '0': CMAKE_PREFIX_PATH=${CMAKE_PREFIX_PATH}:/home/juptegraph/Workspaces/Robotics/Projects/CORI/cori_ws/install/cori_cv:/opt/ros/humble /usr/bin/cmake --build /home/juptegraph/Workspaces/Robotics/Projects/CORI/cori_ws/build/cori_description -- -j20 -l20
[0.206s] Invoking command in '/home/juptegraph/Workspaces/Robotics/Projects/CORI/cori_ws/build/cori_description': CMAKE_PREFIX_PATH=${CMAKE_PREFIX_PATH}:/home/juptegraph/Workspaces/Robotics/Projects/CORI/cori_ws/install/cori_cv:/opt/ros/humble /usr/bin/cmake --install /home/juptegraph/Workspaces/Robotics/Projects/CORI/cori_ws/build/cori_description
[0.211s] -- Install configuration: ""
[0.211s] -- Execute custom install script
[0.213s] -- Symlinking: /home/juptegraph/Workspaces/Robotics/Projects/CORI/cori_ws/install/cori_description/share/cori_description//launch/spawn_cori.launch.py
[0.219s] -- Symlinking: /home/juptegraph/Workspaces/Robotics/Projects/CORI/cori_ws/install/cori_description/share/cori_description//urdf/cori.urdf.xacro
[0.225s] -- Symlinking: /home/juptegraph/Workspaces/Robotics/Projects/CORI/cori_ws/install/cori_description/share/cori_description//urdf/cori_bot.urdf.xacro
[0.230s] -- Symlinking: /home/juptegraph/Workspaces/Robotics/Projects/CORI/cori_ws/install/cori_description/share/cori_description//worlds/simple_world.sdf
[0.235s] -- Symlinking: /home/juptegraph/Workspaces/Robotics/Projects/CORI/cori_ws/install/cori_description/share/ament_index/resource_index/package_run_dependencies/cori_description
[0.242s] -- Symlinking: /home/juptegraph/Workspaces/Robotics/Projects/CORI/cori_ws/install/cori_description/share/ament_index/resource_index/parent_prefix_path/cori_description
[0.248s] -- Symlinking: /home/juptegraph/Workspaces/Robotics/Projects/CORI/cori_ws/install/cori_description/share/cori_description/environment/ament_prefix_path.sh
[0.256s] -- Symlinking: /home/juptegraph/Workspaces/Robotics/Projects/CORI/cori_ws/install/cori_description/share/cori_description/environment/ament_prefix_path.dsv
[0.261s] -- Symlinking: /home/juptegraph/Workspaces/Robotics/Projects/CORI/cori_ws/install/cori_description/share/cori_description/environment/path.sh
[0.265s] -- Symlinking: /home/juptegraph/Workspaces/Robotics/Projects/CORI/cori_ws/install/cori_description/share/cori_description/environment/path.dsv
[0.270s] -- Symlinking: /home/juptegraph/Workspaces/Robotics/Projects/CORI/cori_ws/install/cori_description/share/cori_description/local_setup.bash
[0.274s] -- Symlinking: /home/juptegraph/Workspaces/Robotics/Projects/CORI/cori_ws/install/cori_description/share/cori_description/local_setup.sh
[0.279s] -- Symlinking: /home/juptegraph/Workspaces/Robotics/Projects/CORI/cori_ws/install/cori_description/share/cori_description/local_setup.zsh
[0.283s] -- Symlinking: /home/juptegraph/Workspaces/Robotics/Projects/CORI/cori_ws/install/cori_description/share/cori_description/local_setup.dsv
[0.287s] -- Symlinking: /home/juptegraph/Workspaces/Robotics/Projects/CORI/cori_ws/install/cori_description/share/cori_description/package.dsv
[0.293s] -- Symlinking: /home/juptegraph/Workspaces/Robotics/Projects/CORI/cori_ws/install/cori_description/share/ament_index/resource_index/packages/cori_description
[0.297s] -- Symlinking: /home/juptegraph/Workspaces/Robotics/Projects/CORI/cori_ws/install/cori_description/share/cori_description/cmake/cori_descriptionConfig.cmake
[0.301s] -- Symlinking: /home/juptegraph/Workspaces/Robotics/Projects/CORI/cori_ws/install/cori_description/share/cori_description/cmake/cori_descriptionConfig-version.cmake
[0.306s] -- Symlinking: /home/juptegraph/Workspaces/Robotics/Projects/CORI/cori_ws/install/cori_description/share/cori_description/package.xml
[0.316s] Invoked command in '/home/juptegraph/Workspaces/Robotics/Projects/CORI/cori_ws/build/cori_description' returned '0': CMAKE_PREFIX_PATH=${CMAKE_PREFIX_PATH}:/home/juptegraph/Workspaces/Robotics/Projects/CORI/cori_ws/install/cori_cv:/opt/ros/humble /usr/bin/cmake --install /home/juptegraph/Workspaces/Robotics/Projects/CORI/cori_ws/build/cori_description
