[0.368s] Invoking command in '/home/juptegraph/Workspaces/Robotics/Projects/CORI/cori_ws/src/cori_cv': PYTHONPATH=/home/juptegraph/Workspaces/Robotics/Projects/CORI/cori_ws/build/cori_cv/prefix_override:/usr/lib/python3/dist-packages/colcon_core/task/python/colcon_distutils_commands:/home/juptegraph/Workspaces/Robotics/Projects/CORI/cori_ws/install/cori_cv/lib/python3.10/site-packages:${PYTHONPATH} /usr/bin/python3 -W ignore:setup.py install is deprecated -W ignore:easy_install command is deprecated setup.py egg_info --egg-base ../../build/cori_cv build --build-base /home/juptegraph/Workspaces/Robotics/Projects/CORI/cori_ws/build/cori_cv/build install --record /home/juptegraph/Workspaces/Robotics/Projects/CORI/cori_ws/build/cori_cv/install.log --single-version-externally-managed install_data
[0.508s] running egg_info
[0.508s] writing ../../build/cori_cv/cori_cv.egg-info/PKG-INFO
[0.508s] writing dependency_links to ../../build/cori_cv/cori_cv.egg-info/dependency_links.txt
[0.508s] writing entry points to ../../build/cori_cv/cori_cv.egg-info/entry_points.txt
[0.508s] writing requirements to ../../build/cori_cv/cori_cv.egg-info/requires.txt
[0.508s] writing top-level names to ../../build/cori_cv/cori_cv.egg-info/top_level.txt
[0.509s] reading manifest file '../../build/cori_cv/cori_cv.egg-info/SOURCES.txt'
[0.510s] writing manifest file '../../build/cori_cv/cori_cv.egg-info/SOURCES.txt'
[0.510s] running build
[0.510s] running build_py
[0.510s] running install
[0.510s] running install_lib
[0.511s] running install_data
[0.511s] copying launch/laundry_color_detector.launch.py -> /home/juptegraph/Workspaces/Robotics/Projects/CORI/cori_ws/install/cori_cv/share/cori_cv/launch
[0.511s] running install_egg_info
[0.513s] removing '/home/juptegraph/Workspaces/Robotics/Projects/CORI/cori_ws/install/cori_cv/lib/python3.10/site-packages/cori_cv-0.0.0-py3.10.egg-info' (and everything under it)
[0.513s] Copying ../../build/cori_cv/cori_cv.egg-info to /home/juptegraph/Workspaces/Robotics/Projects/CORI/cori_ws/install/cori_cv/lib/python3.10/site-packages/cori_cv-0.0.0-py3.10.egg-info
[0.513s] running install_scripts
[0.528s] Installing laundry_color_detector script to /home/juptegraph/Workspaces/Robotics/Projects/CORI/cori_ws/install/cori_cv/lib/cori_cv
[0.528s] writing list of installed files to '/home/juptegraph/Workspaces/Robotics/Projects/CORI/cori_ws/build/cori_cv/install.log'
[0.542s] Invoked command in '/home/juptegraph/Workspaces/Robotics/Projects/CORI/cori_ws/src/cori_cv' returned '0': PYTHONPATH=/home/juptegraph/Workspaces/Robotics/Projects/CORI/cori_ws/build/cori_cv/prefix_override:/usr/lib/python3/dist-packages/colcon_core/task/python/colcon_distutils_commands:/home/juptegraph/Workspaces/Robotics/Projects/CORI/cori_ws/install/cori_cv/lib/python3.10/site-packages:${PYTHONPATH} /usr/bin/python3 -W ignore:setup.py install is deprecated -W ignore:easy_install command is deprecated setup.py egg_info --egg-base ../../build/cori_cv build --build-base /home/juptegraph/Workspaces/Robotics/Projects/CORI/cori_ws/build/cori_cv/build install --record /home/juptegraph/Workspaces/Robotics/Projects/CORI/cori_ws/build/cori_cv/install.log --single-version-externally-managed install_data
