running egg_info
writing ../../build/cori_vision/cori_vision.egg-info/PKG-INFO
writing dependency_links to ../../build/cori_vision/cori_vision.egg-info/dependency_links.txt
writing entry points to ../../build/cori_vision/cori_vision.egg-info/entry_points.txt
writing requirements to ../../build/cori_vision/cori_vision.egg-info/requires.txt
writing top-level names to ../../build/cori_vision/cori_vision.egg-info/top_level.txt
reading manifest file '../../build/cori_vision/cori_vision.egg-info/SOURCES.txt'
writing manifest file '../../build/cori_vision/cori_vision.egg-info/SOURCES.txt'
running build
running build_py
copying cori_vision/laundry_color_detector.py -> /home/juptegraph/Workspaces/Robotics/Projects/CORI/cori_ws/build/cori_vision/build/lib/cori_vision
running install
running install_lib
copying /home/juptegraph/Workspaces/Robotics/Projects/CORI/cori_ws/build/cori_vision/build/lib/cori_vision/laundry_color_detector.py -> /home/juptegraph/Workspaces/Robotics/Projects/CORI/cori_ws/install/cori_vision/lib/python3.10/site-packages/cori_vision
byte-compiling /home/juptegraph/Workspaces/Robotics/Projects/CORI/cori_ws/install/cori_vision/lib/python3.10/site-packages/cori_vision/laundry_color_detector.py to laundry_color_detector.cpython-310.pyc
running install_data
running install_egg_info
removing '/home/juptegraph/Workspaces/Robotics/Projects/CORI/cori_ws/install/cori_vision/lib/python3.10/site-packages/cori_vision-1.0.0-py3.10.egg-info' (and everything under it)
Copying ../../build/cori_vision/cori_vision.egg-info to /home/juptegraph/Workspaces/Robotics/Projects/CORI/cori_ws/install/cori_vision/lib/python3.10/site-packages/cori_vision-1.0.0-py3.10.egg-info
running install_scripts
Installing laundry_color_detector script to /home/juptegraph/Workspaces/Robotics/Projects/CORI/cori_ws/install/cori_vision/bin
Installing object_detection script to /home/juptegraph/Workspaces/Robotics/Projects/CORI/cori_ws/install/cori_vision/bin
Installing simple_color_detector script to /home/juptegraph/Workspaces/Robotics/Projects/CORI/cori_ws/install/cori_vision/bin
writing list of installed files to '/home/juptegraph/Workspaces/Robotics/Projects/CORI/cori_ws/build/cori_vision/install.log'
