[0.418s] Invoking command in '/home/juptegraph/Workspaces/Robotics/Projects/CORI/cori_ws/build/cori_cv': PYTHONPATH=/home/juptegraph/Workspaces/Robotics/Projects/CORI/cori_ws/build/cori_cv/prefix_override:/usr/lib/python3/dist-packages/colcon_core/task/python/colcon_distutils_commands:/home/juptegraph/Workspaces/Robotics/Projects/CORI/cori_ws/install/cori_cv/lib/python3.10/site-packages:${PYTHONPATH} /usr/bin/python3 -W ignore:setup.py install is deprecated -W ignore:easy_install command is deprecated setup.py develop --uninstall --editable --build-directory /home/juptegraph/Workspaces/Robotics/Projects/CORI/cori_ws/build/cori_cv/build
[0.559s] running develop
[0.652s] Removing /home/juptegraph/Workspaces/Robotics/Projects/CORI/cori_ws/install/cori_cv/lib/python3.10/site-packages/cori-cv.egg-link (link to .)
[0.667s] Invoked command in '/home/juptegraph/Workspaces/Robotics/Projects/CORI/cori_ws/build/cori_cv' returned '0': PYTHONPATH=/home/juptegraph/Workspaces/Robotics/Projects/CORI/cori_ws/build/cori_cv/prefix_override:/usr/lib/python3/dist-packages/colcon_core/task/python/colcon_distutils_commands:/home/juptegraph/Workspaces/Robotics/Projects/CORI/cori_ws/install/cori_cv/lib/python3.10/site-packages:${PYTHONPATH} /usr/bin/python3 -W ignore:setup.py install is deprecated -W ignore:easy_install command is deprecated setup.py develop --uninstall --editable --build-directory /home/juptegraph/Workspaces/Robotics/Projects/CORI/cori_ws/build/cori_cv/build
[0.668s] Invoking command in '/home/juptegraph/Workspaces/Robotics/Projects/CORI/cori_ws/src/cori_cv': PYTHONPATH=/home/juptegraph/Workspaces/Robotics/Projects/CORI/cori_ws/build/cori_cv/prefix_override:/usr/lib/python3/dist-packages/colcon_core/task/python/colcon_distutils_commands:/home/juptegraph/Workspaces/Robotics/Projects/CORI/cori_ws/install/cori_cv/lib/python3.10/site-packages:${PYTHONPATH} /usr/bin/python3 -W ignore:setup.py install is deprecated -W ignore:easy_install command is deprecated setup.py egg_info --egg-base ../../build/cori_cv build --build-base /home/juptegraph/Workspaces/Robotics/Projects/CORI/cori_ws/build/cori_cv/build install --record /home/juptegraph/Workspaces/Robotics/Projects/CORI/cori_ws/build/cori_cv/install.log --single-version-externally-managed install_data --force
[0.799s] running egg_info
[0.799s] writing ../../build/cori_cv/cori_cv.egg-info/PKG-INFO
[0.799s] writing dependency_links to ../../build/cori_cv/cori_cv.egg-info/dependency_links.txt
[0.799s] writing entry points to ../../build/cori_cv/cori_cv.egg-info/entry_points.txt
[0.799s] writing requirements to ../../build/cori_cv/cori_cv.egg-info/requires.txt
[0.799s] writing top-level names to ../../build/cori_cv/cori_cv.egg-info/top_level.txt
[0.800s] reading manifest file '../../build/cori_cv/cori_cv.egg-info/SOURCES.txt'
[0.810s] writing manifest file '../../build/cori_cv/cori_cv.egg-info/SOURCES.txt'
[0.810s] running build
[0.810s] running build_py
[0.810s] creating /home/juptegraph/Workspaces/Robotics/Projects/CORI/cori_ws/build/cori_cv/build
[0.810s] creating /home/juptegraph/Workspaces/Robotics/Projects/CORI/cori_ws/build/cori_cv/build/lib
[0.810s] creating /home/juptegraph/Workspaces/Robotics/Projects/CORI/cori_ws/build/cori_cv/build/lib/cori_cv
[0.810s] copying cori_cv/__init__.py -> /home/juptegraph/Workspaces/Robotics/Projects/CORI/cori_ws/build/cori_cv/build/lib/cori_cv
[0.810s] running install
[0.811s] running install_lib
[0.811s] creating /home/juptegraph/Workspaces/Robotics/Projects/CORI/cori_ws/install/cori_cv/lib/python3.10/site-packages/cori_cv
[0.811s] copying /home/juptegraph/Workspaces/Robotics/Projects/CORI/cori_ws/build/cori_cv/build/lib/cori_cv/__init__.py -> /home/juptegraph/Workspaces/Robotics/Projects/CORI/cori_ws/install/cori_cv/lib/python3.10/site-packages/cori_cv
[0.812s] byte-compiling /home/juptegraph/Workspaces/Robotics/Projects/CORI/cori_ws/install/cori_cv/lib/python3.10/site-packages/cori_cv/__init__.py to __init__.cpython-310.pyc
[0.812s] running install_data
[0.812s] copying resource/cori_cv -> /home/juptegraph/Workspaces/Robotics/Projects/CORI/cori_ws/install/cori_cv/share/ament_index/resource_index/packages
[0.813s] copying package.xml -> /home/juptegraph/Workspaces/Robotics/Projects/CORI/cori_ws/install/cori_cv/share/cori_cv
[0.813s] copying launch/laundry_color_detector.launch.py -> /home/juptegraph/Workspaces/Robotics/Projects/CORI/cori_ws/install/cori_cv/share/cori_cv/launch
[0.813s] running install_egg_info
[0.814s] Copying ../../build/cori_cv/cori_cv.egg-info to /home/juptegraph/Workspaces/Robotics/Projects/CORI/cori_ws/install/cori_cv/lib/python3.10/site-packages/cori_cv-0.0.0-py3.10.egg-info
[0.815s] running install_scripts
[0.827s] Installing laundry_color_detector script to /home/juptegraph/Workspaces/Robotics/Projects/CORI/cori_ws/install/cori_cv/lib/cori_cv
[0.827s] writing list of installed files to '/home/juptegraph/Workspaces/Robotics/Projects/CORI/cori_ws/build/cori_cv/install.log'
[0.842s] Invoked command in '/home/juptegraph/Workspaces/Robotics/Projects/CORI/cori_ws/src/cori_cv' returned '0': PYTHONPATH=/home/juptegraph/Workspaces/Robotics/Projects/CORI/cori_ws/build/cori_cv/prefix_override:/usr/lib/python3/dist-packages/colcon_core/task/python/colcon_distutils_commands:/home/juptegraph/Workspaces/Robotics/Projects/CORI/cori_ws/install/cori_cv/lib/python3.10/site-packages:${PYTHONPATH} /usr/bin/python3 -W ignore:setup.py install is deprecated -W ignore:easy_install command is deprecated setup.py egg_info --egg-base ../../build/cori_cv build --build-base /home/juptegraph/Workspaces/Robotics/Projects/CORI/cori_ws/build/cori_cv/build install --record /home/juptegraph/Workspaces/Robotics/Projects/CORI/cori_ws/build/cori_cv/install.log --single-version-externally-managed install_data --force
