running egg_info
creating ../build/laundry_bot/laundry_bot.egg-info
writing ../build/laundry_bot/laundry_bot.egg-info/PKG-INFO
writing dependency_links to ../build/laundry_bot/laundry_bot.egg-info/dependency_links.txt
writing entry points to ../build/laundry_bot/laundry_bot.egg-info/entry_points.txt
writing requirements to ../build/laundry_bot/laundry_bot.egg-info/requires.txt
writing top-level names to ../build/laundry_bot/laundry_bot.egg-info/top_level.txt
writing manifest file '../build/laundry_bot/laundry_bot.egg-info/SOURCES.txt'
reading manifest file '../build/laundry_bot/laundry_bot.egg-info/SOURCES.txt'
writing manifest file '../build/laundry_bot/laundry_bot.egg-info/SOURCES.txt'
running build
running build_py
creating /home/juptegraph/Workspaces/Robotics/Projects/CORI/laundry_ws/build/laundry_bot/build
creating /home/juptegraph/Workspaces/Robotics/Projects/CORI/laundry_ws/build/laundry_bot/build/lib
creating /home/juptegraph/Workspaces/Robotics/Projects/CORI/laundry_ws/build/laundry_bot/build/lib/laundry_bot
copying laundry_bot/__init__.py -> /home/juptegraph/Workspaces/Robotics/Projects/CORI/laundry_ws/build/laundry_bot/build/lib/laundry_bot
running install
running install_lib
creating /home/juptegraph/Workspaces/Robotics/Projects/CORI/laundry_ws/install/laundry_bot/lib/python3.10/site-packages/laundry_bot
copying /home/juptegraph/Workspaces/Robotics/Projects/CORI/laundry_ws/build/laundry_bot/build/lib/laundry_bot/__init__.py -> /home/juptegraph/Workspaces/Robotics/Projects/CORI/laundry_ws/install/laundry_bot/lib/python3.10/site-packages/laundry_bot
byte-compiling /home/juptegraph/Workspaces/Robotics/Projects/CORI/laundry_ws/install/laundry_bot/lib/python3.10/site-packages/laundry_bot/__init__.py to __init__.cpython-310.pyc
running install_data
creating /home/juptegraph/Workspaces/Robotics/Projects/CORI/laundry_ws/install/laundry_bot/share/ament_index
creating /home/juptegraph/Workspaces/Robotics/Projects/CORI/laundry_ws/install/laundry_bot/share/ament_index/resource_index
creating /home/juptegraph/Workspaces/Robotics/Projects/CORI/laundry_ws/install/laundry_bot/share/ament_index/resource_index/packages
copying resource/laundry_bot -> /home/juptegraph/Workspaces/Robotics/Projects/CORI/laundry_ws/install/laundry_bot/share/ament_index/resource_index/packages
copying package.xml -> /home/juptegraph/Workspaces/Robotics/Projects/CORI/laundry_ws/install/laundry_bot/share/laundry_bot
running install_egg_info
Copying ../build/laundry_bot/laundry_bot.egg-info to /home/juptegraph/Workspaces/Robotics/Projects/CORI/laundry_ws/install/laundry_bot/lib/python3.10/site-packages/laundry_bot-0.0.0-py3.10.egg-info
running install_scripts
writing list of installed files to '/home/juptegraph/Workspaces/Robotics/Projects/CORI/laundry_ws/build/laundry_bot/install.log'
