[0.414s] Invoking command in '/home/juptegraph/Workspaces/Robotics/Projects/CORI/laundry_ws/laundry_bot': PYTHONPATH=/home/juptegraph/Workspaces/Robotics/Projects/CORI/laundry_ws/build/laundry_bot/prefix_override:/usr/lib/python3/dist-packages/colcon_core/task/python/colcon_distutils_commands:/home/juptegraph/Workspaces/Robotics/Projects/CORI/laundry_ws/install/laundry_bot/lib/python3.10/site-packages:${PYTHONPATH} /usr/bin/python3 -W ignore:setup.py install is deprecated -W ignore:easy_install command is deprecated setup.py egg_info --egg-base ../build/laundry_bot build --build-base /home/juptegraph/Workspaces/Robotics/Projects/CORI/laundry_ws/build/laundry_bot/build install --record /home/juptegraph/Workspaces/Robotics/Projects/CORI/laundry_ws/build/laundry_bot/install.log --single-version-externally-managed install_data
[0.552s] running egg_info
[0.552s] creating ../build/laundry_bot/laundry_bot.egg-info
[0.552s] writing ../build/laundry_bot/laundry_bot.egg-info/PKG-INFO
[0.552s] writing dependency_links to ../build/laundry_bot/laundry_bot.egg-info/dependency_links.txt
[0.553s] writing entry points to ../build/laundry_bot/laundry_bot.egg-info/entry_points.txt
[0.553s] writing requirements to ../build/laundry_bot/laundry_bot.egg-info/requires.txt
[0.553s] writing top-level names to ../build/laundry_bot/laundry_bot.egg-info/top_level.txt
[0.553s] writing manifest file '../build/laundry_bot/laundry_bot.egg-info/SOURCES.txt'
[0.553s] reading manifest file '../build/laundry_bot/laundry_bot.egg-info/SOURCES.txt'
[0.554s] writing manifest file '../build/laundry_bot/laundry_bot.egg-info/SOURCES.txt'
[0.554s] running build
[0.554s] running build_py
[0.554s] creating /home/juptegraph/Workspaces/Robotics/Projects/CORI/laundry_ws/build/laundry_bot/build
[0.554s] creating /home/juptegraph/Workspaces/Robotics/Projects/CORI/laundry_ws/build/laundry_bot/build/lib
[0.554s] creating /home/juptegraph/Workspaces/Robotics/Projects/CORI/laundry_ws/build/laundry_bot/build/lib/laundry_bot
[0.554s] copying laundry_bot/__init__.py -> /home/juptegraph/Workspaces/Robotics/Projects/CORI/laundry_ws/build/laundry_bot/build/lib/laundry_bot
[0.554s] running install
[0.554s] running install_lib
[0.555s] creating /home/juptegraph/Workspaces/Robotics/Projects/CORI/laundry_ws/install/laundry_bot/lib/python3.10/site-packages/laundry_bot
[0.555s] copying /home/juptegraph/Workspaces/Robotics/Projects/CORI/laundry_ws/build/laundry_bot/build/lib/laundry_bot/__init__.py -> /home/juptegraph/Workspaces/Robotics/Projects/CORI/laundry_ws/install/laundry_bot/lib/python3.10/site-packages/laundry_bot
[0.555s] byte-compiling /home/juptegraph/Workspaces/Robotics/Projects/CORI/laundry_ws/install/laundry_bot/lib/python3.10/site-packages/laundry_bot/__init__.py to __init__.cpython-310.pyc
[0.555s] running install_data
[0.555s] creating /home/juptegraph/Workspaces/Robotics/Projects/CORI/laundry_ws/install/laundry_bot/share/ament_index
[0.555s] creating /home/juptegraph/Workspaces/Robotics/Projects/CORI/laundry_ws/install/laundry_bot/share/ament_index/resource_index
[0.555s] creating /home/juptegraph/Workspaces/Robotics/Projects/CORI/laundry_ws/install/laundry_bot/share/ament_index/resource_index/packages
[0.556s] copying resource/laundry_bot -> /home/juptegraph/Workspaces/Robotics/Projects/CORI/laundry_ws/install/laundry_bot/share/ament_index/resource_index/packages
[0.556s] copying package.xml -> /home/juptegraph/Workspaces/Robotics/Projects/CORI/laundry_ws/install/laundry_bot/share/laundry_bot
[0.556s] running install_egg_info
[0.556s] Copying ../build/laundry_bot/laundry_bot.egg-info to /home/juptegraph/Workspaces/Robotics/Projects/CORI/laundry_ws/install/laundry_bot/lib/python3.10/site-packages/laundry_bot-0.0.0-py3.10.egg-info
[0.557s] running install_scripts
[0.571s] writing list of installed files to '/home/juptegraph/Workspaces/Robotics/Projects/CORI/laundry_ws/build/laundry_bot/install.log'
[0.584s] Invoked command in '/home/juptegraph/Workspaces/Robotics/Projects/CORI/laundry_ws/laundry_bot' returned '0': PYTHONPATH=/home/juptegraph/Workspaces/Robotics/Projects/CORI/laundry_ws/build/laundry_bot/prefix_override:/usr/lib/python3/dist-packages/colcon_core/task/python/colcon_distutils_commands:/home/juptegraph/Workspaces/Robotics/Projects/CORI/laundry_ws/install/laundry_bot/lib/python3.10/site-packages:${PYTHONPATH} /usr/bin/python3 -W ignore:setup.py install is deprecated -W ignore:easy_install command is deprecated setup.py egg_info --egg-base ../build/laundry_bot build --build-base /home/juptegraph/Workspaces/Robotics/Projects/CORI/laundry_ws/build/laundry_bot/build install --record /home/juptegraph/Workspaces/Robotics/Projects/CORI/laundry_ws/build/laundry_bot/install.log --single-version-externally-managed install_data
