[0.059s] DEBUG:colcon:Command line arguments: ['/usr/bin/colcon', 'build', '--packages-select', 'cori_description', 'cori_vision', 'cori_control', 'cori_simulation', 'cori_core', 'cori_gui', 'cori_tools']
[0.059s] DEBUG:colcon:Parsed command line arguments: Namespace(log_base=None, log_level=None, verb_name='build', build_base='build', install_base='install', merge_install=False, symlink_install=False, test_result_base=None, continue_on_error=False, executor='parallel', parallel_workers=20, event_handlers=None, ignore_user_meta=False, metas=['./colcon.meta'], base_paths=['.'], packages_ignore=None, packages_ignore_regex=None, paths=None, packages_up_to=None, packages_up_to_regex=None, packages_above=None, packages_above_and_dependencies=None, packages_above_depth=None, packages_select_by_dep=None, packages_skip_by_dep=None, packages_skip_up_to=None, packages_select_build_failed=False, packages_skip_build_finished=False, packages_select_test_failures=False, packages_skip_test_passed=False, packages_select=['cori_description', 'cori_vision', 'cori_control', 'cori_simulation', 'cori_core', 'cori_gui', 'cori_tools'], packages_skip=None, packages_select_regex=None, packages_skip_regex=None, packages_start=None, packages_end=None, allow_overriding=[], cmake_args=None, cmake_target=None, cmake_target_skip_unavailable=False, cmake_clean_cache=False, cmake_clean_first=False, cmake_force_configure=False, ament_cmake_args=None, catkin_cmake_args=None, catkin_skip_building_tests=False, verb_parser=<colcon_defaults.argument_parser.defaults.DefaultArgumentsDecorator object at 0x7f1d7b464970>, verb_extension=<colcon_core.verb.build.BuildVerb object at 0x7f1d7b464190>, main=<bound method BuildVerb.main of <colcon_core.verb.build.BuildVerb object at 0x7f1d7b464190>>)
[0.147s] Level 1:colcon.colcon_core.package_discovery:discover_packages(colcon_meta) check parameters
[0.147s] Level 1:colcon.colcon_core.package_discovery:discover_packages(recursive) check parameters
[0.147s] Level 1:colcon.colcon_core.package_discovery:discover_packages(ignore) check parameters
[0.147s] Level 1:colcon.colcon_core.package_discovery:discover_packages(path) check parameters
[0.147s] Level 1:colcon.colcon_core.package_discovery:discover_packages(colcon_meta) discover
[0.147s] Level 1:colcon.colcon_core.package_discovery:discover_packages(recursive) discover
[0.147s] INFO:colcon.colcon_core.package_discovery:Crawling recursively for packages in '/home/juptegraph/Workspaces/Robotics/Projects/CORI/cori_ws'
[0.147s] Level 1:colcon.colcon_core.package_identification:_identify(.) by extensions ['ignore', 'ignore_ament_install']
[0.147s] Level 1:colcon.colcon_core.package_identification:_identify(.) by extension 'ignore'
[0.147s] Level 1:colcon.colcon_core.package_identification:_identify(.) by extension 'ignore_ament_install'
[0.147s] Level 1:colcon.colcon_core.package_identification:_identify(.) by extensions ['colcon_pkg']
[0.148s] Level 1:colcon.colcon_core.package_identification:_identify(.) by extension 'colcon_pkg'
[0.148s] Level 1:colcon.colcon_core.package_identification:_identify(.) by extensions ['colcon_meta']
[0.148s] Level 1:colcon.colcon_core.package_identification:_identify(.) by extension 'colcon_meta'
[0.148s] Level 1:colcon.colcon_core.package_identification:_identify(.) by extensions ['ros']
[0.148s] Level 1:colcon.colcon_core.package_identification:_identify(.) by extension 'ros'
[0.154s] Level 1:colcon.colcon_core.package_identification:_identify(.) by extensions ['cmake', 'python']
[0.154s] Level 1:colcon.colcon_core.package_identification:_identify(.) by extension 'cmake'
[0.154s] Level 1:colcon.colcon_core.package_identification:_identify(.) by extension 'python'
[0.154s] Level 1:colcon.colcon_core.package_identification:_identify(.) by extensions ['python_setup_py']
[0.154s] Level 1:colcon.colcon_core.package_identification:_identify(.) by extension 'python_setup_py'
[0.154s] Level 1:colcon.colcon_core.package_identification:_identify(build) by extensions ['ignore', 'ignore_ament_install']
[0.154s] Level 1:colcon.colcon_core.package_identification:_identify(build) by extension 'ignore'
[0.154s] Level 1:colcon.colcon_core.package_identification:_identify(build) ignored
[0.154s] Level 1:colcon.colcon_core.package_identification:_identify(install) by extensions ['ignore', 'ignore_ament_install']
[0.154s] Level 1:colcon.colcon_core.package_identification:_identify(install) by extension 'ignore'
[0.155s] Level 1:colcon.colcon_core.package_identification:_identify(install) ignored
[0.155s] Level 1:colcon.colcon_core.package_identification:_identify(log) by extensions ['ignore', 'ignore_ament_install']
[0.155s] Level 1:colcon.colcon_core.package_identification:_identify(log) by extension 'ignore'
[0.155s] Level 1:colcon.colcon_core.package_identification:_identify(log) ignored
[0.155s] Level 1:colcon.colcon_core.package_identification:_identify(shared) by extensions ['ignore', 'ignore_ament_install']
[0.155s] Level 1:colcon.colcon_core.package_identification:_identify(shared) by extension 'ignore'
[0.155s] Level 1:colcon.colcon_core.package_identification:_identify(shared) by extension 'ignore_ament_install'
[0.155s] Level 1:colcon.colcon_core.package_identification:_identify(shared) by extensions ['colcon_pkg']
[0.155s] Level 1:colcon.colcon_core.package_identification:_identify(shared) by extension 'colcon_pkg'
[0.155s] Level 1:colcon.colcon_core.package_identification:_identify(shared) by extensions ['colcon_meta']
[0.155s] Level 1:colcon.colcon_core.package_identification:_identify(shared) by extension 'colcon_meta'
[0.155s] Level 1:colcon.colcon_core.package_identification:_identify(shared) by extensions ['ros']
[0.155s] Level 1:colcon.colcon_core.package_identification:_identify(shared) by extension 'ros'
[0.155s] Level 1:colcon.colcon_core.package_identification:_identify(shared) by extensions ['cmake', 'python']
[0.155s] Level 1:colcon.colcon_core.package_identification:_identify(shared) by extension 'cmake'
[0.155s] Level 1:colcon.colcon_core.package_identification:_identify(shared) by extension 'python'
[0.155s] Level 1:colcon.colcon_core.package_identification:_identify(shared) by extensions ['python_setup_py']
[0.155s] Level 1:colcon.colcon_core.package_identification:_identify(shared) by extension 'python_setup_py'
[0.155s] Level 1:colcon.colcon_core.package_identification:_identify(shared/database) by extensions ['ignore', 'ignore_ament_install']
[0.155s] Level 1:colcon.colcon_core.package_identification:_identify(shared/database) by extension 'ignore'
[0.155s] Level 1:colcon.colcon_core.package_identification:_identify(shared/database) by extension 'ignore_ament_install'
[0.155s] Level 1:colcon.colcon_core.package_identification:_identify(shared/database) by extensions ['colcon_pkg']
[0.155s] Level 1:colcon.colcon_core.package_identification:_identify(shared/database) by extension 'colcon_pkg'
[0.155s] Level 1:colcon.colcon_core.package_identification:_identify(shared/database) by extensions ['colcon_meta']
[0.155s] Level 1:colcon.colcon_core.package_identification:_identify(shared/database) by extension 'colcon_meta'
[0.155s] Level 1:colcon.colcon_core.package_identification:_identify(shared/database) by extensions ['ros']
[0.155s] Level 1:colcon.colcon_core.package_identification:_identify(shared/database) by extension 'ros'
[0.155s] Level 1:colcon.colcon_core.package_identification:_identify(shared/database) by extensions ['cmake', 'python']
[0.155s] Level 1:colcon.colcon_core.package_identification:_identify(shared/database) by extension 'cmake'
[0.155s] Level 1:colcon.colcon_core.package_identification:_identify(shared/database) by extension 'python'
[0.155s] Level 1:colcon.colcon_core.package_identification:_identify(shared/database) by extensions ['python_setup_py']
[0.155s] Level 1:colcon.colcon_core.package_identification:_identify(shared/database) by extension 'python_setup_py'
[0.155s] Level 1:colcon.colcon_core.package_identification:_identify(shared/models) by extensions ['ignore', 'ignore_ament_install']
[0.155s] Level 1:colcon.colcon_core.package_identification:_identify(shared/models) by extension 'ignore'
[0.155s] Level 1:colcon.colcon_core.package_identification:_identify(shared/models) by extension 'ignore_ament_install'
[0.155s] Level 1:colcon.colcon_core.package_identification:_identify(shared/models) by extensions ['colcon_pkg']
[0.155s] Level 1:colcon.colcon_core.package_identification:_identify(shared/models) by extension 'colcon_pkg'
[0.155s] Level 1:colcon.colcon_core.package_identification:_identify(shared/models) by extensions ['colcon_meta']
[0.155s] Level 1:colcon.colcon_core.package_identification:_identify(shared/models) by extension 'colcon_meta'
[0.155s] Level 1:colcon.colcon_core.package_identification:_identify(shared/models) by extensions ['ros']
[0.155s] Level 1:colcon.colcon_core.package_identification:_identify(shared/models) by extension 'ros'
[0.155s] Level 1:colcon.colcon_core.package_identification:_identify(shared/models) by extensions ['cmake', 'python']
[0.155s] Level 1:colcon.colcon_core.package_identification:_identify(shared/models) by extension 'cmake'
[0.155s] Level 1:colcon.colcon_core.package_identification:_identify(shared/models) by extension 'python'
[0.155s] Level 1:colcon.colcon_core.package_identification:_identify(shared/models) by extensions ['python_setup_py']
[0.156s] Level 1:colcon.colcon_core.package_identification:_identify(shared/models) by extension 'python_setup_py'
[0.156s] Level 1:colcon.colcon_core.package_identification:_identify(shared/models/Sun) by extensions ['ignore', 'ignore_ament_install']
[0.156s] Level 1:colcon.colcon_core.package_identification:_identify(shared/models/Sun) by extension 'ignore'
[0.156s] Level 1:colcon.colcon_core.package_identification:_identify(shared/models/Sun) by extension 'ignore_ament_install'
[0.156s] Level 1:colcon.colcon_core.package_identification:_identify(shared/models/Sun) by extensions ['colcon_pkg']
[0.156s] Level 1:colcon.colcon_core.package_identification:_identify(shared/models/Sun) by extension 'colcon_pkg'
[0.156s] Level 1:colcon.colcon_core.package_identification:_identify(shared/models/Sun) by extensions ['colcon_meta']
[0.156s] Level 1:colcon.colcon_core.package_identification:_identify(shared/models/Sun) by extension 'colcon_meta'
[0.156s] Level 1:colcon.colcon_core.package_identification:_identify(shared/models/Sun) by extensions ['ros']
[0.156s] Level 1:colcon.colcon_core.package_identification:_identify(shared/models/Sun) by extension 'ros'
[0.156s] Level 1:colcon.colcon_core.package_identification:_identify(shared/models/Sun) by extensions ['cmake', 'python']
[0.156s] Level 1:colcon.colcon_core.package_identification:_identify(shared/models/Sun) by extension 'cmake'
[0.156s] Level 1:colcon.colcon_core.package_identification:_identify(shared/models/Sun) by extension 'python'
[0.156s] Level 1:colcon.colcon_core.package_identification:_identify(shared/models/Sun) by extensions ['python_setup_py']
[0.156s] Level 1:colcon.colcon_core.package_identification:_identify(shared/models/Sun) by extension 'python_setup_py'
[0.156s] Level 1:colcon.colcon_core.package_identification:_identify(shared/models/ground_plane) by extensions ['ignore', 'ignore_ament_install']
[0.156s] Level 1:colcon.colcon_core.package_identification:_identify(shared/models/ground_plane) by extension 'ignore'
[0.156s] Level 1:colcon.colcon_core.package_identification:_identify(shared/models/ground_plane) by extension 'ignore_ament_install'
[0.156s] Level 1:colcon.colcon_core.package_identification:_identify(shared/models/ground_plane) by extensions ['colcon_pkg']
[0.156s] Level 1:colcon.colcon_core.package_identification:_identify(shared/models/ground_plane) by extension 'colcon_pkg'
[0.156s] Level 1:colcon.colcon_core.package_identification:_identify(shared/models/ground_plane) by extensions ['colcon_meta']
[0.156s] Level 1:colcon.colcon_core.package_identification:_identify(shared/models/ground_plane) by extension 'colcon_meta'
[0.156s] Level 1:colcon.colcon_core.package_identification:_identify(shared/models/ground_plane) by extensions ['ros']
[0.156s] Level 1:colcon.colcon_core.package_identification:_identify(shared/models/ground_plane) by extension 'ros'
[0.156s] Level 1:colcon.colcon_core.package_identification:_identify(shared/models/ground_plane) by extensions ['cmake', 'python']
[0.156s] Level 1:colcon.colcon_core.package_identification:_identify(shared/models/ground_plane) by extension 'cmake'
[0.156s] Level 1:colcon.colcon_core.package_identification:_identify(shared/models/ground_plane) by extension 'python'
[0.156s] Level 1:colcon.colcon_core.package_identification:_identify(shared/models/ground_plane) by extensions ['python_setup_py']
[0.156s] Level 1:colcon.colcon_core.package_identification:_identify(shared/models/ground_plane) by extension 'python_setup_py'
[0.156s] Level 1:colcon.colcon_core.package_identification:_identify(src) by extensions ['ignore', 'ignore_ament_install']
[0.156s] Level 1:colcon.colcon_core.package_identification:_identify(src) by extension 'ignore'
[0.156s] Level 1:colcon.colcon_core.package_identification:_identify(src) by extension 'ignore_ament_install'
[0.156s] Level 1:colcon.colcon_core.package_identification:_identify(src) by extensions ['colcon_pkg']
[0.156s] Level 1:colcon.colcon_core.package_identification:_identify(src) by extension 'colcon_pkg'
[0.156s] Level 1:colcon.colcon_core.package_identification:_identify(src) by extensions ['colcon_meta']
[0.156s] Level 1:colcon.colcon_core.package_identification:_identify(src) by extension 'colcon_meta'
[0.156s] Level 1:colcon.colcon_core.package_identification:_identify(src) by extensions ['ros']
[0.156s] Level 1:colcon.colcon_core.package_identification:_identify(src) by extension 'ros'
[0.156s] Level 1:colcon.colcon_core.package_identification:_identify(src) by extensions ['cmake', 'python']
[0.156s] Level 1:colcon.colcon_core.package_identification:_identify(src) by extension 'cmake'
[0.156s] Level 1:colcon.colcon_core.package_identification:_identify(src) by extension 'python'
[0.156s] Level 1:colcon.colcon_core.package_identification:_identify(src) by extensions ['python_setup_py']
[0.156s] Level 1:colcon.colcon_core.package_identification:_identify(src) by extension 'python_setup_py'
[0.157s] Level 1:colcon.colcon_core.package_identification:_identify(src/cori_control) by extensions ['ignore', 'ignore_ament_install']
[0.157s] Level 1:colcon.colcon_core.package_identification:_identify(src/cori_control) by extension 'ignore'
[0.157s] Level 1:colcon.colcon_core.package_identification:_identify(src/cori_control) by extension 'ignore_ament_install'
[0.157s] Level 1:colcon.colcon_core.package_identification:_identify(src/cori_control) by extensions ['colcon_pkg']
[0.157s] Level 1:colcon.colcon_core.package_identification:_identify(src/cori_control) by extension 'colcon_pkg'
[0.157s] Level 1:colcon.colcon_core.package_identification:_identify(src/cori_control) by extensions ['colcon_meta']
[0.157s] Level 1:colcon.colcon_core.package_identification:_identify(src/cori_control) by extension 'colcon_meta'
[0.157s] Level 1:colcon.colcon_core.package_identification:_identify(src/cori_control) by extensions ['ros']
[0.157s] Level 1:colcon.colcon_core.package_identification:_identify(src/cori_control) by extension 'ros'
[0.158s] DEBUG:colcon.colcon_core.package_identification:Package 'src/cori_control' with type 'ros.ament_python' and name 'cori_control'
[0.158s] Level 1:colcon.colcon_core.package_identification:_identify(src/cori_core) by extensions ['ignore', 'ignore_ament_install']
[0.158s] Level 1:colcon.colcon_core.package_identification:_identify(src/cori_core) by extension 'ignore'
[0.158s] Level 1:colcon.colcon_core.package_identification:_identify(src/cori_core) by extension 'ignore_ament_install'
[0.158s] Level 1:colcon.colcon_core.package_identification:_identify(src/cori_core) by extensions ['colcon_pkg']
[0.158s] Level 1:colcon.colcon_core.package_identification:_identify(src/cori_core) by extension 'colcon_pkg'
[0.158s] Level 1:colcon.colcon_core.package_identification:_identify(src/cori_core) by extensions ['colcon_meta']
[0.158s] Level 1:colcon.colcon_core.package_identification:_identify(src/cori_core) by extension 'colcon_meta'
[0.158s] Level 1:colcon.colcon_core.package_identification:_identify(src/cori_core) by extensions ['ros']
[0.158s] Level 1:colcon.colcon_core.package_identification:_identify(src/cori_core) by extension 'ros'
[0.159s] DEBUG:colcon.colcon_core.package_identification:Package 'src/cori_core' with type 'ros.ament_python' and name 'cori_core'
[0.159s] Level 1:colcon.colcon_core.package_identification:_identify(src/cori_description) by extensions ['ignore', 'ignore_ament_install']
[0.159s] Level 1:colcon.colcon_core.package_identification:_identify(src/cori_description) by extension 'ignore'
[0.159s] Level 1:colcon.colcon_core.package_identification:_identify(src/cori_description) by extension 'ignore_ament_install'
[0.159s] Level 1:colcon.colcon_core.package_identification:_identify(src/cori_description) by extensions ['colcon_pkg']
[0.159s] Level 1:colcon.colcon_core.package_identification:_identify(src/cori_description) by extension 'colcon_pkg'
[0.159s] Level 1:colcon.colcon_core.package_identification:_identify(src/cori_description) by extensions ['colcon_meta']
[0.159s] Level 1:colcon.colcon_core.package_identification:_identify(src/cori_description) by extension 'colcon_meta'
[0.159s] Level 1:colcon.colcon_core.package_identification:_identify(src/cori_description) by extensions ['ros']
[0.159s] Level 1:colcon.colcon_core.package_identification:_identify(src/cori_description) by extension 'ros'
[0.159s] DEBUG:colcon.colcon_core.package_identification:Package 'src/cori_description' with type 'ros.ament_cmake' and name 'cori_description'
[0.159s] Level 1:colcon.colcon_core.package_identification:_identify(src/cori_gui) by extensions ['ignore', 'ignore_ament_install']
[0.159s] Level 1:colcon.colcon_core.package_identification:_identify(src/cori_gui) by extension 'ignore'
[0.160s] Level 1:colcon.colcon_core.package_identification:_identify(src/cori_gui) by extension 'ignore_ament_install'
[0.160s] Level 1:colcon.colcon_core.package_identification:_identify(src/cori_gui) by extensions ['colcon_pkg']
[0.160s] Level 1:colcon.colcon_core.package_identification:_identify(src/cori_gui) by extension 'colcon_pkg'
[0.160s] Level 1:colcon.colcon_core.package_identification:_identify(src/cori_gui) by extensions ['colcon_meta']
[0.160s] Level 1:colcon.colcon_core.package_identification:_identify(src/cori_gui) by extension 'colcon_meta'
[0.160s] Level 1:colcon.colcon_core.package_identification:_identify(src/cori_gui) by extensions ['ros']
[0.160s] Level 1:colcon.colcon_core.package_identification:_identify(src/cori_gui) by extension 'ros'
[0.160s] DEBUG:colcon.colcon_core.package_identification:Package 'src/cori_gui' with type 'ros.ament_python' and name 'cori_gui'
[0.160s] Level 1:colcon.colcon_core.package_identification:_identify(src/cori_simulation) by extensions ['ignore', 'ignore_ament_install']
[0.160s] Level 1:colcon.colcon_core.package_identification:_identify(src/cori_simulation) by extension 'ignore'
[0.160s] Level 1:colcon.colcon_core.package_identification:_identify(src/cori_simulation) by extension 'ignore_ament_install'
[0.160s] Level 1:colcon.colcon_core.package_identification:_identify(src/cori_simulation) by extensions ['colcon_pkg']
[0.160s] Level 1:colcon.colcon_core.package_identification:_identify(src/cori_simulation) by extension 'colcon_pkg'
[0.160s] Level 1:colcon.colcon_core.package_identification:_identify(src/cori_simulation) by extensions ['colcon_meta']
[0.160s] Level 1:colcon.colcon_core.package_identification:_identify(src/cori_simulation) by extension 'colcon_meta'
[0.160s] Level 1:colcon.colcon_core.package_identification:_identify(src/cori_simulation) by extensions ['ros']
[0.160s] Level 1:colcon.colcon_core.package_identification:_identify(src/cori_simulation) by extension 'ros'
[0.161s] DEBUG:colcon.colcon_core.package_identification:Package 'src/cori_simulation' with type 'ros.ament_python' and name 'cori_simulation'
[0.161s] Level 1:colcon.colcon_core.package_identification:_identify(src/cori_tools) by extensions ['ignore', 'ignore_ament_install']
[0.161s] Level 1:colcon.colcon_core.package_identification:_identify(src/cori_tools) by extension 'ignore'
[0.161s] Level 1:colcon.colcon_core.package_identification:_identify(src/cori_tools) by extension 'ignore_ament_install'
[0.161s] Level 1:colcon.colcon_core.package_identification:_identify(src/cori_tools) by extensions ['colcon_pkg']
[0.161s] Level 1:colcon.colcon_core.package_identification:_identify(src/cori_tools) by extension 'colcon_pkg'
[0.161s] Level 1:colcon.colcon_core.package_identification:_identify(src/cori_tools) by extensions ['colcon_meta']
[0.161s] Level 1:colcon.colcon_core.package_identification:_identify(src/cori_tools) by extension 'colcon_meta'
[0.161s] Level 1:colcon.colcon_core.package_identification:_identify(src/cori_tools) by extensions ['ros']
[0.161s] Level 1:colcon.colcon_core.package_identification:_identify(src/cori_tools) by extension 'ros'
[0.161s] DEBUG:colcon.colcon_core.package_identification:Package 'src/cori_tools' with type 'ros.ament_python' and name 'cori_tools'
[0.162s] Level 1:colcon.colcon_core.package_identification:_identify(src/cori_vision) by extensions ['ignore', 'ignore_ament_install']
[0.162s] Level 1:colcon.colcon_core.package_identification:_identify(src/cori_vision) by extension 'ignore'
[0.162s] Level 1:colcon.colcon_core.package_identification:_identify(src/cori_vision) by extension 'ignore_ament_install'
[0.162s] Level 1:colcon.colcon_core.package_identification:_identify(src/cori_vision) by extensions ['colcon_pkg']
[0.162s] Level 1:colcon.colcon_core.package_identification:_identify(src/cori_vision) by extension 'colcon_pkg'
[0.162s] Level 1:colcon.colcon_core.package_identification:_identify(src/cori_vision) by extensions ['colcon_meta']
[0.162s] Level 1:colcon.colcon_core.package_identification:_identify(src/cori_vision) by extension 'colcon_meta'
[0.162s] Level 1:colcon.colcon_core.package_identification:_identify(src/cori_vision) by extensions ['ros']
[0.162s] Level 1:colcon.colcon_core.package_identification:_identify(src/cori_vision) by extension 'ros'
[0.162s] DEBUG:colcon.colcon_core.package_identification:Package 'src/cori_vision' with type 'ros.ament_python' and name 'cori_vision'
[0.162s] Level 1:colcon.colcon_core.package_discovery:discover_packages(recursive) using defaults
[0.162s] Level 1:colcon.colcon_core.package_discovery:discover_packages(ignore) discover
[0.162s] Level 1:colcon.colcon_core.package_discovery:discover_packages(ignore) using defaults
[0.162s] Level 1:colcon.colcon_core.package_discovery:discover_packages(path) discover
[0.162s] Level 1:colcon.colcon_core.package_discovery:discover_packages(path) using defaults
[0.180s] Level 1:colcon.colcon_core.package_discovery:discover_packages(prefix_path) check parameters
[0.180s] Level 1:colcon.colcon_core.package_discovery:discover_packages(prefix_path) discover
[0.180s] WARNING:colcon.colcon_ros.prefix_path.ament:The path '/home/juptegraph/Workspaces/Robotics/Projects/CORI/cori_ws/install/cori_description' in the environment variable AMENT_PREFIX_PATH doesn't exist
[0.180s] WARNING:colcon.colcon_ros.prefix_path.ament:The path '/home/juptegraph/Workspaces/Robotics/Projects/CORI/cori_ws/install/cori_cv' in the environment variable AMENT_PREFIX_PATH doesn't exist
[0.180s] WARNING:colcon.colcon_ros.prefix_path.catkin:The path '/home/juptegraph/Workspaces/Robotics/Projects/CORI/cori_ws/install/cori_description' in the environment variable CMAKE_PREFIX_PATH doesn't exist
[0.181s] DEBUG:colcon.colcon_installed_package_information.package_discovery:Found 0 installed packages in /home/juptegraph/Workspaces/Robotics/Projects/CORI/cori_ws/install
[0.181s] DEBUG:colcon.colcon_installed_package_information.package_discovery:Found 338 installed packages in /opt/ros/humble
[0.182s] Level 1:colcon.colcon_core.package_discovery:discover_packages(prefix_path) using defaults
[0.206s] Level 5:colcon.colcon_core.verb:set package 'cori_control' build argument 'cmake_args' from command line to 'None'
[0.206s] Level 5:colcon.colcon_core.verb:set package 'cori_control' build argument 'cmake_target' from command line to 'None'
[0.206s] Level 5:colcon.colcon_core.verb:set package 'cori_control' build argument 'cmake_target_skip_unavailable' from command line to 'False'
[0.206s] Level 5:colcon.colcon_core.verb:set package 'cori_control' build argument 'cmake_clean_cache' from command line to 'False'
[0.206s] Level 5:colcon.colcon_core.verb:set package 'cori_control' build argument 'cmake_clean_first' from command line to 'False'
[0.206s] Level 5:colcon.colcon_core.verb:set package 'cori_control' build argument 'cmake_force_configure' from command line to 'False'
[0.206s] Level 5:colcon.colcon_core.verb:set package 'cori_control' build argument 'ament_cmake_args' from command line to 'None'
[0.206s] Level 5:colcon.colcon_core.verb:set package 'cori_control' build argument 'catkin_cmake_args' from command line to 'None'
[0.206s] Level 5:colcon.colcon_core.verb:set package 'cori_control' build argument 'catkin_skip_building_tests' from command line to 'False'
[0.206s] DEBUG:colcon.colcon_core.verb:Building package 'cori_control' with the following arguments: {'ament_cmake_args': None, 'build_base': '/home/juptegraph/Workspaces/Robotics/Projects/CORI/cori_ws/build/cori_control', 'catkin_cmake_args': None, 'catkin_skip_building_tests': False, 'cmake_args': None, 'cmake_clean_cache': False, 'cmake_clean_first': False, 'cmake_force_configure': False, 'cmake_target': None, 'cmake_target_skip_unavailable': False, 'install_base': '/home/juptegraph/Workspaces/Robotics/Projects/CORI/cori_ws/install/cori_control', 'merge_install': False, 'path': '/home/juptegraph/Workspaces/Robotics/Projects/CORI/cori_ws/src/cori_control', 'symlink_install': False, 'test_result_base': None}
[0.206s] Level 5:colcon.colcon_core.verb:set package 'cori_core' build argument 'cmake_args' from command line to 'None'
[0.206s] Level 5:colcon.colcon_core.verb:set package 'cori_core' build argument 'cmake_target' from command line to 'None'
[0.206s] Level 5:colcon.colcon_core.verb:set package 'cori_core' build argument 'cmake_target_skip_unavailable' from command line to 'False'
[0.206s] Level 5:colcon.colcon_core.verb:set package 'cori_core' build argument 'cmake_clean_cache' from command line to 'False'
[0.206s] Level 5:colcon.colcon_core.verb:set package 'cori_core' build argument 'cmake_clean_first' from command line to 'False'
[0.206s] Level 5:colcon.colcon_core.verb:set package 'cori_core' build argument 'cmake_force_configure' from command line to 'False'
[0.206s] Level 5:colcon.colcon_core.verb:set package 'cori_core' build argument 'ament_cmake_args' from command line to 'None'
[0.207s] Level 5:colcon.colcon_core.verb:set package 'cori_core' build argument 'catkin_cmake_args' from command line to 'None'
[0.207s] Level 5:colcon.colcon_core.verb:set package 'cori_core' build argument 'catkin_skip_building_tests' from command line to 'False'
[0.207s] DEBUG:colcon.colcon_core.verb:Building package 'cori_core' with the following arguments: {'ament_cmake_args': None, 'build_base': '/home/juptegraph/Workspaces/Robotics/Projects/CORI/cori_ws/build/cori_core', 'catkin_cmake_args': None, 'catkin_skip_building_tests': False, 'cmake_args': None, 'cmake_clean_cache': False, 'cmake_clean_first': False, 'cmake_force_configure': False, 'cmake_target': None, 'cmake_target_skip_unavailable': False, 'install_base': '/home/juptegraph/Workspaces/Robotics/Projects/CORI/cori_ws/install/cori_core', 'merge_install': False, 'path': '/home/juptegraph/Workspaces/Robotics/Projects/CORI/cori_ws/src/cori_core', 'symlink_install': False, 'test_result_base': None}
[0.207s] Level 5:colcon.colcon_core.verb:set package 'cori_description' build argument 'cmake_args' from command line to 'None'
[0.207s] Level 5:colcon.colcon_core.verb:set package 'cori_description' build argument 'cmake_target' from command line to 'None'
[0.207s] Level 5:colcon.colcon_core.verb:set package 'cori_description' build argument 'cmake_target_skip_unavailable' from command line to 'False'
[0.207s] Level 5:colcon.colcon_core.verb:set package 'cori_description' build argument 'cmake_clean_cache' from command line to 'False'
[0.207s] Level 5:colcon.colcon_core.verb:set package 'cori_description' build argument 'cmake_clean_first' from command line to 'False'
[0.207s] Level 5:colcon.colcon_core.verb:set package 'cori_description' build argument 'cmake_force_configure' from command line to 'False'
[0.207s] Level 5:colcon.colcon_core.verb:set package 'cori_description' build argument 'ament_cmake_args' from command line to 'None'
[0.207s] Level 5:colcon.colcon_core.verb:set package 'cori_description' build argument 'catkin_cmake_args' from command line to 'None'
[0.207s] Level 5:colcon.colcon_core.verb:set package 'cori_description' build argument 'catkin_skip_building_tests' from command line to 'False'
[0.207s] DEBUG:colcon.colcon_core.verb:Building package 'cori_description' with the following arguments: {'ament_cmake_args': None, 'build_base': '/home/juptegraph/Workspaces/Robotics/Projects/CORI/cori_ws/build/cori_description', 'catkin_cmake_args': None, 'catkin_skip_building_tests': False, 'cmake_args': None, 'cmake_clean_cache': False, 'cmake_clean_first': False, 'cmake_force_configure': False, 'cmake_target': None, 'cmake_target_skip_unavailable': False, 'install_base': '/home/juptegraph/Workspaces/Robotics/Projects/CORI/cori_ws/install/cori_description', 'merge_install': False, 'path': '/home/juptegraph/Workspaces/Robotics/Projects/CORI/cori_ws/src/cori_description', 'symlink_install': False, 'test_result_base': None}
[0.207s] Level 5:colcon.colcon_core.verb:set package 'cori_gui' build argument 'cmake_args' from command line to 'None'
[0.207s] Level 5:colcon.colcon_core.verb:set package 'cori_gui' build argument 'cmake_target' from command line to 'None'
[0.207s] Level 5:colcon.colcon_core.verb:set package 'cori_gui' build argument 'cmake_target_skip_unavailable' from command line to 'False'
[0.207s] Level 5:colcon.colcon_core.verb:set package 'cori_gui' build argument 'cmake_clean_cache' from command line to 'False'
[0.207s] Level 5:colcon.colcon_core.verb:set package 'cori_gui' build argument 'cmake_clean_first' from command line to 'False'
[0.207s] Level 5:colcon.colcon_core.verb:set package 'cori_gui' build argument 'cmake_force_configure' from command line to 'False'
[0.207s] Level 5:colcon.colcon_core.verb:set package 'cori_gui' build argument 'ament_cmake_args' from command line to 'None'
[0.207s] Level 5:colcon.colcon_core.verb:set package 'cori_gui' build argument 'catkin_cmake_args' from command line to 'None'
[0.207s] Level 5:colcon.colcon_core.verb:set package 'cori_gui' build argument 'catkin_skip_building_tests' from command line to 'False'
[0.207s] DEBUG:colcon.colcon_core.verb:Building package 'cori_gui' with the following arguments: {'ament_cmake_args': None, 'build_base': '/home/juptegraph/Workspaces/Robotics/Projects/CORI/cori_ws/build/cori_gui', 'catkin_cmake_args': None, 'catkin_skip_building_tests': False, 'cmake_args': None, 'cmake_clean_cache': False, 'cmake_clean_first': False, 'cmake_force_configure': False, 'cmake_target': None, 'cmake_target_skip_unavailable': False, 'install_base': '/home/juptegraph/Workspaces/Robotics/Projects/CORI/cori_ws/install/cori_gui', 'merge_install': False, 'path': '/home/juptegraph/Workspaces/Robotics/Projects/CORI/cori_ws/src/cori_gui', 'symlink_install': False, 'test_result_base': None}
[0.208s] Level 5:colcon.colcon_core.verb:set package 'cori_simulation' build argument 'cmake_args' from command line to 'None'
[0.208s] Level 5:colcon.colcon_core.verb:set package 'cori_simulation' build argument 'cmake_target' from command line to 'None'
[0.208s] Level 5:colcon.colcon_core.verb:set package 'cori_simulation' build argument 'cmake_target_skip_unavailable' from command line to 'False'
[0.208s] Level 5:colcon.colcon_core.verb:set package 'cori_simulation' build argument 'cmake_clean_cache' from command line to 'False'
[0.208s] Level 5:colcon.colcon_core.verb:set package 'cori_simulation' build argument 'cmake_clean_first' from command line to 'False'
[0.208s] Level 5:colcon.colcon_core.verb:set package 'cori_simulation' build argument 'cmake_force_configure' from command line to 'False'
[0.208s] Level 5:colcon.colcon_core.verb:set package 'cori_simulation' build argument 'ament_cmake_args' from command line to 'None'
[0.208s] Level 5:colcon.colcon_core.verb:set package 'cori_simulation' build argument 'catkin_cmake_args' from command line to 'None'
[0.208s] Level 5:colcon.colcon_core.verb:set package 'cori_simulation' build argument 'catkin_skip_building_tests' from command line to 'False'
[0.208s] DEBUG:colcon.colcon_core.verb:Building package 'cori_simulation' with the following arguments: {'ament_cmake_args': None, 'build_base': '/home/juptegraph/Workspaces/Robotics/Projects/CORI/cori_ws/build/cori_simulation', 'catkin_cmake_args': None, 'catkin_skip_building_tests': False, 'cmake_args': None, 'cmake_clean_cache': False, 'cmake_clean_first': False, 'cmake_force_configure': False, 'cmake_target': None, 'cmake_target_skip_unavailable': False, 'install_base': '/home/juptegraph/Workspaces/Robotics/Projects/CORI/cori_ws/install/cori_simulation', 'merge_install': False, 'path': '/home/juptegraph/Workspaces/Robotics/Projects/CORI/cori_ws/src/cori_simulation', 'symlink_install': False, 'test_result_base': None}
[0.208s] Level 5:colcon.colcon_core.verb:set package 'cori_tools' build argument 'cmake_args' from command line to 'None'
[0.208s] Level 5:colcon.colcon_core.verb:set package 'cori_tools' build argument 'cmake_target' from command line to 'None'
[0.208s] Level 5:colcon.colcon_core.verb:set package 'cori_tools' build argument 'cmake_target_skip_unavailable' from command line to 'False'
[0.208s] Level 5:colcon.colcon_core.verb:set package 'cori_tools' build argument 'cmake_clean_cache' from command line to 'False'
[0.208s] Level 5:colcon.colcon_core.verb:set package 'cori_tools' build argument 'cmake_clean_first' from command line to 'False'
[0.208s] Level 5:colcon.colcon_core.verb:set package 'cori_tools' build argument 'cmake_force_configure' from command line to 'False'
[0.208s] Level 5:colcon.colcon_core.verb:set package 'cori_tools' build argument 'ament_cmake_args' from command line to 'None'
[0.208s] Level 5:colcon.colcon_core.verb:set package 'cori_tools' build argument 'catkin_cmake_args' from command line to 'None'
[0.208s] Level 5:colcon.colcon_core.verb:set package 'cori_tools' build argument 'catkin_skip_building_tests' from command line to 'False'
[0.208s] DEBUG:colcon.colcon_core.verb:Building package 'cori_tools' with the following arguments: {'ament_cmake_args': None, 'build_base': '/home/juptegraph/Workspaces/Robotics/Projects/CORI/cori_ws/build/cori_tools', 'catkin_cmake_args': None, 'catkin_skip_building_tests': False, 'cmake_args': None, 'cmake_clean_cache': False, 'cmake_clean_first': False, 'cmake_force_configure': False, 'cmake_target': None, 'cmake_target_skip_unavailable': False, 'install_base': '/home/juptegraph/Workspaces/Robotics/Projects/CORI/cori_ws/install/cori_tools', 'merge_install': False, 'path': '/home/juptegraph/Workspaces/Robotics/Projects/CORI/cori_ws/src/cori_tools', 'symlink_install': False, 'test_result_base': None}
[0.208s] Level 5:colcon.colcon_core.verb:set package 'cori_vision' build argument 'cmake_args' from command line to 'None'
[0.208s] Level 5:colcon.colcon_core.verb:set package 'cori_vision' build argument 'cmake_target' from command line to 'None'
[0.208s] Level 5:colcon.colcon_core.verb:set package 'cori_vision' build argument 'cmake_target_skip_unavailable' from command line to 'False'
[0.208s] Level 5:colcon.colcon_core.verb:set package 'cori_vision' build argument 'cmake_clean_cache' from command line to 'False'
[0.208s] Level 5:colcon.colcon_core.verb:set package 'cori_vision' build argument 'cmake_clean_first' from command line to 'False'
[0.208s] Level 5:colcon.colcon_core.verb:set package 'cori_vision' build argument 'cmake_force_configure' from command line to 'False'
[0.209s] Level 5:colcon.colcon_core.verb:set package 'cori_vision' build argument 'ament_cmake_args' from command line to 'None'
[0.209s] Level 5:colcon.colcon_core.verb:set package 'cori_vision' build argument 'catkin_cmake_args' from command line to 'None'
[0.209s] Level 5:colcon.colcon_core.verb:set package 'cori_vision' build argument 'catkin_skip_building_tests' from command line to 'False'
[0.209s] DEBUG:colcon.colcon_core.verb:Building package 'cori_vision' with the following arguments: {'ament_cmake_args': None, 'build_base': '/home/juptegraph/Workspaces/Robotics/Projects/CORI/cori_ws/build/cori_vision', 'catkin_cmake_args': None, 'catkin_skip_building_tests': False, 'cmake_args': None, 'cmake_clean_cache': False, 'cmake_clean_first': False, 'cmake_force_configure': False, 'cmake_target': None, 'cmake_target_skip_unavailable': False, 'install_base': '/home/juptegraph/Workspaces/Robotics/Projects/CORI/cori_ws/install/cori_vision', 'merge_install': False, 'path': '/home/juptegraph/Workspaces/Robotics/Projects/CORI/cori_ws/src/cori_vision', 'symlink_install': False, 'test_result_base': None}
[0.209s] INFO:colcon.colcon_core.executor:Executing jobs using 'parallel' executor
[0.209s] DEBUG:colcon.colcon_parallel_executor.executor.parallel:run_until_complete
[0.209s] INFO:colcon.colcon_ros.task.ament_python.build:Building ROS package in '/home/juptegraph/Workspaces/Robotics/Projects/CORI/cori_ws/src/cori_control' with build type 'ament_python'
[0.210s] Level 1:colcon.colcon_core.shell:create_environment_hook('cori_control', 'ament_prefix_path')
[0.211s] INFO:colcon.colcon_core.plugin_system:Skipping extension 'colcon_core.shell.bat': Not used on non-Windows systems
[0.211s] INFO:colcon.colcon_core.shell:Creating environment hook '/home/juptegraph/Workspaces/Robotics/Projects/CORI/cori_ws/install/cori_control/share/cori_control/hook/ament_prefix_path.ps1'
[0.211s] INFO:colcon.colcon_core.shell:Creating environment descriptor '/home/juptegraph/Workspaces/Robotics/Projects/CORI/cori_ws/install/cori_control/share/cori_control/hook/ament_prefix_path.dsv'
[0.212s] INFO:colcon.colcon_core.shell:Creating environment hook '/home/juptegraph/Workspaces/Robotics/Projects/CORI/cori_ws/install/cori_control/share/cori_control/hook/ament_prefix_path.sh'
[0.212s] INFO:colcon.colcon_core.shell:Skip shell extension 'powershell' for command environment: Not usable outside of PowerShell
[0.212s] DEBUG:colcon.colcon_core.shell:Skip shell extension 'dsv' for command environment
[0.214s] INFO:colcon.colcon_ros.task.ament_python.build:Building ROS package in '/home/juptegraph/Workspaces/Robotics/Projects/CORI/cori_ws/src/cori_core' with build type 'ament_python'
[0.214s] Level 1:colcon.colcon_core.shell:create_environment_hook('cori_core', 'ament_prefix_path')
[0.214s] INFO:colcon.colcon_core.shell:Creating environment hook '/home/juptegraph/Workspaces/Robotics/Projects/CORI/cori_ws/install/cori_core/share/cori_core/hook/ament_prefix_path.ps1'
[0.214s] INFO:colcon.colcon_core.shell:Creating environment descriptor '/home/juptegraph/Workspaces/Robotics/Projects/CORI/cori_ws/install/cori_core/share/cori_core/hook/ament_prefix_path.dsv'
[0.215s] INFO:colcon.colcon_core.shell:Creating environment hook '/home/juptegraph/Workspaces/Robotics/Projects/CORI/cori_ws/install/cori_core/share/cori_core/hook/ament_prefix_path.sh'
[0.215s] INFO:colcon.colcon_core.shell:Skip shell extension 'powershell' for command environment: Not usable outside of PowerShell
[0.215s] DEBUG:colcon.colcon_core.shell:Skip shell extension 'dsv' for command environment
[0.217s] INFO:colcon.colcon_ros.task.ament_cmake.build:Building ROS package in '/home/juptegraph/Workspaces/Robotics/Projects/CORI/cori_ws/src/cori_description' with build type 'ament_cmake'
[0.217s] INFO:colcon.colcon_cmake.task.cmake.build:Building CMake package in '/home/juptegraph/Workspaces/Robotics/Projects/CORI/cori_ws/src/cori_description'
[0.217s] INFO:colcon.colcon_core.shell:Skip shell extension 'powershell' for command environment: Not usable outside of PowerShell
[0.217s] DEBUG:colcon.colcon_core.shell:Skip shell extension 'dsv' for command environment
[0.218s] INFO:colcon.colcon_ros.task.ament_python.build:Building ROS package in '/home/juptegraph/Workspaces/Robotics/Projects/CORI/cori_ws/src/cori_gui' with build type 'ament_python'
[0.218s] Level 1:colcon.colcon_core.shell:create_environment_hook('cori_gui', 'ament_prefix_path')
[0.219s] INFO:colcon.colcon_core.shell:Creating environment hook '/home/juptegraph/Workspaces/Robotics/Projects/CORI/cori_ws/install/cori_gui/share/cori_gui/hook/ament_prefix_path.ps1'
[0.219s] INFO:colcon.colcon_core.shell:Creating environment descriptor '/home/juptegraph/Workspaces/Robotics/Projects/CORI/cori_ws/install/cori_gui/share/cori_gui/hook/ament_prefix_path.dsv'
[0.219s] INFO:colcon.colcon_core.shell:Creating environment hook '/home/juptegraph/Workspaces/Robotics/Projects/CORI/cori_ws/install/cori_gui/share/cori_gui/hook/ament_prefix_path.sh'
[0.219s] INFO:colcon.colcon_core.shell:Skip shell extension 'powershell' for command environment: Not usable outside of PowerShell
[0.219s] DEBUG:colcon.colcon_core.shell:Skip shell extension 'dsv' for command environment
[0.221s] INFO:colcon.colcon_ros.task.ament_python.build:Building ROS package in '/home/juptegraph/Workspaces/Robotics/Projects/CORI/cori_ws/src/cori_simulation' with build type 'ament_python'
[0.221s] Level 1:colcon.colcon_core.shell:create_environment_hook('cori_simulation', 'ament_prefix_path')
[0.221s] INFO:colcon.colcon_core.shell:Creating environment hook '/home/juptegraph/Workspaces/Robotics/Projects/CORI/cori_ws/install/cori_simulation/share/cori_simulation/hook/ament_prefix_path.ps1'
[0.221s] INFO:colcon.colcon_core.shell:Creating environment descriptor '/home/juptegraph/Workspaces/Robotics/Projects/CORI/cori_ws/install/cori_simulation/share/cori_simulation/hook/ament_prefix_path.dsv'
[0.222s] INFO:colcon.colcon_core.shell:Creating environment hook '/home/juptegraph/Workspaces/Robotics/Projects/CORI/cori_ws/install/cori_simulation/share/cori_simulation/hook/ament_prefix_path.sh'
[0.222s] INFO:colcon.colcon_core.shell:Skip shell extension 'powershell' for command environment: Not usable outside of PowerShell
[0.222s] DEBUG:colcon.colcon_core.shell:Skip shell extension 'dsv' for command environment
[0.223s] INFO:colcon.colcon_ros.task.ament_python.build:Building ROS package in '/home/juptegraph/Workspaces/Robotics/Projects/CORI/cori_ws/src/cori_tools' with build type 'ament_python'
[0.224s] Level 1:colcon.colcon_core.shell:create_environment_hook('cori_tools', 'ament_prefix_path')
[0.224s] INFO:colcon.colcon_core.shell:Creating environment hook '/home/juptegraph/Workspaces/Robotics/Projects/CORI/cori_ws/install/cori_tools/share/cori_tools/hook/ament_prefix_path.ps1'
[0.224s] INFO:colcon.colcon_core.shell:Creating environment descriptor '/home/juptegraph/Workspaces/Robotics/Projects/CORI/cori_ws/install/cori_tools/share/cori_tools/hook/ament_prefix_path.dsv'
[0.224s] INFO:colcon.colcon_core.shell:Creating environment hook '/home/juptegraph/Workspaces/Robotics/Projects/CORI/cori_ws/install/cori_tools/share/cori_tools/hook/ament_prefix_path.sh'
[0.224s] INFO:colcon.colcon_core.shell:Skip shell extension 'powershell' for command environment: Not usable outside of PowerShell
[0.224s] DEBUG:colcon.colcon_core.shell:Skip shell extension 'dsv' for command environment
[0.226s] INFO:colcon.colcon_ros.task.ament_python.build:Building ROS package in '/home/juptegraph/Workspaces/Robotics/Projects/CORI/cori_ws/src/cori_vision' with build type 'ament_python'
[0.226s] Level 1:colcon.colcon_core.shell:create_environment_hook('cori_vision', 'ament_prefix_path')
[0.226s] INFO:colcon.colcon_core.shell:Creating environment hook '/home/juptegraph/Workspaces/Robotics/Projects/CORI/cori_ws/install/cori_vision/share/cori_vision/hook/ament_prefix_path.ps1'
[0.227s] INFO:colcon.colcon_core.shell:Creating environment descriptor '/home/juptegraph/Workspaces/Robotics/Projects/CORI/cori_ws/install/cori_vision/share/cori_vision/hook/ament_prefix_path.dsv'
[0.227s] INFO:colcon.colcon_core.shell:Creating environment hook '/home/juptegraph/Workspaces/Robotics/Projects/CORI/cori_ws/install/cori_vision/share/cori_vision/hook/ament_prefix_path.sh'
[0.227s] INFO:colcon.colcon_core.shell:Skip shell extension 'powershell' for command environment: Not usable outside of PowerShell
[0.227s] DEBUG:colcon.colcon_core.shell:Skip shell extension 'dsv' for command environment
[0.533s] INFO:colcon.colcon_core.task.python.build:Building Python package in '/home/juptegraph/Workspaces/Robotics/Projects/CORI/cori_ws/src/cori_core'
[0.533s] INFO:colcon.colcon_core.shell:Skip shell extension 'powershell' for command environment: Not usable outside of PowerShell
[0.533s] DEBUG:colcon.colcon_core.shell:Skip shell extension 'dsv' for command environment
[0.537s] DEBUG:colcon.colcon_core.event_handler.log_command:Invoking command in '/home/juptegraph/Workspaces/Robotics/Projects/CORI/cori_ws/build/cori_description': CMAKE_PREFIX_PATH=${CMAKE_PREFIX_PATH}:/home/juptegraph/Workspaces/Robotics/Projects/CORI/cori_ws/install/cori_cv:/opt/ros/humble /usr/bin/cmake /home/juptegraph/Workspaces/Robotics/Projects/CORI/cori_ws/src/cori_description -DCMAKE_INSTALL_PREFIX=/home/juptegraph/Workspaces/Robotics/Projects/CORI/cori_ws/install/cori_description
[0.687s] INFO:colcon.colcon_core.task.python.build:Building Python package in '/home/juptegraph/Workspaces/Robotics/Projects/CORI/cori_ws/src/cori_gui'
[0.688s] INFO:colcon.colcon_core.shell:Skip shell extension 'powershell' for command environment: Not usable outside of PowerShell
[0.688s] DEBUG:colcon.colcon_core.shell:Skip shell extension 'dsv' for command environment
[0.832s] INFO:colcon.colcon_core.task.python.build:Building Python package in '/home/juptegraph/Workspaces/Robotics/Projects/CORI/cori_ws/src/cori_simulation'
[0.832s] INFO:colcon.colcon_core.shell:Skip shell extension 'powershell' for command environment: Not usable outside of PowerShell
[0.832s] DEBUG:colcon.colcon_core.shell:Skip shell extension 'dsv' for command environment
[0.996s] INFO:colcon.colcon_core.task.python.build:Building Python package in '/home/juptegraph/Workspaces/Robotics/Projects/CORI/cori_ws/src/cori_tools'
[0.996s] INFO:colcon.colcon_core.shell:Skip shell extension 'powershell' for command environment: Not usable outside of PowerShell
[0.996s] DEBUG:colcon.colcon_core.shell:Skip shell extension 'dsv' for command environment
[1.009s] DEBUG:colcon.colcon_parallel_executor.executor.parallel:closing loop
[1.009s] DEBUG:colcon.colcon_parallel_executor.executor.parallel:loop closed
[1.009s] DEBUG:colcon.colcon_parallel_executor.executor.parallel:run_until_complete finished with 'Command '['/usr/bin/python3', '-c', 'import sys;from contextlib import suppress;exec("with suppress(ImportError):    from setuptools.extern.packaging.specifiers    import SpecifierSet");exec("with suppress(ImportError):    from packaging.specifiers import SpecifierSet");from distutils.core import run_setup;dist = run_setup(    \'setup.py\', script_args=(\'--dry-run\',), stop_after=\'config\');skip_keys = (\'cmdclass\', \'distclass\', \'ext_modules\', \'metadata\');data = {    key: value for key, value in dist.__dict__.items()     if (        not key.startswith(\'_\') and         not callable(value) and         key not in skip_keys and         key not in dist.display_option_names    )};data[\'metadata\'] = {    k: v for k, v in dist.metadata.__dict__.items()     if k not in (\'license_files\', \'provides_extras\')};sys.stdout.buffer.write(repr(data).encode(\'utf-8\'))']' returned non-zero exit status 1.'
[1.009s] DEBUG:colcon.colcon_core.event_reactor:joining thread
[1.012s] INFO:colcon.colcon_core.plugin_system:Skipping extension 'colcon_notification.desktop_notification.terminal_notifier': Not used on non-Darwin systems
[1.013s] INFO:colcon.colcon_core.plugin_system:Skipping extension 'colcon_notification.desktop_notification.win32': Not used on non-Windows systems
[1.013s] INFO:colcon.colcon_notification.desktop_notification:Sending desktop notification using 'notify2'
[1.026s] DEBUG:colcon.colcon_core.event_reactor:joined thread
[1.026s] INFO:colcon.colcon_core.shell:Creating prefix script '/home/juptegraph/Workspaces/Robotics/Projects/CORI/cori_ws/install/local_setup.ps1'
[1.027s] INFO:colcon.colcon_core.shell:Creating prefix util module '/home/juptegraph/Workspaces/Robotics/Projects/CORI/cori_ws/install/_local_setup_util_ps1.py'
[1.028s] INFO:colcon.colcon_core.shell:Creating prefix chain script '/home/juptegraph/Workspaces/Robotics/Projects/CORI/cori_ws/install/setup.ps1'
[1.029s] INFO:colcon.colcon_core.shell:Creating prefix script '/home/juptegraph/Workspaces/Robotics/Projects/CORI/cori_ws/install/local_setup.sh'
[1.029s] INFO:colcon.colcon_core.shell:Creating prefix util module '/home/juptegraph/Workspaces/Robotics/Projects/CORI/cori_ws/install/_local_setup_util_sh.py'
[1.029s] INFO:colcon.colcon_core.shell:Creating prefix chain script '/home/juptegraph/Workspaces/Robotics/Projects/CORI/cori_ws/install/setup.sh'
[1.030s] INFO:colcon.colcon_core.shell:Creating prefix script '/home/juptegraph/Workspaces/Robotics/Projects/CORI/cori_ws/install/local_setup.bash'
[1.030s] INFO:colcon.colcon_core.shell:Creating prefix chain script '/home/juptegraph/Workspaces/Robotics/Projects/CORI/cori_ws/install/setup.bash'
[1.030s] INFO:colcon.colcon_core.shell:Creating prefix script '/home/juptegraph/Workspaces/Robotics/Projects/CORI/cori_ws/install/local_setup.zsh'
[1.031s] INFO:colcon.colcon_core.shell:Creating prefix chain script '/home/juptegraph/Workspaces/Robotics/Projects/CORI/cori_ws/install/setup.zsh'
