[0.461s] Invoking command in '/home/juptegraph/Workspaces/Robotics/Projects/CORI/cori_ws/src/cori_simulation': AMENT_PREFIX_PATH=/home/juptegraph/Workspaces/Robotics/Projects/CORI/cori_ws/install/cori_core:${AMENT_PREFIX_PATH} PATH=/home/juptegraph/Workspaces/Robotics/Projects/CORI/cori_ws/install/cori_core/bin:${PATH} PYTHONPATH=/home/juptegraph/Workspaces/Robotics/Projects/CORI/cori_ws/build/cori_simulation/prefix_override:/usr/lib/python3/dist-packages/colcon_core/task/python/colcon_distutils_commands:/home/juptegraph/Workspaces/Robotics/Projects/CORI/cori_ws/install/cori_simulation/lib/python3.10/site-packages:/home/juptegraph/Workspaces/Robotics/Projects/CORI/cori_ws/install/cori_core/lib/python3.10/site-packages:${PYTHONPATH} /usr/bin/python3 -W ignore:setup.py install is deprecated -W ignore:easy_install command is deprecated setup.py egg_info --egg-base ../../build/cori_simulation build --build-base /home/juptegraph/Workspaces/Robotics/Projects/CORI/cori_ws/build/cori_simulation/build install --record /home/juptegraph/Workspaces/Robotics/Projects/CORI/cori_ws/build/cori_simulation/install.log --single-version-externally-managed install_data
[0.622s] running egg_info
[0.622s] writing ../../build/cori_simulation/cori_simulation.egg-info/PKG-INFO
[0.623s] writing dependency_links to ../../build/cori_simulation/cori_simulation.egg-info/dependency_links.txt
[0.623s] writing entry points to ../../build/cori_simulation/cori_simulation.egg-info/entry_points.txt
[0.623s] writing requirements to ../../build/cori_simulation/cori_simulation.egg-info/requires.txt
[0.623s] writing top-level names to ../../build/cori_simulation/cori_simulation.egg-info/top_level.txt
[0.624s] reading manifest file '../../build/cori_simulation/cori_simulation.egg-info/SOURCES.txt'
[0.624s] writing manifest file '../../build/cori_simulation/cori_simulation.egg-info/SOURCES.txt'
[0.624s] running build
[0.624s] running build_py
[0.624s] running install
[0.625s] running install_lib
[0.625s] running install_data
[0.625s] running install_egg_info
[0.626s] removing '/home/juptegraph/Workspaces/Robotics/Projects/CORI/cori_ws/install/cori_simulation/lib/python3.10/site-packages/cori_simulation-1.0.0-py3.10.egg-info' (and everything under it)
[0.627s] Copying ../../build/cori_simulation/cori_simulation.egg-info to /home/juptegraph/Workspaces/Robotics/Projects/CORI/cori_ws/install/cori_simulation/lib/python3.10/site-packages/cori_simulation-1.0.0-py3.10.egg-info
[0.627s] running install_scripts
[0.639s] Installing cori_simulator script to /home/juptegraph/Workspaces/Robotics/Projects/CORI/cori_ws/install/cori_simulation/bin
[0.639s] Installing demo_display script to /home/juptegraph/Workspaces/Robotics/Projects/CORI/cori_ws/install/cori_simulation/bin
[0.639s] Installing sensor_fusion_demo script to /home/juptegraph/Workspaces/Robotics/Projects/CORI/cori_ws/install/cori_simulation/bin
[0.640s] writing list of installed files to '/home/juptegraph/Workspaces/Robotics/Projects/CORI/cori_ws/build/cori_simulation/install.log'
[0.653s] Invoked command in '/home/juptegraph/Workspaces/Robotics/Projects/CORI/cori_ws/src/cori_simulation' returned '0': AMENT_PREFIX_PATH=/home/juptegraph/Workspaces/Robotics/Projects/CORI/cori_ws/install/cori_core:${AMENT_PREFIX_PATH} PATH=/home/juptegraph/Workspaces/Robotics/Projects/CORI/cori_ws/install/cori_core/bin:${PATH} PYTHONPATH=/home/juptegraph/Workspaces/Robotics/Projects/CORI/cori_ws/build/cori_simulation/prefix_override:/usr/lib/python3/dist-packages/colcon_core/task/python/colcon_distutils_commands:/home/juptegraph/Workspaces/Robotics/Projects/CORI/cori_ws/install/cori_simulation/lib/python3.10/site-packages:/home/juptegraph/Workspaces/Robotics/Projects/CORI/cori_ws/install/cori_core/lib/python3.10/site-packages:${PYTHONPATH} /usr/bin/python3 -W ignore:setup.py install is deprecated -W ignore:easy_install command is deprecated setup.py egg_info --egg-base ../../build/cori_simulation build --build-base /home/juptegraph/Workspaces/Robotics/Projects/CORI/cori_ws/build/cori_simulation/build install --record /home/juptegraph/Workspaces/Robotics/Projects/CORI/cori_ws/build/cori_simulation/install.log --single-version-externally-managed install_data
