running egg_info
creating ../../build/cori_vision/cori_vision.egg-info
writing ../../build/cori_vision/cori_vision.egg-info/PKG-INFO
writing dependency_links to ../../build/cori_vision/cori_vision.egg-info/dependency_links.txt
writing entry points to ../../build/cori_vision/cori_vision.egg-info/entry_points.txt
writing requirements to ../../build/cori_vision/cori_vision.egg-info/requires.txt
writing top-level names to ../../build/cori_vision/cori_vision.egg-info/top_level.txt
writing manifest file '../../build/cori_vision/cori_vision.egg-info/SOURCES.txt'
reading manifest file '../../build/cori_vision/cori_vision.egg-info/SOURCES.txt'
writing manifest file '../../build/cori_vision/cori_vision.egg-info/SOURCES.txt'
running build
running build_py
creating /home/juptegraph/Workspaces/Robotics/Projects/CORI/cori_ws/build/cori_vision/build
creating /home/juptegraph/Workspaces/Robotics/Projects/CORI/cori_ws/build/cori_vision/build/lib
creating /home/juptegraph/Workspaces/Robotics/Projects/CORI/cori_ws/build/cori_vision/build/lib/cori_vision
copying cori_vision/simple_color_detector.py -> /home/juptegraph/Workspaces/Robotics/Projects/CORI/cori_ws/build/cori_vision/build/lib/cori_vision
copying cori_vision/laundry_color_detector.py -> /home/juptegraph/Workspaces/Robotics/Projects/CORI/cori_ws/build/cori_vision/build/lib/cori_vision
copying cori_vision/__init__.py -> /home/juptegraph/Workspaces/Robotics/Projects/CORI/cori_ws/build/cori_vision/build/lib/cori_vision
copying cori_vision/object_detection.py -> /home/juptegraph/Workspaces/Robotics/Projects/CORI/cori_ws/build/cori_vision/build/lib/cori_vision
running install
running install_lib
creating /home/juptegraph/Workspaces/Robotics/Projects/CORI/cori_ws/install/cori_vision/lib/python3.10/site-packages/cori_vision
copying /home/juptegraph/Workspaces/Robotics/Projects/CORI/cori_ws/build/cori_vision/build/lib/cori_vision/simple_color_detector.py -> /home/juptegraph/Workspaces/Robotics/Projects/CORI/cori_ws/install/cori_vision/lib/python3.10/site-packages/cori_vision
copying /home/juptegraph/Workspaces/Robotics/Projects/CORI/cori_ws/build/cori_vision/build/lib/cori_vision/laundry_color_detector.py -> /home/juptegraph/Workspaces/Robotics/Projects/CORI/cori_ws/install/cori_vision/lib/python3.10/site-packages/cori_vision
copying /home/juptegraph/Workspaces/Robotics/Projects/CORI/cori_ws/build/cori_vision/build/lib/cori_vision/__init__.py -> /home/juptegraph/Workspaces/Robotics/Projects/CORI/cori_ws/install/cori_vision/lib/python3.10/site-packages/cori_vision
copying /home/juptegraph/Workspaces/Robotics/Projects/CORI/cori_ws/build/cori_vision/build/lib/cori_vision/object_detection.py -> /home/juptegraph/Workspaces/Robotics/Projects/CORI/cori_ws/install/cori_vision/lib/python3.10/site-packages/cori_vision
byte-compiling /home/juptegraph/Workspaces/Robotics/Projects/CORI/cori_ws/install/cori_vision/lib/python3.10/site-packages/cori_vision/simple_color_detector.py to simple_color_detector.cpython-310.pyc
byte-compiling /home/juptegraph/Workspaces/Robotics/Projects/CORI/cori_ws/install/cori_vision/lib/python3.10/site-packages/cori_vision/laundry_color_detector.py to laundry_color_detector.cpython-310.pyc
byte-compiling /home/juptegraph/Workspaces/Robotics/Projects/CORI/cori_ws/install/cori_vision/lib/python3.10/site-packages/cori_vision/__init__.py to __init__.cpython-310.pyc
byte-compiling /home/juptegraph/Workspaces/Robotics/Projects/CORI/cori_ws/install/cori_vision/lib/python3.10/site-packages/cori_vision/object_detection.py to object_detection.cpython-310.pyc
running install_data
creating /home/juptegraph/Workspaces/Robotics/Projects/CORI/cori_ws/install/cori_vision/share/ament_index
creating /home/juptegraph/Workspaces/Robotics/Projects/CORI/cori_ws/install/cori_vision/share/ament_index/resource_index
creating /home/juptegraph/Workspaces/Robotics/Projects/CORI/cori_ws/install/cori_vision/share/ament_index/resource_index/packages
copying resource/cori_vision -> /home/juptegraph/Workspaces/Robotics/Projects/CORI/cori_ws/install/cori_vision/share/ament_index/resource_index/packages
copying package.xml -> /home/juptegraph/Workspaces/Robotics/Projects/CORI/cori_ws/install/cori_vision/share/cori_vision
creating /home/juptegraph/Workspaces/Robotics/Projects/CORI/cori_ws/install/cori_vision/share/cori_vision/launch
copying launch/laundry_color_detector.launch.py -> /home/juptegraph/Workspaces/Robotics/Projects/CORI/cori_ws/install/cori_vision/share/cori_vision/launch
creating /home/juptegraph/Workspaces/Robotics/Projects/CORI/cori_ws/install/cori_vision/share/cori_vision/config
copying config/color_piles.yaml -> /home/juptegraph/Workspaces/Robotics/Projects/CORI/cori_ws/install/cori_vision/share/cori_vision/config
creating /home/juptegraph/Workspaces/Robotics/Projects/CORI/cori_ws/install/cori_vision/lib/cori_vision
running install_egg_info
Copying ../../build/cori_vision/cori_vision.egg-info to /home/juptegraph/Workspaces/Robotics/Projects/CORI/cori_ws/install/cori_vision/lib/python3.10/site-packages/cori_vision-1.0.0-py3.10.egg-info
running install_scripts
Installing laundry_color_detector script to /home/juptegraph/Workspaces/Robotics/Projects/CORI/cori_ws/install/cori_vision/bin
Installing object_detection script to /home/juptegraph/Workspaces/Robotics/Projects/CORI/cori_ws/install/cori_vision/bin
Installing simple_color_detector script to /home/juptegraph/Workspaces/Robotics/Projects/CORI/cori_ws/install/cori_vision/bin
writing list of installed files to '/home/juptegraph/Workspaces/Robotics/Projects/CORI/cori_ws/build/cori_vision/install.log'
