[0.435s] Invoking command in '/home/juptegraph/Workspaces/Robotics/Projects/CORI/cori_ws/src/cori_cv': PYTHONPATH=/home/juptegraph/Workspaces/Robotics/Projects/CORI/cori_ws/build/cori_cv/prefix_override:/usr/lib/python3/dist-packages/colcon_core/task/python/colcon_distutils_commands:/home/juptegraph/Workspaces/Robotics/Projects/CORI/cori_ws/install/cori_cv/lib/python3.10/site-packages:${PYTHONPATH} /usr/bin/python3 -W ignore:setup.py install is deprecated -W ignore:easy_install command is deprecated setup.py egg_info --egg-base ../../build/cori_cv build --build-base /home/juptegraph/Workspaces/Robotics/Projects/CORI/cori_ws/build/cori_cv/build install --record /home/juptegraph/Workspaces/Robotics/Projects/CORI/cori_ws/build/cori_cv/install.log --single-version-externally-managed install_data
[0.600s] running egg_info
[0.601s] writing ../../build/cori_cv/cori_cv.egg-info/PKG-INFO
[0.601s] writing dependency_links to ../../build/cori_cv/cori_cv.egg-info/dependency_links.txt
[0.601s] writing entry points to ../../build/cori_cv/cori_cv.egg-info/entry_points.txt
[0.601s] writing requirements to ../../build/cori_cv/cori_cv.egg-info/requires.txt
[0.601s] writing top-level names to ../../build/cori_cv/cori_cv.egg-info/top_level.txt
[0.602s] package init file 'cori_cv/__init__.py' not found (or not a regular file)
[0.602s] reading manifest file '../../build/cori_cv/cori_cv.egg-info/SOURCES.txt'
[0.603s] writing manifest file '../../build/cori_cv/cori_cv.egg-info/SOURCES.txt'
[0.603s] running build
[0.603s] running build_py
[0.603s] running install
[0.604s] running install_lib
[0.605s] running install_data
[0.605s] running install_egg_info
[0.606s] removing '/home/juptegraph/Workspaces/Robotics/Projects/CORI/cori_ws/install/cori_cv/lib/python3.10/site-packages/cori_cv-0.0.0-py3.10.egg-info' (and everything under it)
[0.606s] Copying ../../build/cori_cv/cori_cv.egg-info to /home/juptegraph/Workspaces/Robotics/Projects/CORI/cori_ws/install/cori_cv/lib/python3.10/site-packages/cori_cv-0.0.0-py3.10.egg-info
[0.607s] running install_scripts
[0.625s] Installing color_display script to /home/juptegraph/Workspaces/Robotics/Projects/CORI/cori_ws/install/cori_cv/lib/cori_cv
[0.625s] Installing laundry_color_detector script to /home/juptegraph/Workspaces/Robotics/Projects/CORI/cori_ws/install/cori_cv/lib/cori_cv
[0.625s] Installing object_detection script to /home/juptegraph/Workspaces/Robotics/Projects/CORI/cori_ws/install/cori_cv/lib/cori_cv
[0.625s] Installing simple_color_detector script to /home/juptegraph/Workspaces/Robotics/Projects/CORI/cori_ws/install/cori_cv/lib/cori_cv
[0.625s] writing list of installed files to '/home/juptegraph/Workspaces/Robotics/Projects/CORI/cori_ws/build/cori_cv/install.log'
[0.643s] Invoked command in '/home/juptegraph/Workspaces/Robotics/Projects/CORI/cori_ws/src/cori_cv' returned '0': PYTHONPATH=/home/juptegraph/Workspaces/Robotics/Projects/CORI/cori_ws/build/cori_cv/prefix_override:/usr/lib/python3/dist-packages/colcon_core/task/python/colcon_distutils_commands:/home/juptegraph/Workspaces/Robotics/Projects/CORI/cori_ws/install/cori_cv/lib/python3.10/site-packages:${PYTHONPATH} /usr/bin/python3 -W ignore:setup.py install is deprecated -W ignore:easy_install command is deprecated setup.py egg_info --egg-base ../../build/cori_cv build --build-base /home/juptegraph/Workspaces/Robotics/Projects/CORI/cori_ws/build/cori_cv/build install --record /home/juptegraph/Workspaces/Robotics/Projects/CORI/cori_ws/build/cori_cv/install.log --single-version-externally-managed install_data
