[1.184s] Invoking command in '/home/juptegraph/Workspaces/Robotics/Projects/CORI/cori_ws/src/cori_gui': PYTHONPATH=/home/juptegraph/Workspaces/Robotics/Projects/CORI/cori_ws/build/cori_gui/prefix_override:/usr/lib/python3/dist-packages/colcon_core/task/python/colcon_distutils_commands:/home/juptegraph/Workspaces/Robotics/Projects/CORI/cori_ws/install/cori_gui/lib/python3.10/site-packages:${PYTHONPATH} /usr/bin/python3 -W ignore:setup.py install is deprecated -W ignore:easy_install command is deprecated setup.py egg_info --egg-base ../../build/cori_gui build --build-base /home/juptegraph/Workspaces/Robotics/Projects/CORI/cori_ws/build/cori_gui/build install --record /home/juptegraph/Workspaces/Robotics/Projects/CORI/cori_ws/build/cori_gui/install.log --single-version-externally-managed install_data
[1.383s] running egg_info
[1.383s] writing ../../build/cori_gui/cori_gui.egg-info/PKG-INFO
[1.384s] writing dependency_links to ../../build/cori_gui/cori_gui.egg-info/dependency_links.txt
[1.384s] writing entry points to ../../build/cori_gui/cori_gui.egg-info/entry_points.txt
[1.384s] writing requirements to ../../build/cori_gui/cori_gui.egg-info/requires.txt
[1.384s] writing top-level names to ../../build/cori_gui/cori_gui.egg-info/top_level.txt
[1.386s] reading manifest file '../../build/cori_gui/cori_gui.egg-info/SOURCES.txt'
[1.387s] writing manifest file '../../build/cori_gui/cori_gui.egg-info/SOURCES.txt'
[1.388s] running build
[1.388s] running build_py
[1.388s] running install
[1.388s] running install_lib
[1.390s] running install_data
[1.390s] running install_egg_info
[1.393s] removing '/home/juptegraph/Workspaces/Robotics/Projects/CORI/cori_ws/install/cori_gui/lib/python3.10/site-packages/cori_gui-1.0.0-py3.10.egg-info' (and everything under it)
[1.393s] Copying ../../build/cori_gui/cori_gui.egg-info to /home/juptegraph/Workspaces/Robotics/Projects/CORI/cori_ws/install/cori_gui/lib/python3.10/site-packages/cori_gui-1.0.0-py3.10.egg-info
[1.394s] running install_scripts
[1.417s] Installing color_display script to /home/juptegraph/Workspaces/Robotics/Projects/CORI/cori_ws/install/cori_gui/bin
[1.419s] writing list of installed files to '/home/juptegraph/Workspaces/Robotics/Projects/CORI/cori_ws/build/cori_gui/install.log'
[1.642s] Invoked command in '/home/juptegraph/Workspaces/Robotics/Projects/CORI/cori_ws/src/cori_gui' returned '0': PYTHONPATH=/home/juptegraph/Workspaces/Robotics/Projects/CORI/cori_ws/build/cori_gui/prefix_override:/usr/lib/python3/dist-packages/colcon_core/task/python/colcon_distutils_commands:/home/juptegraph/Workspaces/Robotics/Projects/CORI/cori_ws/install/cori_gui/lib/python3.10/site-packages:${PYTHONPATH} /usr/bin/python3 -W ignore:setup.py install is deprecated -W ignore:easy_install command is deprecated setup.py egg_info --egg-base ../../build/cori_gui build --build-base /home/juptegraph/Workspaces/Robotics/Projects/CORI/cori_ws/build/cori_gui/build install --record /home/juptegraph/Workspaces/Robotics/Projects/CORI/cori_ws/build/cori_gui/install.log --single-version-externally-managed install_data
