[0.084s] DEBUG:colcon:Command line arguments: ['/usr/bin/colcon', 'build', '--packages-select', 'cori_vision']
[0.084s] DEBUG:colcon:Parsed command line arguments: Namespace(log_base=None, log_level=None, verb_name='build', build_base='build', install_base='install', merge_install=False, symlink_install=False, test_result_base=None, continue_on_error=False, executor='parallel', parallel_workers=20, event_handlers=None, ignore_user_meta=False, metas=['./colcon.meta'], base_paths=['.'], packages_ignore=None, packages_ignore_regex=None, paths=None, packages_up_to=None, packages_up_to_regex=None, packages_above=None, packages_above_and_dependencies=None, packages_above_depth=None, packages_select_by_dep=None, packages_skip_by_dep=None, packages_skip_up_to=None, packages_select_build_failed=False, packages_skip_build_finished=False, packages_select_test_failures=False, packages_skip_test_passed=False, packages_select=['cori_vision'], packages_skip=None, packages_select_regex=None, packages_skip_regex=None, packages_start=None, packages_end=None, allow_overriding=[], cmake_args=None, cmake_target=None, cmake_target_skip_unavailable=False, cmake_clean_cache=False, cmake_clean_first=False, cmake_force_configure=False, ament_cmake_args=None, catkin_cmake_args=None, catkin_skip_building_tests=False, verb_parser=<colcon_defaults.argument_parser.defaults.DefaultArgumentsDecorator object at 0x7ebf4b95dcf0>, verb_extension=<colcon_core.verb.build.BuildVerb object at 0x7ebf4b95ceb0>, main=<bound method BuildVerb.main of <colcon_core.verb.build.BuildVerb object at 0x7ebf4b95ceb0>>)
[0.212s] Level 1:colcon.colcon_core.package_discovery:discover_packages(colcon_meta) check parameters
[0.213s] Level 1:colcon.colcon_core.package_discovery:discover_packages(recursive) check parameters
[0.213s] Level 1:colcon.colcon_core.package_discovery:discover_packages(ignore) check parameters
[0.213s] Level 1:colcon.colcon_core.package_discovery:discover_packages(path) check parameters
[0.213s] Level 1:colcon.colcon_core.package_discovery:discover_packages(colcon_meta) discover
[0.213s] Level 1:colcon.colcon_core.package_discovery:discover_packages(recursive) discover
[0.213s] INFO:colcon.colcon_core.package_discovery:Crawling recursively for packages in '/home/juptegraph/Workspaces/Robotics/Projects/CORI/cori_ws'
[0.213s] Level 1:colcon.colcon_core.package_identification:_identify(.) by extensions ['ignore', 'ignore_ament_install']
[0.213s] Level 1:colcon.colcon_core.package_identification:_identify(.) by extension 'ignore'
[0.213s] Level 1:colcon.colcon_core.package_identification:_identify(.) by extension 'ignore_ament_install'
[0.213s] Level 1:colcon.colcon_core.package_identification:_identify(.) by extensions ['colcon_pkg']
[0.213s] Level 1:colcon.colcon_core.package_identification:_identify(.) by extension 'colcon_pkg'
[0.213s] Level 1:colcon.colcon_core.package_identification:_identify(.) by extensions ['colcon_meta']
[0.213s] Level 1:colcon.colcon_core.package_identification:_identify(.) by extension 'colcon_meta'
[0.213s] Level 1:colcon.colcon_core.package_identification:_identify(.) by extensions ['ros']
[0.213s] Level 1:colcon.colcon_core.package_identification:_identify(.) by extension 'ros'
[0.223s] Level 1:colcon.colcon_core.package_identification:_identify(.) by extensions ['cmake', 'python']
[0.223s] Level 1:colcon.colcon_core.package_identification:_identify(.) by extension 'cmake'
[0.223s] Level 1:colcon.colcon_core.package_identification:_identify(.) by extension 'python'
[0.223s] Level 1:colcon.colcon_core.package_identification:_identify(.) by extensions ['python_setup_py']
[0.223s] Level 1:colcon.colcon_core.package_identification:_identify(.) by extension 'python_setup_py'
[0.223s] Level 1:colcon.colcon_core.package_identification:_identify(build) by extensions ['ignore', 'ignore_ament_install']
[0.223s] Level 1:colcon.colcon_core.package_identification:_identify(build) by extension 'ignore'
[0.223s] Level 1:colcon.colcon_core.package_identification:_identify(build) ignored
[0.223s] Level 1:colcon.colcon_core.package_identification:_identify(install) by extensions ['ignore', 'ignore_ament_install']
[0.223s] Level 1:colcon.colcon_core.package_identification:_identify(install) by extension 'ignore'
[0.223s] Level 1:colcon.colcon_core.package_identification:_identify(install) ignored
[0.223s] Level 1:colcon.colcon_core.package_identification:_identify(log) by extensions ['ignore', 'ignore_ament_install']
[0.223s] Level 1:colcon.colcon_core.package_identification:_identify(log) by extension 'ignore'
[0.223s] Level 1:colcon.colcon_core.package_identification:_identify(log) ignored
[0.223s] Level 1:colcon.colcon_core.package_identification:_identify(models) by extensions ['ignore', 'ignore_ament_install']
[0.223s] Level 1:colcon.colcon_core.package_identification:_identify(models) by extension 'ignore'
[0.223s] Level 1:colcon.colcon_core.package_identification:_identify(models) by extension 'ignore_ament_install'
[0.223s] Level 1:colcon.colcon_core.package_identification:_identify(models) by extensions ['colcon_pkg']
[0.224s] Level 1:colcon.colcon_core.package_identification:_identify(models) by extension 'colcon_pkg'
[0.224s] Level 1:colcon.colcon_core.package_identification:_identify(models) by extensions ['colcon_meta']
[0.224s] Level 1:colcon.colcon_core.package_identification:_identify(models) by extension 'colcon_meta'
[0.224s] Level 1:colcon.colcon_core.package_identification:_identify(models) by extensions ['ros']
[0.224s] Level 1:colcon.colcon_core.package_identification:_identify(models) by extension 'ros'
[0.224s] Level 1:colcon.colcon_core.package_identification:_identify(models) by extensions ['cmake', 'python']
[0.224s] Level 1:colcon.colcon_core.package_identification:_identify(models) by extension 'cmake'
[0.224s] Level 1:colcon.colcon_core.package_identification:_identify(models) by extension 'python'
[0.224s] Level 1:colcon.colcon_core.package_identification:_identify(models) by extensions ['python_setup_py']
[0.224s] Level 1:colcon.colcon_core.package_identification:_identify(models) by extension 'python_setup_py'
[0.224s] Level 1:colcon.colcon_core.package_identification:_identify(models/Sun) by extensions ['ignore', 'ignore_ament_install']
[0.224s] Level 1:colcon.colcon_core.package_identification:_identify(models/Sun) by extension 'ignore'
[0.224s] Level 1:colcon.colcon_core.package_identification:_identify(models/Sun) by extension 'ignore_ament_install'
[0.224s] Level 1:colcon.colcon_core.package_identification:_identify(models/Sun) by extensions ['colcon_pkg']
[0.224s] Level 1:colcon.colcon_core.package_identification:_identify(models/Sun) by extension 'colcon_pkg'
[0.224s] Level 1:colcon.colcon_core.package_identification:_identify(models/Sun) by extensions ['colcon_meta']
[0.224s] Level 1:colcon.colcon_core.package_identification:_identify(models/Sun) by extension 'colcon_meta'
[0.224s] Level 1:colcon.colcon_core.package_identification:_identify(models/Sun) by extensions ['ros']
[0.224s] Level 1:colcon.colcon_core.package_identification:_identify(models/Sun) by extension 'ros'
[0.224s] Level 1:colcon.colcon_core.package_identification:_identify(models/Sun) by extensions ['cmake', 'python']
[0.224s] Level 1:colcon.colcon_core.package_identification:_identify(models/Sun) by extension 'cmake'
[0.224s] Level 1:colcon.colcon_core.package_identification:_identify(models/Sun) by extension 'python'
[0.224s] Level 1:colcon.colcon_core.package_identification:_identify(models/Sun) by extensions ['python_setup_py']
[0.224s] Level 1:colcon.colcon_core.package_identification:_identify(models/Sun) by extension 'python_setup_py'
[0.224s] Level 1:colcon.colcon_core.package_identification:_identify(models/ground_plane) by extensions ['ignore', 'ignore_ament_install']
[0.224s] Level 1:colcon.colcon_core.package_identification:_identify(models/ground_plane) by extension 'ignore'
[0.224s] Level 1:colcon.colcon_core.package_identification:_identify(models/ground_plane) by extension 'ignore_ament_install'
[0.224s] Level 1:colcon.colcon_core.package_identification:_identify(models/ground_plane) by extensions ['colcon_pkg']
[0.224s] Level 1:colcon.colcon_core.package_identification:_identify(models/ground_plane) by extension 'colcon_pkg'
[0.224s] Level 1:colcon.colcon_core.package_identification:_identify(models/ground_plane) by extensions ['colcon_meta']
[0.224s] Level 1:colcon.colcon_core.package_identification:_identify(models/ground_plane) by extension 'colcon_meta'
[0.224s] Level 1:colcon.colcon_core.package_identification:_identify(models/ground_plane) by extensions ['ros']
[0.224s] Level 1:colcon.colcon_core.package_identification:_identify(models/ground_plane) by extension 'ros'
[0.224s] Level 1:colcon.colcon_core.package_identification:_identify(models/ground_plane) by extensions ['cmake', 'python']
[0.224s] Level 1:colcon.colcon_core.package_identification:_identify(models/ground_plane) by extension 'cmake'
[0.224s] Level 1:colcon.colcon_core.package_identification:_identify(models/ground_plane) by extension 'python'
[0.225s] Level 1:colcon.colcon_core.package_identification:_identify(models/ground_plane) by extensions ['python_setup_py']
[0.225s] Level 1:colcon.colcon_core.package_identification:_identify(models/ground_plane) by extension 'python_setup_py'
[0.225s] Level 1:colcon.colcon_core.package_identification:_identify(scripts) by extensions ['ignore', 'ignore_ament_install']
[0.225s] Level 1:colcon.colcon_core.package_identification:_identify(scripts) by extension 'ignore'
[0.225s] Level 1:colcon.colcon_core.package_identification:_identify(scripts) by extension 'ignore_ament_install'
[0.225s] Level 1:colcon.colcon_core.package_identification:_identify(scripts) by extensions ['colcon_pkg']
[0.225s] Level 1:colcon.colcon_core.package_identification:_identify(scripts) by extension 'colcon_pkg'
[0.225s] Level 1:colcon.colcon_core.package_identification:_identify(scripts) by extensions ['colcon_meta']
[0.225s] Level 1:colcon.colcon_core.package_identification:_identify(scripts) by extension 'colcon_meta'
[0.225s] Level 1:colcon.colcon_core.package_identification:_identify(scripts) by extensions ['ros']
[0.225s] Level 1:colcon.colcon_core.package_identification:_identify(scripts) by extension 'ros'
[0.225s] Level 1:colcon.colcon_core.package_identification:_identify(scripts) by extensions ['cmake', 'python']
[0.225s] Level 1:colcon.colcon_core.package_identification:_identify(scripts) by extension 'cmake'
[0.225s] Level 1:colcon.colcon_core.package_identification:_identify(scripts) by extension 'python'
[0.225s] Level 1:colcon.colcon_core.package_identification:_identify(scripts) by extensions ['python_setup_py']
[0.225s] Level 1:colcon.colcon_core.package_identification:_identify(scripts) by extension 'python_setup_py'
[0.225s] Level 1:colcon.colcon_core.package_identification:_identify(shared) by extensions ['ignore', 'ignore_ament_install']
[0.225s] Level 1:colcon.colcon_core.package_identification:_identify(shared) by extension 'ignore'
[0.225s] Level 1:colcon.colcon_core.package_identification:_identify(shared) by extension 'ignore_ament_install'
[0.225s] Level 1:colcon.colcon_core.package_identification:_identify(shared) by extensions ['colcon_pkg']
[0.225s] Level 1:colcon.colcon_core.package_identification:_identify(shared) by extension 'colcon_pkg'
[0.225s] Level 1:colcon.colcon_core.package_identification:_identify(shared) by extensions ['colcon_meta']
[0.225s] Level 1:colcon.colcon_core.package_identification:_identify(shared) by extension 'colcon_meta'
[0.225s] Level 1:colcon.colcon_core.package_identification:_identify(shared) by extensions ['ros']
[0.225s] Level 1:colcon.colcon_core.package_identification:_identify(shared) by extension 'ros'
[0.225s] Level 1:colcon.colcon_core.package_identification:_identify(shared) by extensions ['cmake', 'python']
[0.225s] Level 1:colcon.colcon_core.package_identification:_identify(shared) by extension 'cmake'
[0.225s] Level 1:colcon.colcon_core.package_identification:_identify(shared) by extension 'python'
[0.225s] Level 1:colcon.colcon_core.package_identification:_identify(shared) by extensions ['python_setup_py']
[0.225s] Level 1:colcon.colcon_core.package_identification:_identify(shared) by extension 'python_setup_py'
[0.225s] Level 1:colcon.colcon_core.package_identification:_identify(shared/database) by extensions ['ignore', 'ignore_ament_install']
[0.225s] Level 1:colcon.colcon_core.package_identification:_identify(shared/database) by extension 'ignore'
[0.225s] Level 1:colcon.colcon_core.package_identification:_identify(shared/database) by extension 'ignore_ament_install'
[0.225s] Level 1:colcon.colcon_core.package_identification:_identify(shared/database) by extensions ['colcon_pkg']
[0.226s] Level 1:colcon.colcon_core.package_identification:_identify(shared/database) by extension 'colcon_pkg'
[0.226s] Level 1:colcon.colcon_core.package_identification:_identify(shared/database) by extensions ['colcon_meta']
[0.226s] Level 1:colcon.colcon_core.package_identification:_identify(shared/database) by extension 'colcon_meta'
[0.226s] Level 1:colcon.colcon_core.package_identification:_identify(shared/database) by extensions ['ros']
[0.226s] Level 1:colcon.colcon_core.package_identification:_identify(shared/database) by extension 'ros'
[0.226s] Level 1:colcon.colcon_core.package_identification:_identify(shared/database) by extensions ['cmake', 'python']
[0.226s] Level 1:colcon.colcon_core.package_identification:_identify(shared/database) by extension 'cmake'
[0.226s] Level 1:colcon.colcon_core.package_identification:_identify(shared/database) by extension 'python'
[0.226s] Level 1:colcon.colcon_core.package_identification:_identify(shared/database) by extensions ['python_setup_py']
[0.226s] Level 1:colcon.colcon_core.package_identification:_identify(shared/database) by extension 'python_setup_py'
[0.226s] Level 1:colcon.colcon_core.package_identification:_identify(shared/models) by extensions ['ignore', 'ignore_ament_install']
[0.226s] Level 1:colcon.colcon_core.package_identification:_identify(shared/models) by extension 'ignore'
[0.226s] Level 1:colcon.colcon_core.package_identification:_identify(shared/models) by extension 'ignore_ament_install'
[0.226s] Level 1:colcon.colcon_core.package_identification:_identify(shared/models) by extensions ['colcon_pkg']
[0.226s] Level 1:colcon.colcon_core.package_identification:_identify(shared/models) by extension 'colcon_pkg'
[0.226s] Level 1:colcon.colcon_core.package_identification:_identify(shared/models) by extensions ['colcon_meta']
[0.226s] Level 1:colcon.colcon_core.package_identification:_identify(shared/models) by extension 'colcon_meta'
[0.226s] Level 1:colcon.colcon_core.package_identification:_identify(shared/models) by extensions ['ros']
[0.226s] Level 1:colcon.colcon_core.package_identification:_identify(shared/models) by extension 'ros'
[0.226s] Level 1:colcon.colcon_core.package_identification:_identify(shared/models) by extensions ['cmake', 'python']
[0.226s] Level 1:colcon.colcon_core.package_identification:_identify(shared/models) by extension 'cmake'
[0.226s] Level 1:colcon.colcon_core.package_identification:_identify(shared/models) by extension 'python'
[0.226s] Level 1:colcon.colcon_core.package_identification:_identify(shared/models) by extensions ['python_setup_py']
[0.226s] Level 1:colcon.colcon_core.package_identification:_identify(shared/models) by extension 'python_setup_py'
[0.226s] Level 1:colcon.colcon_core.package_identification:_identify(shared/models/Sun) by extensions ['ignore', 'ignore_ament_install']
[0.226s] Level 1:colcon.colcon_core.package_identification:_identify(shared/models/Sun) by extension 'ignore'
[0.226s] Level 1:colcon.colcon_core.package_identification:_identify(shared/models/Sun) by extension 'ignore_ament_install'
[0.226s] Level 1:colcon.colcon_core.package_identification:_identify(shared/models/Sun) by extensions ['colcon_pkg']
[0.226s] Level 1:colcon.colcon_core.package_identification:_identify(shared/models/Sun) by extension 'colcon_pkg'
[0.226s] Level 1:colcon.colcon_core.package_identification:_identify(shared/models/Sun) by extensions ['colcon_meta']
[0.226s] Level 1:colcon.colcon_core.package_identification:_identify(shared/models/Sun) by extension 'colcon_meta'
[0.226s] Level 1:colcon.colcon_core.package_identification:_identify(shared/models/Sun) by extensions ['ros']
[0.226s] Level 1:colcon.colcon_core.package_identification:_identify(shared/models/Sun) by extension 'ros'
[0.227s] Level 1:colcon.colcon_core.package_identification:_identify(shared/models/Sun) by extensions ['cmake', 'python']
[0.227s] Level 1:colcon.colcon_core.package_identification:_identify(shared/models/Sun) by extension 'cmake'
[0.227s] Level 1:colcon.colcon_core.package_identification:_identify(shared/models/Sun) by extension 'python'
[0.227s] Level 1:colcon.colcon_core.package_identification:_identify(shared/models/Sun) by extensions ['python_setup_py']
[0.227s] Level 1:colcon.colcon_core.package_identification:_identify(shared/models/Sun) by extension 'python_setup_py'
[0.227s] Level 1:colcon.colcon_core.package_identification:_identify(shared/models/ground_plane) by extensions ['ignore', 'ignore_ament_install']
[0.227s] Level 1:colcon.colcon_core.package_identification:_identify(shared/models/ground_plane) by extension 'ignore'
[0.227s] Level 1:colcon.colcon_core.package_identification:_identify(shared/models/ground_plane) by extension 'ignore_ament_install'
[0.227s] Level 1:colcon.colcon_core.package_identification:_identify(shared/models/ground_plane) by extensions ['colcon_pkg']
[0.227s] Level 1:colcon.colcon_core.package_identification:_identify(shared/models/ground_plane) by extension 'colcon_pkg'
[0.227s] Level 1:colcon.colcon_core.package_identification:_identify(shared/models/ground_plane) by extensions ['colcon_meta']
[0.227s] Level 1:colcon.colcon_core.package_identification:_identify(shared/models/ground_plane) by extension 'colcon_meta'
[0.227s] Level 1:colcon.colcon_core.package_identification:_identify(shared/models/ground_plane) by extensions ['ros']
[0.227s] Level 1:colcon.colcon_core.package_identification:_identify(shared/models/ground_plane) by extension 'ros'
[0.227s] Level 1:colcon.colcon_core.package_identification:_identify(shared/models/ground_plane) by extensions ['cmake', 'python']
[0.227s] Level 1:colcon.colcon_core.package_identification:_identify(shared/models/ground_plane) by extension 'cmake'
[0.227s] Level 1:colcon.colcon_core.package_identification:_identify(shared/models/ground_plane) by extension 'python'
[0.227s] Level 1:colcon.colcon_core.package_identification:_identify(shared/models/ground_plane) by extensions ['python_setup_py']
[0.227s] Level 1:colcon.colcon_core.package_identification:_identify(shared/models/ground_plane) by extension 'python_setup_py'
[0.227s] Level 1:colcon.colcon_core.package_identification:_identify(shared/worlds) by extensions ['ignore', 'ignore_ament_install']
[0.227s] Level 1:colcon.colcon_core.package_identification:_identify(shared/worlds) by extension 'ignore'
[0.227s] Level 1:colcon.colcon_core.package_identification:_identify(shared/worlds) by extension 'ignore_ament_install'
[0.227s] Level 1:colcon.colcon_core.package_identification:_identify(shared/worlds) by extensions ['colcon_pkg']
[0.227s] Level 1:colcon.colcon_core.package_identification:_identify(shared/worlds) by extension 'colcon_pkg'
[0.227s] Level 1:colcon.colcon_core.package_identification:_identify(shared/worlds) by extensions ['colcon_meta']
[0.227s] Level 1:colcon.colcon_core.package_identification:_identify(shared/worlds) by extension 'colcon_meta'
[0.227s] Level 1:colcon.colcon_core.package_identification:_identify(shared/worlds) by extensions ['ros']
[0.227s] Level 1:colcon.colcon_core.package_identification:_identify(shared/worlds) by extension 'ros'
[0.227s] Level 1:colcon.colcon_core.package_identification:_identify(shared/worlds) by extensions ['cmake', 'python']
[0.227s] Level 1:colcon.colcon_core.package_identification:_identify(shared/worlds) by extension 'cmake'
[0.227s] Level 1:colcon.colcon_core.package_identification:_identify(shared/worlds) by extension 'python'
[0.227s] Level 1:colcon.colcon_core.package_identification:_identify(shared/worlds) by extensions ['python_setup_py']
[0.227s] Level 1:colcon.colcon_core.package_identification:_identify(shared/worlds) by extension 'python_setup_py'
[0.228s] Level 1:colcon.colcon_core.package_identification:_identify(src) by extensions ['ignore', 'ignore_ament_install']
[0.228s] Level 1:colcon.colcon_core.package_identification:_identify(src) by extension 'ignore'
[0.228s] Level 1:colcon.colcon_core.package_identification:_identify(src) by extension 'ignore_ament_install'
[0.228s] Level 1:colcon.colcon_core.package_identification:_identify(src) by extensions ['colcon_pkg']
[0.228s] Level 1:colcon.colcon_core.package_identification:_identify(src) by extension 'colcon_pkg'
[0.228s] Level 1:colcon.colcon_core.package_identification:_identify(src) by extensions ['colcon_meta']
[0.228s] Level 1:colcon.colcon_core.package_identification:_identify(src) by extension 'colcon_meta'
[0.228s] Level 1:colcon.colcon_core.package_identification:_identify(src) by extensions ['ros']
[0.228s] Level 1:colcon.colcon_core.package_identification:_identify(src) by extension 'ros'
[0.228s] Level 1:colcon.colcon_core.package_identification:_identify(src) by extensions ['cmake', 'python']
[0.228s] Level 1:colcon.colcon_core.package_identification:_identify(src) by extension 'cmake'
[0.228s] Level 1:colcon.colcon_core.package_identification:_identify(src) by extension 'python'
[0.228s] Level 1:colcon.colcon_core.package_identification:_identify(src) by extensions ['python_setup_py']
[0.228s] Level 1:colcon.colcon_core.package_identification:_identify(src) by extension 'python_setup_py'
[0.228s] Level 1:colcon.colcon_core.package_identification:_identify(src/cori_control) by extensions ['ignore', 'ignore_ament_install']
[0.228s] Level 1:colcon.colcon_core.package_identification:_identify(src/cori_control) by extension 'ignore'
[0.228s] Level 1:colcon.colcon_core.package_identification:_identify(src/cori_control) by extension 'ignore_ament_install'
[0.228s] Level 1:colcon.colcon_core.package_identification:_identify(src/cori_control) by extensions ['colcon_pkg']
[0.228s] Level 1:colcon.colcon_core.package_identification:_identify(src/cori_control) by extension 'colcon_pkg'
[0.228s] Level 1:colcon.colcon_core.package_identification:_identify(src/cori_control) by extensions ['colcon_meta']
[0.228s] Level 1:colcon.colcon_core.package_identification:_identify(src/cori_control) by extension 'colcon_meta'
[0.228s] Level 1:colcon.colcon_core.package_identification:_identify(src/cori_control) by extensions ['ros']
[0.228s] Level 1:colcon.colcon_core.package_identification:_identify(src/cori_control) by extension 'ros'
[0.230s] DEBUG:colcon.colcon_core.package_identification:Package 'src/cori_control' with type 'ros.ament_python' and name 'cori_control'
[0.231s] Level 1:colcon.colcon_core.package_identification:_identify(src/cori_core) by extensions ['ignore', 'ignore_ament_install']
[0.231s] Level 1:colcon.colcon_core.package_identification:_identify(src/cori_core) by extension 'ignore'
[0.231s] Level 1:colcon.colcon_core.package_identification:_identify(src/cori_core) by extension 'ignore_ament_install'
[0.231s] Level 1:colcon.colcon_core.package_identification:_identify(src/cori_core) by extensions ['colcon_pkg']
[0.231s] Level 1:colcon.colcon_core.package_identification:_identify(src/cori_core) by extension 'colcon_pkg'
[0.231s] Level 1:colcon.colcon_core.package_identification:_identify(src/cori_core) by extensions ['colcon_meta']
[0.231s] Level 1:colcon.colcon_core.package_identification:_identify(src/cori_core) by extension 'colcon_meta'
[0.231s] Level 1:colcon.colcon_core.package_identification:_identify(src/cori_core) by extensions ['ros']
[0.231s] Level 1:colcon.colcon_core.package_identification:_identify(src/cori_core) by extension 'ros'
[0.232s] DEBUG:colcon.colcon_core.package_identification:Package 'src/cori_core' with type 'ros.ament_python' and name 'cori_core'
[0.232s] Level 1:colcon.colcon_core.package_identification:_identify(src/cori_description) by extensions ['ignore', 'ignore_ament_install']
[0.232s] Level 1:colcon.colcon_core.package_identification:_identify(src/cori_description) by extension 'ignore'
[0.232s] Level 1:colcon.colcon_core.package_identification:_identify(src/cori_description) by extension 'ignore_ament_install'
[0.232s] Level 1:colcon.colcon_core.package_identification:_identify(src/cori_description) by extensions ['colcon_pkg']
[0.232s] Level 1:colcon.colcon_core.package_identification:_identify(src/cori_description) by extension 'colcon_pkg'
[0.232s] Level 1:colcon.colcon_core.package_identification:_identify(src/cori_description) by extensions ['colcon_meta']
[0.232s] Level 1:colcon.colcon_core.package_identification:_identify(src/cori_description) by extension 'colcon_meta'
[0.232s] Level 1:colcon.colcon_core.package_identification:_identify(src/cori_description) by extensions ['ros']
[0.232s] Level 1:colcon.colcon_core.package_identification:_identify(src/cori_description) by extension 'ros'
[0.232s] DEBUG:colcon.colcon_core.package_identification:Package 'src/cori_description' with type 'ros.ament_cmake' and name 'cori_description'
[0.232s] Level 1:colcon.colcon_core.package_identification:_identify(src/cori_gui) by extensions ['ignore', 'ignore_ament_install']
[0.232s] Level 1:colcon.colcon_core.package_identification:_identify(src/cori_gui) by extension 'ignore'
[0.233s] Level 1:colcon.colcon_core.package_identification:_identify(src/cori_gui) by extension 'ignore_ament_install'
[0.233s] Level 1:colcon.colcon_core.package_identification:_identify(src/cori_gui) by extensions ['colcon_pkg']
[0.233s] Level 1:colcon.colcon_core.package_identification:_identify(src/cori_gui) by extension 'colcon_pkg'
[0.233s] Level 1:colcon.colcon_core.package_identification:_identify(src/cori_gui) by extensions ['colcon_meta']
[0.233s] Level 1:colcon.colcon_core.package_identification:_identify(src/cori_gui) by extension 'colcon_meta'
[0.233s] Level 1:colcon.colcon_core.package_identification:_identify(src/cori_gui) by extensions ['ros']
[0.233s] Level 1:colcon.colcon_core.package_identification:_identify(src/cori_gui) by extension 'ros'
[0.233s] DEBUG:colcon.colcon_core.package_identification:Package 'src/cori_gui' with type 'ros.ament_python' and name 'cori_gui'
[0.233s] Level 1:colcon.colcon_core.package_identification:_identify(src/cori_simulation) by extensions ['ignore', 'ignore_ament_install']
[0.233s] Level 1:colcon.colcon_core.package_identification:_identify(src/cori_simulation) by extension 'ignore'
[0.233s] Level 1:colcon.colcon_core.package_identification:_identify(src/cori_simulation) by extension 'ignore_ament_install'
[0.233s] Level 1:colcon.colcon_core.package_identification:_identify(src/cori_simulation) by extensions ['colcon_pkg']
[0.233s] Level 1:colcon.colcon_core.package_identification:_identify(src/cori_simulation) by extension 'colcon_pkg'
[0.233s] Level 1:colcon.colcon_core.package_identification:_identify(src/cori_simulation) by extensions ['colcon_meta']
[0.234s] Level 1:colcon.colcon_core.package_identification:_identify(src/cori_simulation) by extension 'colcon_meta'
[0.234s] Level 1:colcon.colcon_core.package_identification:_identify(src/cori_simulation) by extensions ['ros']
[0.234s] Level 1:colcon.colcon_core.package_identification:_identify(src/cori_simulation) by extension 'ros'
[0.234s] DEBUG:colcon.colcon_core.package_identification:Package 'src/cori_simulation' with type 'ros.ament_python' and name 'cori_simulation'
[0.234s] Level 1:colcon.colcon_core.package_identification:_identify(src/cori_tools) by extensions ['ignore', 'ignore_ament_install']
[0.234s] Level 1:colcon.colcon_core.package_identification:_identify(src/cori_tools) by extension 'ignore'
[0.234s] Level 1:colcon.colcon_core.package_identification:_identify(src/cori_tools) by extension 'ignore_ament_install'
[0.234s] Level 1:colcon.colcon_core.package_identification:_identify(src/cori_tools) by extensions ['colcon_pkg']
[0.234s] Level 1:colcon.colcon_core.package_identification:_identify(src/cori_tools) by extension 'colcon_pkg'
[0.235s] Level 1:colcon.colcon_core.package_identification:_identify(src/cori_tools) by extensions ['colcon_meta']
[0.235s] Level 1:colcon.colcon_core.package_identification:_identify(src/cori_tools) by extension 'colcon_meta'
[0.235s] Level 1:colcon.colcon_core.package_identification:_identify(src/cori_tools) by extensions ['ros']
[0.235s] Level 1:colcon.colcon_core.package_identification:_identify(src/cori_tools) by extension 'ros'
[0.235s] DEBUG:colcon.colcon_core.package_identification:Package 'src/cori_tools' with type 'ros.ament_python' and name 'cori_tools'
[0.235s] Level 1:colcon.colcon_core.package_identification:_identify(src/cori_vision) by extensions ['ignore', 'ignore_ament_install']
[0.235s] Level 1:colcon.colcon_core.package_identification:_identify(src/cori_vision) by extension 'ignore'
[0.235s] Level 1:colcon.colcon_core.package_identification:_identify(src/cori_vision) by extension 'ignore_ament_install'
[0.235s] Level 1:colcon.colcon_core.package_identification:_identify(src/cori_vision) by extensions ['colcon_pkg']
[0.235s] Level 1:colcon.colcon_core.package_identification:_identify(src/cori_vision) by extension 'colcon_pkg'
[0.235s] Level 1:colcon.colcon_core.package_identification:_identify(src/cori_vision) by extensions ['colcon_meta']
[0.235s] Level 1:colcon.colcon_core.package_identification:_identify(src/cori_vision) by extension 'colcon_meta'
[0.235s] Level 1:colcon.colcon_core.package_identification:_identify(src/cori_vision) by extensions ['ros']
[0.235s] Level 1:colcon.colcon_core.package_identification:_identify(src/cori_vision) by extension 'ros'
[0.236s] DEBUG:colcon.colcon_core.package_identification:Package 'src/cori_vision' with type 'ros.ament_python' and name 'cori_vision'
[0.236s] Level 1:colcon.colcon_core.package_discovery:discover_packages(recursive) using defaults
[0.236s] Level 1:colcon.colcon_core.package_discovery:discover_packages(ignore) discover
[0.236s] Level 1:colcon.colcon_core.package_discovery:discover_packages(ignore) using defaults
[0.236s] Level 1:colcon.colcon_core.package_discovery:discover_packages(path) discover
[0.236s] Level 1:colcon.colcon_core.package_discovery:discover_packages(path) using defaults
[0.264s] INFO:colcon.colcon_core.package_selection:Skipping not selected package 'cori_control' in 'src/cori_control'
[0.264s] INFO:colcon.colcon_core.package_selection:Skipping not selected package 'cori_core' in 'src/cori_core'
[0.264s] INFO:colcon.colcon_core.package_selection:Skipping not selected package 'cori_description' in 'src/cori_description'
[0.264s] INFO:colcon.colcon_core.package_selection:Skipping not selected package 'cori_gui' in 'src/cori_gui'
[0.264s] INFO:colcon.colcon_core.package_selection:Skipping not selected package 'cori_tools' in 'src/cori_tools'
[0.264s] INFO:colcon.colcon_core.package_selection:Skipping not selected package 'cori_simulation' in 'src/cori_simulation'
[0.265s] Level 1:colcon.colcon_core.package_discovery:discover_packages(prefix_path) check parameters
[0.265s] Level 1:colcon.colcon_core.package_discovery:discover_packages(prefix_path) discover
[0.266s] DEBUG:colcon.colcon_installed_package_information.package_discovery:Found 7 installed packages in /home/juptegraph/Workspaces/Robotics/Projects/CORI/cori_ws/install
[0.267s] DEBUG:colcon.colcon_installed_package_information.package_discovery:Found 338 installed packages in /opt/ros/humble
[0.268s] Level 1:colcon.colcon_core.package_discovery:discover_packages(prefix_path) using defaults
[0.307s] Level 5:colcon.colcon_core.verb:set package 'cori_vision' build argument 'cmake_args' from command line to 'None'
[0.307s] Level 5:colcon.colcon_core.verb:set package 'cori_vision' build argument 'cmake_target' from command line to 'None'
[0.307s] Level 5:colcon.colcon_core.verb:set package 'cori_vision' build argument 'cmake_target_skip_unavailable' from command line to 'False'
[0.307s] Level 5:colcon.colcon_core.verb:set package 'cori_vision' build argument 'cmake_clean_cache' from command line to 'False'
[0.307s] Level 5:colcon.colcon_core.verb:set package 'cori_vision' build argument 'cmake_clean_first' from command line to 'False'
[0.307s] Level 5:colcon.colcon_core.verb:set package 'cori_vision' build argument 'cmake_force_configure' from command line to 'False'
[0.307s] Level 5:colcon.colcon_core.verb:set package 'cori_vision' build argument 'ament_cmake_args' from command line to 'None'
[0.307s] Level 5:colcon.colcon_core.verb:set package 'cori_vision' build argument 'catkin_cmake_args' from command line to 'None'
[0.307s] Level 5:colcon.colcon_core.verb:set package 'cori_vision' build argument 'catkin_skip_building_tests' from command line to 'False'
[0.307s] DEBUG:colcon.colcon_core.verb:Building package 'cori_vision' with the following arguments: {'ament_cmake_args': None, 'build_base': '/home/juptegraph/Workspaces/Robotics/Projects/CORI/cori_ws/build/cori_vision', 'catkin_cmake_args': None, 'catkin_skip_building_tests': False, 'cmake_args': None, 'cmake_clean_cache': False, 'cmake_clean_first': False, 'cmake_force_configure': False, 'cmake_target': None, 'cmake_target_skip_unavailable': False, 'install_base': '/home/juptegraph/Workspaces/Robotics/Projects/CORI/cori_ws/install/cori_vision', 'merge_install': False, 'path': '/home/juptegraph/Workspaces/Robotics/Projects/CORI/cori_ws/src/cori_vision', 'symlink_install': False, 'test_result_base': None}
[0.307s] INFO:colcon.colcon_core.executor:Executing jobs using 'parallel' executor
[0.309s] DEBUG:colcon.colcon_parallel_executor.executor.parallel:run_until_complete
[0.309s] INFO:colcon.colcon_ros.task.ament_python.build:Building ROS package in '/home/juptegraph/Workspaces/Robotics/Projects/CORI/cori_ws/src/cori_vision' with build type 'ament_python'
[0.309s] Level 1:colcon.colcon_core.shell:create_environment_hook('cori_vision', 'ament_prefix_path')
[0.311s] INFO:colcon.colcon_core.plugin_system:Skipping extension 'colcon_core.shell.bat': Not used on non-Windows systems
[0.311s] INFO:colcon.colcon_core.shell:Creating environment hook '/home/juptegraph/Workspaces/Robotics/Projects/CORI/cori_ws/install/cori_vision/share/cori_vision/hook/ament_prefix_path.ps1'
[0.311s] INFO:colcon.colcon_core.shell:Creating environment descriptor '/home/juptegraph/Workspaces/Robotics/Projects/CORI/cori_ws/install/cori_vision/share/cori_vision/hook/ament_prefix_path.dsv'
[0.311s] INFO:colcon.colcon_core.shell:Creating environment hook '/home/juptegraph/Workspaces/Robotics/Projects/CORI/cori_ws/install/cori_vision/share/cori_vision/hook/ament_prefix_path.sh'
[0.312s] INFO:colcon.colcon_core.shell:Skip shell extension 'powershell' for command environment: Not usable outside of PowerShell
[0.312s] DEBUG:colcon.colcon_core.shell:Skip shell extension 'dsv' for command environment
[0.508s] INFO:colcon.colcon_core.task.python.build:Building Python package in '/home/juptegraph/Workspaces/Robotics/Projects/CORI/cori_ws/src/cori_vision'
[0.509s] INFO:colcon.colcon_core.shell:Skip shell extension 'powershell' for command environment: Not usable outside of PowerShell
[0.509s] DEBUG:colcon.colcon_core.shell:Skip shell extension 'dsv' for command environment
[0.785s] DEBUG:colcon.colcon_core.event_handler.log_command:Invoking command in '/home/juptegraph/Workspaces/Robotics/Projects/CORI/cori_ws/src/cori_vision': PYTHONPATH=/home/juptegraph/Workspaces/Robotics/Projects/CORI/cori_ws/build/cori_vision/prefix_override:/usr/lib/python3/dist-packages/colcon_core/task/python/colcon_distutils_commands:/home/juptegraph/Workspaces/Robotics/Projects/CORI/cori_ws/install/cori_vision/lib/python3.10/site-packages:${PYTHONPATH} /usr/bin/python3 -W ignore:setup.py install is deprecated -W ignore:easy_install command is deprecated setup.py egg_info --egg-base ../../build/cori_vision build --build-base /home/juptegraph/Workspaces/Robotics/Projects/CORI/cori_ws/build/cori_vision/build install --record /home/juptegraph/Workspaces/Robotics/Projects/CORI/cori_ws/build/cori_vision/install.log --single-version-externally-managed install_data
[1.016s] DEBUG:colcon.colcon_core.event_handler.log_command:Invoked command in '/home/juptegraph/Workspaces/Robotics/Projects/CORI/cori_ws/src/cori_vision' returned '0': PYTHONPATH=/home/juptegraph/Workspaces/Robotics/Projects/CORI/cori_ws/build/cori_vision/prefix_override:/usr/lib/python3/dist-packages/colcon_core/task/python/colcon_distutils_commands:/home/juptegraph/Workspaces/Robotics/Projects/CORI/cori_ws/install/cori_vision/lib/python3.10/site-packages:${PYTHONPATH} /usr/bin/python3 -W ignore:setup.py install is deprecated -W ignore:easy_install command is deprecated setup.py egg_info --egg-base ../../build/cori_vision build --build-base /home/juptegraph/Workspaces/Robotics/Projects/CORI/cori_ws/build/cori_vision/build install --record /home/juptegraph/Workspaces/Robotics/Projects/CORI/cori_ws/build/cori_vision/install.log --single-version-externally-managed install_data
[1.017s] Level 1:colcon.colcon_core.environment:checking '/home/juptegraph/Workspaces/Robotics/Projects/CORI/cori_ws/install/cori_vision' for CMake module files
[1.018s] Level 1:colcon.colcon_core.environment:checking '/home/juptegraph/Workspaces/Robotics/Projects/CORI/cori_ws/install/cori_vision' for CMake config files
[1.018s] Level 1:colcon.colcon_core.environment:checking '/home/juptegraph/Workspaces/Robotics/Projects/CORI/cori_ws/install/cori_vision/lib'
[1.018s] Level 1:colcon.colcon_core.environment:checking '/home/juptegraph/Workspaces/Robotics/Projects/CORI/cori_ws/install/cori_vision/bin'
[1.018s] Level 1:colcon.colcon_core.shell:create_environment_hook('cori_vision', 'path')
[1.018s] INFO:colcon.colcon_core.shell:Creating environment hook '/home/juptegraph/Workspaces/Robotics/Projects/CORI/cori_ws/install/cori_vision/share/cori_vision/hook/path.ps1'
[1.019s] INFO:colcon.colcon_core.shell:Creating environment descriptor '/home/juptegraph/Workspaces/Robotics/Projects/CORI/cori_ws/install/cori_vision/share/cori_vision/hook/path.dsv'
[1.019s] INFO:colcon.colcon_core.shell:Creating environment hook '/home/juptegraph/Workspaces/Robotics/Projects/CORI/cori_ws/install/cori_vision/share/cori_vision/hook/path.sh'
[1.019s] Level 1:colcon.colcon_core.environment:checking '/home/juptegraph/Workspaces/Robotics/Projects/CORI/cori_ws/install/cori_vision/lib/pkgconfig/cori_vision.pc'
[1.019s] Level 1:colcon.colcon_core.environment:checking '/home/juptegraph/Workspaces/Robotics/Projects/CORI/cori_ws/install/cori_vision/lib/python3.10/site-packages'
[1.019s] Level 1:colcon.colcon_core.shell:create_environment_hook('cori_vision', 'pythonpath')
[1.019s] INFO:colcon.colcon_core.shell:Creating environment hook '/home/juptegraph/Workspaces/Robotics/Projects/CORI/cori_ws/install/cori_vision/share/cori_vision/hook/pythonpath.ps1'
[1.020s] INFO:colcon.colcon_core.shell:Creating environment descriptor '/home/juptegraph/Workspaces/Robotics/Projects/CORI/cori_ws/install/cori_vision/share/cori_vision/hook/pythonpath.dsv'
[1.020s] INFO:colcon.colcon_core.shell:Creating environment hook '/home/juptegraph/Workspaces/Robotics/Projects/CORI/cori_ws/install/cori_vision/share/cori_vision/hook/pythonpath.sh'
[1.020s] Level 1:colcon.colcon_core.environment:checking '/home/juptegraph/Workspaces/Robotics/Projects/CORI/cori_ws/install/cori_vision/bin'
[1.020s] Level 1:colcon.colcon_core.shell:create_environment_hook('cori_vision', 'pythonscriptspath')
[1.020s] INFO:colcon.colcon_core.shell:Creating environment hook '/home/juptegraph/Workspaces/Robotics/Projects/CORI/cori_ws/install/cori_vision/share/cori_vision/hook/pythonscriptspath.ps1'
[1.020s] INFO:colcon.colcon_core.shell:Creating environment descriptor '/home/juptegraph/Workspaces/Robotics/Projects/CORI/cori_ws/install/cori_vision/share/cori_vision/hook/pythonscriptspath.dsv'
[1.021s] INFO:colcon.colcon_core.shell:Creating environment hook '/home/juptegraph/Workspaces/Robotics/Projects/CORI/cori_ws/install/cori_vision/share/cori_vision/hook/pythonscriptspath.sh'
[1.021s] Level 1:colcon.colcon_core.environment:create_environment_scripts_only(cori_vision)
[1.021s] INFO:colcon.colcon_core.shell:Creating package script '/home/juptegraph/Workspaces/Robotics/Projects/CORI/cori_ws/install/cori_vision/share/cori_vision/package.ps1'
[1.022s] INFO:colcon.colcon_core.shell:Creating package descriptor '/home/juptegraph/Workspaces/Robotics/Projects/CORI/cori_ws/install/cori_vision/share/cori_vision/package.dsv'
[1.023s] INFO:colcon.colcon_core.shell:Creating package script '/home/juptegraph/Workspaces/Robotics/Projects/CORI/cori_ws/install/cori_vision/share/cori_vision/package.sh'
[1.025s] INFO:colcon.colcon_core.shell:Creating package script '/home/juptegraph/Workspaces/Robotics/Projects/CORI/cori_ws/install/cori_vision/share/cori_vision/package.bash'
[1.025s] INFO:colcon.colcon_core.shell:Creating package script '/home/juptegraph/Workspaces/Robotics/Projects/CORI/cori_ws/install/cori_vision/share/cori_vision/package.zsh'
[1.026s] Level 1:colcon.colcon_core.environment:create_file_with_runtime_dependencies(/home/juptegraph/Workspaces/Robotics/Projects/CORI/cori_ws/install/cori_vision/share/colcon-core/packages/cori_vision)
[1.026s] DEBUG:colcon.colcon_parallel_executor.executor.parallel:closing loop
[1.026s] DEBUG:colcon.colcon_parallel_executor.executor.parallel:loop closed
[1.026s] DEBUG:colcon.colcon_parallel_executor.executor.parallel:run_until_complete finished with '0'
[1.027s] DEBUG:colcon.colcon_core.event_reactor:joining thread
[1.031s] INFO:colcon.colcon_core.plugin_system:Skipping extension 'colcon_notification.desktop_notification.terminal_notifier': Not used on non-Darwin systems
[1.031s] INFO:colcon.colcon_core.plugin_system:Skipping extension 'colcon_notification.desktop_notification.win32': Not used on non-Windows systems
[1.031s] INFO:colcon.colcon_notification.desktop_notification:Sending desktop notification using 'notify2'
[1.042s] DEBUG:colcon.colcon_core.event_reactor:joined thread
[1.042s] INFO:colcon.colcon_core.shell:Creating prefix script '/home/juptegraph/Workspaces/Robotics/Projects/CORI/cori_ws/install/local_setup.ps1'
[1.043s] INFO:colcon.colcon_core.shell:Creating prefix util module '/home/juptegraph/Workspaces/Robotics/Projects/CORI/cori_ws/install/_local_setup_util_ps1.py'
[1.046s] INFO:colcon.colcon_core.shell:Creating prefix chain script '/home/juptegraph/Workspaces/Robotics/Projects/CORI/cori_ws/install/setup.ps1'
[1.048s] INFO:colcon.colcon_core.shell:Creating prefix script '/home/juptegraph/Workspaces/Robotics/Projects/CORI/cori_ws/install/local_setup.sh'
[1.048s] INFO:colcon.colcon_core.shell:Creating prefix util module '/home/juptegraph/Workspaces/Robotics/Projects/CORI/cori_ws/install/_local_setup_util_sh.py'
[1.049s] INFO:colcon.colcon_core.shell:Creating prefix chain script '/home/juptegraph/Workspaces/Robotics/Projects/CORI/cori_ws/install/setup.sh'
[1.050s] INFO:colcon.colcon_core.shell:Creating prefix script '/home/juptegraph/Workspaces/Robotics/Projects/CORI/cori_ws/install/local_setup.bash'
[1.050s] INFO:colcon.colcon_core.shell:Creating prefix chain script '/home/juptegraph/Workspaces/Robotics/Projects/CORI/cori_ws/install/setup.bash'
[1.051s] INFO:colcon.colcon_core.shell:Creating prefix script '/home/juptegraph/Workspaces/Robotics/Projects/CORI/cori_ws/install/local_setup.zsh'
[1.051s] INFO:colcon.colcon_core.shell:Creating prefix chain script '/home/juptegraph/Workspaces/Robotics/Projects/CORI/cori_ws/install/setup.zsh'
