[0.067s] DEBUG:colcon:Command line arguments: ['/usr/bin/colcon', 'build']
[0.067s] DEBUG:colcon:Parsed command line arguments: Namespace(log_base=None, log_level=None, verb_name='build', build_base='build', install_base='install', merge_install=False, symlink_install=False, test_result_base=None, continue_on_error=False, executor='parallel', parallel_workers=20, event_handlers=None, ignore_user_meta=False, metas=['./colcon.meta'], base_paths=['.'], packages_ignore=None, packages_ignore_regex=None, paths=None, packages_up_to=None, packages_up_to_regex=None, packages_above=None, packages_above_and_dependencies=None, packages_above_depth=None, packages_select_by_dep=None, packages_skip_by_dep=None, packages_skip_up_to=None, packages_select_build_failed=False, packages_skip_build_finished=False, packages_select_test_failures=False, packages_skip_test_passed=False, packages_select=None, packages_skip=None, packages_select_regex=None, packages_skip_regex=None, packages_start=None, packages_end=None, allow_overriding=[], cmake_args=None, cmake_target=None, cmake_target_skip_unavailable=False, cmake_clean_cache=False, cmake_clean_first=False, cmake_force_configure=False, ament_cmake_args=None, catkin_cmake_args=None, catkin_skip_building_tests=False, verb_parser=<colcon_defaults.argument_parser.defaults.DefaultArgumentsDecorator object at 0x7b25ed760940>, verb_extension=<colcon_core.verb.build.BuildVerb object at 0x7b25ed7601f0>, main=<bound method BuildVerb.main of <colcon_core.verb.build.BuildVerb object at 0x7b25ed7601f0>>)
[0.189s] Level 1:colcon.colcon_core.package_discovery:discover_packages(colcon_meta) check parameters
[0.189s] Level 1:colcon.colcon_core.package_discovery:discover_packages(recursive) check parameters
[0.189s] Level 1:colcon.colcon_core.package_discovery:discover_packages(ignore) check parameters
[0.189s] Level 1:colcon.colcon_core.package_discovery:discover_packages(path) check parameters
[0.189s] Level 1:colcon.colcon_core.package_discovery:discover_packages(colcon_meta) discover
[0.189s] Level 1:colcon.colcon_core.package_discovery:discover_packages(recursive) discover
[0.189s] INFO:colcon.colcon_core.package_discovery:Crawling recursively for packages in '/home/juptegraph/Workspaces/Robotics/Projects/CORI/cori_ws'
[0.189s] Level 1:colcon.colcon_core.package_identification:_identify(.) by extensions ['ignore', 'ignore_ament_install']
[0.189s] Level 1:colcon.colcon_core.package_identification:_identify(.) by extension 'ignore'
[0.189s] Level 1:colcon.colcon_core.package_identification:_identify(.) by extension 'ignore_ament_install'
[0.189s] Level 1:colcon.colcon_core.package_identification:_identify(.) by extensions ['colcon_pkg']
[0.189s] Level 1:colcon.colcon_core.package_identification:_identify(.) by extension 'colcon_pkg'
[0.189s] Level 1:colcon.colcon_core.package_identification:_identify(.) by extensions ['colcon_meta']
[0.189s] Level 1:colcon.colcon_core.package_identification:_identify(.) by extension 'colcon_meta'
[0.189s] Level 1:colcon.colcon_core.package_identification:_identify(.) by extensions ['ros']
[0.189s] Level 1:colcon.colcon_core.package_identification:_identify(.) by extension 'ros'
[0.195s] Level 1:colcon.colcon_core.package_identification:_identify(.) by extensions ['cmake', 'python']
[0.195s] Level 1:colcon.colcon_core.package_identification:_identify(.) by extension 'cmake'
[0.195s] Level 1:colcon.colcon_core.package_identification:_identify(.) by extension 'python'
[0.195s] Level 1:colcon.colcon_core.package_identification:_identify(.) by extensions ['python_setup_py']
[0.195s] Level 1:colcon.colcon_core.package_identification:_identify(.) by extension 'python_setup_py'
[0.195s] Level 1:colcon.colcon_core.package_identification:_identify(build) by extensions ['ignore', 'ignore_ament_install']
[0.195s] Level 1:colcon.colcon_core.package_identification:_identify(build) by extension 'ignore'
[0.195s] Level 1:colcon.colcon_core.package_identification:_identify(build) ignored
[0.195s] Level 1:colcon.colcon_core.package_identification:_identify(install) by extensions ['ignore', 'ignore_ament_install']
[0.195s] Level 1:colcon.colcon_core.package_identification:_identify(install) by extension 'ignore'
[0.195s] Level 1:colcon.colcon_core.package_identification:_identify(install) ignored
[0.195s] Level 1:colcon.colcon_core.package_identification:_identify(log) by extensions ['ignore', 'ignore_ament_install']
[0.196s] Level 1:colcon.colcon_core.package_identification:_identify(log) by extension 'ignore'
[0.196s] Level 1:colcon.colcon_core.package_identification:_identify(log) ignored
[0.196s] Level 1:colcon.colcon_core.package_identification:_identify(models) by extensions ['ignore', 'ignore_ament_install']
[0.196s] Level 1:colcon.colcon_core.package_identification:_identify(models) by extension 'ignore'
[0.196s] Level 1:colcon.colcon_core.package_identification:_identify(models) by extension 'ignore_ament_install'
[0.196s] Level 1:colcon.colcon_core.package_identification:_identify(models) by extensions ['colcon_pkg']
[0.196s] Level 1:colcon.colcon_core.package_identification:_identify(models) by extension 'colcon_pkg'
[0.196s] Level 1:colcon.colcon_core.package_identification:_identify(models) by extensions ['colcon_meta']
[0.196s] Level 1:colcon.colcon_core.package_identification:_identify(models) by extension 'colcon_meta'
[0.196s] Level 1:colcon.colcon_core.package_identification:_identify(models) by extensions ['ros']
[0.196s] Level 1:colcon.colcon_core.package_identification:_identify(models) by extension 'ros'
[0.196s] Level 1:colcon.colcon_core.package_identification:_identify(models) by extensions ['cmake', 'python']
[0.196s] Level 1:colcon.colcon_core.package_identification:_identify(models) by extension 'cmake'
[0.196s] Level 1:colcon.colcon_core.package_identification:_identify(models) by extension 'python'
[0.196s] Level 1:colcon.colcon_core.package_identification:_identify(models) by extensions ['python_setup_py']
[0.196s] Level 1:colcon.colcon_core.package_identification:_identify(models) by extension 'python_setup_py'
[0.196s] Level 1:colcon.colcon_core.package_identification:_identify(models/Sun) by extensions ['ignore', 'ignore_ament_install']
[0.196s] Level 1:colcon.colcon_core.package_identification:_identify(models/Sun) by extension 'ignore'
[0.196s] Level 1:colcon.colcon_core.package_identification:_identify(models/Sun) by extension 'ignore_ament_install'
[0.196s] Level 1:colcon.colcon_core.package_identification:_identify(models/Sun) by extensions ['colcon_pkg']
[0.196s] Level 1:colcon.colcon_core.package_identification:_identify(models/Sun) by extension 'colcon_pkg'
[0.196s] Level 1:colcon.colcon_core.package_identification:_identify(models/Sun) by extensions ['colcon_meta']
[0.196s] Level 1:colcon.colcon_core.package_identification:_identify(models/Sun) by extension 'colcon_meta'
[0.196s] Level 1:colcon.colcon_core.package_identification:_identify(models/Sun) by extensions ['ros']
[0.196s] Level 1:colcon.colcon_core.package_identification:_identify(models/Sun) by extension 'ros'
[0.196s] Level 1:colcon.colcon_core.package_identification:_identify(models/Sun) by extensions ['cmake', 'python']
[0.196s] Level 1:colcon.colcon_core.package_identification:_identify(models/Sun) by extension 'cmake'
[0.196s] Level 1:colcon.colcon_core.package_identification:_identify(models/Sun) by extension 'python'
[0.196s] Level 1:colcon.colcon_core.package_identification:_identify(models/Sun) by extensions ['python_setup_py']
[0.196s] Level 1:colcon.colcon_core.package_identification:_identify(models/Sun) by extension 'python_setup_py'
[0.196s] Level 1:colcon.colcon_core.package_identification:_identify(models/ground_plane) by extensions ['ignore', 'ignore_ament_install']
[0.196s] Level 1:colcon.colcon_core.package_identification:_identify(models/ground_plane) by extension 'ignore'
[0.196s] Level 1:colcon.colcon_core.package_identification:_identify(models/ground_plane) by extension 'ignore_ament_install'
[0.196s] Level 1:colcon.colcon_core.package_identification:_identify(models/ground_plane) by extensions ['colcon_pkg']
[0.196s] Level 1:colcon.colcon_core.package_identification:_identify(models/ground_plane) by extension 'colcon_pkg'
[0.196s] Level 1:colcon.colcon_core.package_identification:_identify(models/ground_plane) by extensions ['colcon_meta']
[0.196s] Level 1:colcon.colcon_core.package_identification:_identify(models/ground_plane) by extension 'colcon_meta'
[0.196s] Level 1:colcon.colcon_core.package_identification:_identify(models/ground_plane) by extensions ['ros']
[0.196s] Level 1:colcon.colcon_core.package_identification:_identify(models/ground_plane) by extension 'ros'
[0.196s] Level 1:colcon.colcon_core.package_identification:_identify(models/ground_plane) by extensions ['cmake', 'python']
[0.196s] Level 1:colcon.colcon_core.package_identification:_identify(models/ground_plane) by extension 'cmake'
[0.196s] Level 1:colcon.colcon_core.package_identification:_identify(models/ground_plane) by extension 'python'
[0.196s] Level 1:colcon.colcon_core.package_identification:_identify(models/ground_plane) by extensions ['python_setup_py']
[0.196s] Level 1:colcon.colcon_core.package_identification:_identify(models/ground_plane) by extension 'python_setup_py'
[0.196s] Level 1:colcon.colcon_core.package_identification:_identify(src) by extensions ['ignore', 'ignore_ament_install']
[0.197s] Level 1:colcon.colcon_core.package_identification:_identify(src) by extension 'ignore'
[0.197s] Level 1:colcon.colcon_core.package_identification:_identify(src) by extension 'ignore_ament_install'
[0.197s] Level 1:colcon.colcon_core.package_identification:_identify(src) by extensions ['colcon_pkg']
[0.197s] Level 1:colcon.colcon_core.package_identification:_identify(src) by extension 'colcon_pkg'
[0.197s] Level 1:colcon.colcon_core.package_identification:_identify(src) by extensions ['colcon_meta']
[0.197s] Level 1:colcon.colcon_core.package_identification:_identify(src) by extension 'colcon_meta'
[0.197s] Level 1:colcon.colcon_core.package_identification:_identify(src) by extensions ['ros']
[0.197s] Level 1:colcon.colcon_core.package_identification:_identify(src) by extension 'ros'
[0.197s] Level 1:colcon.colcon_core.package_identification:_identify(src) by extensions ['cmake', 'python']
[0.197s] Level 1:colcon.colcon_core.package_identification:_identify(src) by extension 'cmake'
[0.197s] Level 1:colcon.colcon_core.package_identification:_identify(src) by extension 'python'
[0.197s] Level 1:colcon.colcon_core.package_identification:_identify(src) by extensions ['python_setup_py']
[0.197s] Level 1:colcon.colcon_core.package_identification:_identify(src) by extension 'python_setup_py'
[0.197s] Level 1:colcon.colcon_core.package_identification:_identify(src/cori_cv) by extensions ['ignore', 'ignore_ament_install']
[0.197s] Level 1:colcon.colcon_core.package_identification:_identify(src/cori_cv) by extension 'ignore'
[0.197s] Level 1:colcon.colcon_core.package_identification:_identify(src/cori_cv) by extension 'ignore_ament_install'
[0.197s] Level 1:colcon.colcon_core.package_identification:_identify(src/cori_cv) by extensions ['colcon_pkg']
[0.197s] Level 1:colcon.colcon_core.package_identification:_identify(src/cori_cv) by extension 'colcon_pkg'
[0.197s] Level 1:colcon.colcon_core.package_identification:_identify(src/cori_cv) by extensions ['colcon_meta']
[0.197s] Level 1:colcon.colcon_core.package_identification:_identify(src/cori_cv) by extension 'colcon_meta'
[0.197s] Level 1:colcon.colcon_core.package_identification:_identify(src/cori_cv) by extensions ['ros']
[0.197s] Level 1:colcon.colcon_core.package_identification:_identify(src/cori_cv) by extension 'ros'
[0.199s] DEBUG:colcon.colcon_core.package_identification:Package 'src/cori_cv' with type 'ros.ament_python' and name 'cori_cv'
[0.199s] Level 1:colcon.colcon_core.package_identification:_identify(src/cori_description) by extensions ['ignore', 'ignore_ament_install']
[0.199s] Level 1:colcon.colcon_core.package_identification:_identify(src/cori_description) by extension 'ignore'
[0.199s] Level 1:colcon.colcon_core.package_identification:_identify(src/cori_description) by extension 'ignore_ament_install'
[0.199s] Level 1:colcon.colcon_core.package_identification:_identify(src/cori_description) by extensions ['colcon_pkg']
[0.199s] Level 1:colcon.colcon_core.package_identification:_identify(src/cori_description) by extension 'colcon_pkg'
[0.199s] Level 1:colcon.colcon_core.package_identification:_identify(src/cori_description) by extensions ['colcon_meta']
[0.199s] Level 1:colcon.colcon_core.package_identification:_identify(src/cori_description) by extension 'colcon_meta'
[0.199s] Level 1:colcon.colcon_core.package_identification:_identify(src/cori_description) by extensions ['ros']
[0.199s] Level 1:colcon.colcon_core.package_identification:_identify(src/cori_description) by extension 'ros'
[0.200s] DEBUG:colcon.colcon_core.package_identification:Package 'src/cori_description' with type 'ros.ament_cmake' and name 'cori_description'
[0.200s] Level 1:colcon.colcon_core.package_discovery:discover_packages(recursive) using defaults
[0.200s] Level 1:colcon.colcon_core.package_discovery:discover_packages(ignore) discover
[0.200s] Level 1:colcon.colcon_core.package_discovery:discover_packages(ignore) using defaults
[0.200s] Level 1:colcon.colcon_core.package_discovery:discover_packages(path) discover
[0.200s] Level 1:colcon.colcon_core.package_discovery:discover_packages(path) using defaults
[0.212s] Level 1:colcon.colcon_core.package_discovery:discover_packages(prefix_path) check parameters
[0.212s] Level 1:colcon.colcon_core.package_discovery:discover_packages(prefix_path) discover
[0.218s] DEBUG:colcon.colcon_installed_package_information.package_discovery:Found 2 installed packages in /home/juptegraph/Workspaces/Robotics/Projects/CORI/cori_ws/install
[0.219s] DEBUG:colcon.colcon_installed_package_information.package_discovery:Found 337 installed packages in /opt/ros/humble
[0.220s] Level 1:colcon.colcon_core.package_discovery:discover_packages(prefix_path) using defaults
[0.242s] Level 5:colcon.colcon_core.verb:set package 'cori_cv' build argument 'cmake_args' from command line to 'None'
[0.242s] Level 5:colcon.colcon_core.verb:set package 'cori_cv' build argument 'cmake_target' from command line to 'None'
[0.242s] Level 5:colcon.colcon_core.verb:set package 'cori_cv' build argument 'cmake_target_skip_unavailable' from command line to 'False'
[0.242s] Level 5:colcon.colcon_core.verb:set package 'cori_cv' build argument 'cmake_clean_cache' from command line to 'False'
[0.242s] Level 5:colcon.colcon_core.verb:set package 'cori_cv' build argument 'cmake_clean_first' from command line to 'False'
[0.242s] Level 5:colcon.colcon_core.verb:set package 'cori_cv' build argument 'cmake_force_configure' from command line to 'False'
[0.242s] Level 5:colcon.colcon_core.verb:set package 'cori_cv' build argument 'ament_cmake_args' from command line to 'None'
[0.242s] Level 5:colcon.colcon_core.verb:set package 'cori_cv' build argument 'catkin_cmake_args' from command line to 'None'
[0.242s] Level 5:colcon.colcon_core.verb:set package 'cori_cv' build argument 'catkin_skip_building_tests' from command line to 'False'
[0.242s] DEBUG:colcon.colcon_core.verb:Building package 'cori_cv' with the following arguments: {'ament_cmake_args': None, 'build_base': '/home/juptegraph/Workspaces/Robotics/Projects/CORI/cori_ws/build/cori_cv', 'catkin_cmake_args': None, 'catkin_skip_building_tests': False, 'cmake_args': None, 'cmake_clean_cache': False, 'cmake_clean_first': False, 'cmake_force_configure': False, 'cmake_target': None, 'cmake_target_skip_unavailable': False, 'install_base': '/home/juptegraph/Workspaces/Robotics/Projects/CORI/cori_ws/install/cori_cv', 'merge_install': False, 'path': '/home/juptegraph/Workspaces/Robotics/Projects/CORI/cori_ws/src/cori_cv', 'symlink_install': False, 'test_result_base': None}
[0.242s] Level 5:colcon.colcon_core.verb:set package 'cori_description' build argument 'cmake_args' from command line to 'None'
[0.242s] Level 5:colcon.colcon_core.verb:set package 'cori_description' build argument 'cmake_target' from command line to 'None'
[0.242s] Level 5:colcon.colcon_core.verb:set package 'cori_description' build argument 'cmake_target_skip_unavailable' from command line to 'False'
[0.242s] Level 5:colcon.colcon_core.verb:set package 'cori_description' build argument 'cmake_clean_cache' from command line to 'False'
[0.242s] Level 5:colcon.colcon_core.verb:set package 'cori_description' build argument 'cmake_clean_first' from command line to 'False'
[0.242s] Level 5:colcon.colcon_core.verb:set package 'cori_description' build argument 'cmake_force_configure' from command line to 'False'
[0.242s] Level 5:colcon.colcon_core.verb:set package 'cori_description' build argument 'ament_cmake_args' from command line to 'None'
[0.242s] Level 5:colcon.colcon_core.verb:set package 'cori_description' build argument 'catkin_cmake_args' from command line to 'None'
[0.242s] Level 5:colcon.colcon_core.verb:set package 'cori_description' build argument 'catkin_skip_building_tests' from command line to 'False'
[0.242s] DEBUG:colcon.colcon_core.verb:Building package 'cori_description' with the following arguments: {'ament_cmake_args': None, 'build_base': '/home/juptegraph/Workspaces/Robotics/Projects/CORI/cori_ws/build/cori_description', 'catkin_cmake_args': None, 'catkin_skip_building_tests': False, 'cmake_args': None, 'cmake_clean_cache': False, 'cmake_clean_first': False, 'cmake_force_configure': False, 'cmake_target': None, 'cmake_target_skip_unavailable': False, 'install_base': '/home/juptegraph/Workspaces/Robotics/Projects/CORI/cori_ws/install/cori_description', 'merge_install': False, 'path': '/home/juptegraph/Workspaces/Robotics/Projects/CORI/cori_ws/src/cori_description', 'symlink_install': False, 'test_result_base': None}
[0.242s] INFO:colcon.colcon_core.executor:Executing jobs using 'parallel' executor
[0.243s] DEBUG:colcon.colcon_parallel_executor.executor.parallel:run_until_complete
[0.243s] INFO:colcon.colcon_ros.task.ament_python.build:Building ROS package in '/home/juptegraph/Workspaces/Robotics/Projects/CORI/cori_ws/src/cori_cv' with build type 'ament_python'
[0.243s] Level 1:colcon.colcon_core.shell:create_environment_hook('cori_cv', 'ament_prefix_path')
[0.246s] INFO:colcon.colcon_core.plugin_system:Skipping extension 'colcon_core.shell.bat': Not used on non-Windows systems
[0.246s] INFO:colcon.colcon_core.shell:Creating environment hook '/home/juptegraph/Workspaces/Robotics/Projects/CORI/cori_ws/install/cori_cv/share/cori_cv/hook/ament_prefix_path.ps1'
[0.247s] INFO:colcon.colcon_core.shell:Creating environment descriptor '/home/juptegraph/Workspaces/Robotics/Projects/CORI/cori_ws/install/cori_cv/share/cori_cv/hook/ament_prefix_path.dsv'
[0.247s] INFO:colcon.colcon_core.shell:Creating environment hook '/home/juptegraph/Workspaces/Robotics/Projects/CORI/cori_ws/install/cori_cv/share/cori_cv/hook/ament_prefix_path.sh'
[0.248s] INFO:colcon.colcon_core.shell:Skip shell extension 'powershell' for command environment: Not usable outside of PowerShell
[0.248s] DEBUG:colcon.colcon_core.shell:Skip shell extension 'dsv' for command environment
[0.251s] INFO:colcon.colcon_ros.task.ament_cmake.build:Building ROS package in '/home/juptegraph/Workspaces/Robotics/Projects/CORI/cori_ws/src/cori_description' with build type 'ament_cmake'
[0.251s] INFO:colcon.colcon_cmake.task.cmake.build:Building CMake package in '/home/juptegraph/Workspaces/Robotics/Projects/CORI/cori_ws/src/cori_description'
[0.251s] INFO:colcon.colcon_core.shell:Skip shell extension 'powershell' for command environment: Not usable outside of PowerShell
[0.251s] DEBUG:colcon.colcon_core.shell:Skip shell extension 'dsv' for command environment
[0.404s] INFO:colcon.colcon_core.task.python.build:Building Python package in '/home/juptegraph/Workspaces/Robotics/Projects/CORI/cori_ws/src/cori_cv'
[0.404s] INFO:colcon.colcon_core.shell:Skip shell extension 'powershell' for command environment: Not usable outside of PowerShell
[0.404s] DEBUG:colcon.colcon_core.shell:Skip shell extension 'dsv' for command environment
[0.409s] DEBUG:colcon.colcon_core.event_handler.log_command:Invoking command in '/home/juptegraph/Workspaces/Robotics/Projects/CORI/cori_ws/build/cori_description': CMAKE_PREFIX_PATH=${CMAKE_PREFIX_PATH}:/home/juptegraph/Workspaces/Robotics/Projects/CORI/cori_ws/install/cori_cv:/opt/ros/humble /usr/bin/cmake /home/juptegraph/Workspaces/Robotics/Projects/CORI/cori_ws/src/cori_description -DCMAKE_INSTALL_PREFIX=/home/juptegraph/Workspaces/Robotics/Projects/CORI/cori_ws/install/cori_description
[0.572s] DEBUG:colcon.colcon_core.event_handler.log_command:Invoked command in '/home/juptegraph/Workspaces/Robotics/Projects/CORI/cori_ws/build/cori_description' returned '0': CMAKE_PREFIX_PATH=${CMAKE_PREFIX_PATH}:/home/juptegraph/Workspaces/Robotics/Projects/CORI/cori_ws/install/cori_cv:/opt/ros/humble /usr/bin/cmake /home/juptegraph/Workspaces/Robotics/Projects/CORI/cori_ws/src/cori_description -DCMAKE_INSTALL_PREFIX=/home/juptegraph/Workspaces/Robotics/Projects/CORI/cori_ws/install/cori_description
[0.574s] DEBUG:colcon.colcon_core.event_handler.log_command:Invoking command in '/home/juptegraph/Workspaces/Robotics/Projects/CORI/cori_ws/build/cori_description': CMAKE_PREFIX_PATH=${CMAKE_PREFIX_PATH}:/home/juptegraph/Workspaces/Robotics/Projects/CORI/cori_ws/install/cori_cv:/opt/ros/humble /usr/bin/cmake --build /home/juptegraph/Workspaces/Robotics/Projects/CORI/cori_ws/build/cori_description -- -j20 -l20
[0.599s] DEBUG:colcon.colcon_core.event_handler.log_command:Invoked command in '/home/juptegraph/Workspaces/Robotics/Projects/CORI/cori_ws/build/cori_description' returned '0': CMAKE_PREFIX_PATH=${CMAKE_PREFIX_PATH}:/home/juptegraph/Workspaces/Robotics/Projects/CORI/cori_ws/install/cori_cv:/opt/ros/humble /usr/bin/cmake --build /home/juptegraph/Workspaces/Robotics/Projects/CORI/cori_ws/build/cori_description -- -j20 -l20
[0.604s] DEBUG:colcon.colcon_core.event_handler.log_command:Invoking command in '/home/juptegraph/Workspaces/Robotics/Projects/CORI/cori_ws/build/cori_description': CMAKE_PREFIX_PATH=${CMAKE_PREFIX_PATH}:/home/juptegraph/Workspaces/Robotics/Projects/CORI/cori_ws/install/cori_cv:/opt/ros/humble /usr/bin/cmake --install /home/juptegraph/Workspaces/Robotics/Projects/CORI/cori_ws/build/cori_description
[0.619s] Level 1:colcon.colcon_core.environment:create_environment_scripts_only(cori_description)
[0.619s] DEBUG:colcon.colcon_core.event_handler.log_command:Invoked command in '/home/juptegraph/Workspaces/Robotics/Projects/CORI/cori_ws/build/cori_description' returned '0': CMAKE_PREFIX_PATH=${CMAKE_PREFIX_PATH}:/home/juptegraph/Workspaces/Robotics/Projects/CORI/cori_ws/install/cori_cv:/opt/ros/humble /usr/bin/cmake --install /home/juptegraph/Workspaces/Robotics/Projects/CORI/cori_ws/build/cori_description
[0.621s] Level 1:colcon.colcon_core.environment:checking '/home/juptegraph/Workspaces/Robotics/Projects/CORI/cori_ws/install/cori_description' for CMake module files
[0.621s] Level 1:colcon.colcon_core.environment:checking '/home/juptegraph/Workspaces/Robotics/Projects/CORI/cori_ws/install/cori_description' for CMake config files
[0.621s] Level 1:colcon.colcon_core.shell:create_environment_hook('cori_description', 'cmake_prefix_path')
[0.622s] INFO:colcon.colcon_core.shell:Creating environment hook '/home/juptegraph/Workspaces/Robotics/Projects/CORI/cori_ws/install/cori_description/share/cori_description/hook/cmake_prefix_path.ps1'
[0.622s] INFO:colcon.colcon_core.shell:Creating environment descriptor '/home/juptegraph/Workspaces/Robotics/Projects/CORI/cori_ws/install/cori_description/share/cori_description/hook/cmake_prefix_path.dsv'
[0.622s] INFO:colcon.colcon_core.shell:Creating environment hook '/home/juptegraph/Workspaces/Robotics/Projects/CORI/cori_ws/install/cori_description/share/cori_description/hook/cmake_prefix_path.sh'
[0.622s] Level 1:colcon.colcon_core.environment:checking '/home/juptegraph/Workspaces/Robotics/Projects/CORI/cori_ws/install/cori_description/bin'
[0.622s] Level 1:colcon.colcon_core.environment:checking '/home/juptegraph/Workspaces/Robotics/Projects/CORI/cori_ws/install/cori_description/lib/pkgconfig/cori_description.pc'
[0.623s] Level 1:colcon.colcon_core.environment:checking '/home/juptegraph/Workspaces/Robotics/Projects/CORI/cori_ws/install/cori_description/lib/python3.10/site-packages'
[0.623s] Level 1:colcon.colcon_core.environment:checking '/home/juptegraph/Workspaces/Robotics/Projects/CORI/cori_ws/install/cori_description/bin'
[0.623s] INFO:colcon.colcon_core.shell:Creating package script '/home/juptegraph/Workspaces/Robotics/Projects/CORI/cori_ws/install/cori_description/share/cori_description/package.ps1'
[0.623s] INFO:colcon.colcon_core.shell:Creating package descriptor '/home/juptegraph/Workspaces/Robotics/Projects/CORI/cori_ws/install/cori_description/share/cori_description/package.dsv'
[0.624s] INFO:colcon.colcon_core.shell:Creating package script '/home/juptegraph/Workspaces/Robotics/Projects/CORI/cori_ws/install/cori_description/share/cori_description/package.sh'
[0.624s] INFO:colcon.colcon_core.shell:Creating package script '/home/juptegraph/Workspaces/Robotics/Projects/CORI/cori_ws/install/cori_description/share/cori_description/package.bash'
[0.624s] INFO:colcon.colcon_core.shell:Creating package script '/home/juptegraph/Workspaces/Robotics/Projects/CORI/cori_ws/install/cori_description/share/cori_description/package.zsh'
[0.625s] Level 1:colcon.colcon_core.environment:create_file_with_runtime_dependencies(/home/juptegraph/Workspaces/Robotics/Projects/CORI/cori_ws/install/cori_description/share/colcon-core/packages/cori_description)
[0.625s] Level 1:colcon.colcon_core.environment:create_environment_scripts_only(cori_description)
[0.625s] Level 1:colcon.colcon_core.environment:checking '/home/juptegraph/Workspaces/Robotics/Projects/CORI/cori_ws/install/cori_description' for CMake module files
[0.625s] Level 1:colcon.colcon_core.environment:checking '/home/juptegraph/Workspaces/Robotics/Projects/CORI/cori_ws/install/cori_description' for CMake config files
[0.626s] Level 1:colcon.colcon_core.shell:create_environment_hook('cori_description', 'cmake_prefix_path')
[0.626s] INFO:colcon.colcon_core.shell:Creating environment hook '/home/juptegraph/Workspaces/Robotics/Projects/CORI/cori_ws/install/cori_description/share/cori_description/hook/cmake_prefix_path.ps1'
[0.626s] INFO:colcon.colcon_core.shell:Creating environment descriptor '/home/juptegraph/Workspaces/Robotics/Projects/CORI/cori_ws/install/cori_description/share/cori_description/hook/cmake_prefix_path.dsv'
[0.626s] INFO:colcon.colcon_core.shell:Creating environment hook '/home/juptegraph/Workspaces/Robotics/Projects/CORI/cori_ws/install/cori_description/share/cori_description/hook/cmake_prefix_path.sh'
[0.626s] Level 1:colcon.colcon_core.environment:checking '/home/juptegraph/Workspaces/Robotics/Projects/CORI/cori_ws/install/cori_description/bin'
[0.626s] Level 1:colcon.colcon_core.environment:checking '/home/juptegraph/Workspaces/Robotics/Projects/CORI/cori_ws/install/cori_description/lib/pkgconfig/cori_description.pc'
[0.627s] Level 1:colcon.colcon_core.environment:checking '/home/juptegraph/Workspaces/Robotics/Projects/CORI/cori_ws/install/cori_description/lib/python3.10/site-packages'
[0.627s] Level 1:colcon.colcon_core.environment:checking '/home/juptegraph/Workspaces/Robotics/Projects/CORI/cori_ws/install/cori_description/bin'
[0.627s] INFO:colcon.colcon_core.shell:Creating package script '/home/juptegraph/Workspaces/Robotics/Projects/CORI/cori_ws/install/cori_description/share/cori_description/package.ps1'
[0.627s] INFO:colcon.colcon_core.shell:Creating package descriptor '/home/juptegraph/Workspaces/Robotics/Projects/CORI/cori_ws/install/cori_description/share/cori_description/package.dsv'
[0.627s] INFO:colcon.colcon_core.shell:Creating package script '/home/juptegraph/Workspaces/Robotics/Projects/CORI/cori_ws/install/cori_description/share/cori_description/package.sh'
[0.627s] INFO:colcon.colcon_core.shell:Creating package script '/home/juptegraph/Workspaces/Robotics/Projects/CORI/cori_ws/install/cori_description/share/cori_description/package.bash'
[0.628s] INFO:colcon.colcon_core.shell:Creating package script '/home/juptegraph/Workspaces/Robotics/Projects/CORI/cori_ws/install/cori_description/share/cori_description/package.zsh'
[0.628s] Level 1:colcon.colcon_core.environment:create_file_with_runtime_dependencies(/home/juptegraph/Workspaces/Robotics/Projects/CORI/cori_ws/install/cori_description/share/colcon-core/packages/cori_description)
[0.661s] DEBUG:colcon.colcon_core.event_handler.log_command:Invoking command in '/home/juptegraph/Workspaces/Robotics/Projects/CORI/cori_ws/build/cori_cv': PYTHONPATH=/home/juptegraph/Workspaces/Robotics/Projects/CORI/cori_ws/build/cori_cv/prefix_override:/usr/lib/python3/dist-packages/colcon_core/task/python/colcon_distutils_commands:/home/juptegraph/Workspaces/Robotics/Projects/CORI/cori_ws/install/cori_cv/lib/python3.10/site-packages:${PYTHONPATH} /usr/bin/python3 -W ignore:setup.py install is deprecated -W ignore:easy_install command is deprecated setup.py develop --uninstall --editable --build-directory /home/juptegraph/Workspaces/Robotics/Projects/CORI/cori_ws/build/cori_cv/build
[0.910s] DEBUG:colcon.colcon_core.event_handler.log_command:Invoked command in '/home/juptegraph/Workspaces/Robotics/Projects/CORI/cori_ws/build/cori_cv' returned '0': PYTHONPATH=/home/juptegraph/Workspaces/Robotics/Projects/CORI/cori_ws/build/cori_cv/prefix_override:/usr/lib/python3/dist-packages/colcon_core/task/python/colcon_distutils_commands:/home/juptegraph/Workspaces/Robotics/Projects/CORI/cori_ws/install/cori_cv/lib/python3.10/site-packages:${PYTHONPATH} /usr/bin/python3 -W ignore:setup.py install is deprecated -W ignore:easy_install command is deprecated setup.py develop --uninstall --editable --build-directory /home/juptegraph/Workspaces/Robotics/Projects/CORI/cori_ws/build/cori_cv/build
[0.911s] DEBUG:colcon.colcon_core.event_handler.log_command:Invoking command in '/home/juptegraph/Workspaces/Robotics/Projects/CORI/cori_ws/src/cori_cv': PYTHONPATH=/home/juptegraph/Workspaces/Robotics/Projects/CORI/cori_ws/build/cori_cv/prefix_override:/usr/lib/python3/dist-packages/colcon_core/task/python/colcon_distutils_commands:/home/juptegraph/Workspaces/Robotics/Projects/CORI/cori_ws/install/cori_cv/lib/python3.10/site-packages:${PYTHONPATH} /usr/bin/python3 -W ignore:setup.py install is deprecated -W ignore:easy_install command is deprecated setup.py egg_info --egg-base ../../build/cori_cv build --build-base /home/juptegraph/Workspaces/Robotics/Projects/CORI/cori_ws/build/cori_cv/build install --record /home/juptegraph/Workspaces/Robotics/Projects/CORI/cori_ws/build/cori_cv/install.log --single-version-externally-managed install_data --force
[1.085s] Level 1:colcon.colcon_core.environment:checking '/home/juptegraph/Workspaces/Robotics/Projects/CORI/cori_ws/install/cori_cv' for CMake module files
[1.085s] DEBUG:colcon.colcon_core.event_handler.log_command:Invoked command in '/home/juptegraph/Workspaces/Robotics/Projects/CORI/cori_ws/src/cori_cv' returned '0': PYTHONPATH=/home/juptegraph/Workspaces/Robotics/Projects/CORI/cori_ws/build/cori_cv/prefix_override:/usr/lib/python3/dist-packages/colcon_core/task/python/colcon_distutils_commands:/home/juptegraph/Workspaces/Robotics/Projects/CORI/cori_ws/install/cori_cv/lib/python3.10/site-packages:${PYTHONPATH} /usr/bin/python3 -W ignore:setup.py install is deprecated -W ignore:easy_install command is deprecated setup.py egg_info --egg-base ../../build/cori_cv build --build-base /home/juptegraph/Workspaces/Robotics/Projects/CORI/cori_ws/build/cori_cv/build install --record /home/juptegraph/Workspaces/Robotics/Projects/CORI/cori_ws/build/cori_cv/install.log --single-version-externally-managed install_data --force
[1.086s] Level 1:colcon.colcon_core.environment:checking '/home/juptegraph/Workspaces/Robotics/Projects/CORI/cori_ws/install/cori_cv' for CMake config files
[1.086s] Level 1:colcon.colcon_core.environment:checking '/home/juptegraph/Workspaces/Robotics/Projects/CORI/cori_ws/install/cori_cv/lib'
[1.086s] Level 1:colcon.colcon_core.environment:checking '/home/juptegraph/Workspaces/Robotics/Projects/CORI/cori_ws/install/cori_cv/bin'
[1.086s] Level 1:colcon.colcon_core.environment:checking '/home/juptegraph/Workspaces/Robotics/Projects/CORI/cori_ws/install/cori_cv/lib/pkgconfig/cori_cv.pc'
[1.086s] Level 1:colcon.colcon_core.environment:checking '/home/juptegraph/Workspaces/Robotics/Projects/CORI/cori_ws/install/cori_cv/lib/python3.10/site-packages'
[1.086s] Level 1:colcon.colcon_core.shell:create_environment_hook('cori_cv', 'pythonpath')
[1.086s] INFO:colcon.colcon_core.shell:Creating environment hook '/home/juptegraph/Workspaces/Robotics/Projects/CORI/cori_ws/install/cori_cv/share/cori_cv/hook/pythonpath.ps1'
[1.087s] INFO:colcon.colcon_core.shell:Creating environment descriptor '/home/juptegraph/Workspaces/Robotics/Projects/CORI/cori_ws/install/cori_cv/share/cori_cv/hook/pythonpath.dsv'
[1.087s] INFO:colcon.colcon_core.shell:Creating environment hook '/home/juptegraph/Workspaces/Robotics/Projects/CORI/cori_ws/install/cori_cv/share/cori_cv/hook/pythonpath.sh'
[1.087s] Level 1:colcon.colcon_core.environment:checking '/home/juptegraph/Workspaces/Robotics/Projects/CORI/cori_ws/install/cori_cv/bin'
[1.087s] Level 1:colcon.colcon_core.environment:create_environment_scripts_only(cori_cv)
[1.087s] INFO:colcon.colcon_core.shell:Creating package script '/home/juptegraph/Workspaces/Robotics/Projects/CORI/cori_ws/install/cori_cv/share/cori_cv/package.ps1'
[1.088s] INFO:colcon.colcon_core.shell:Creating package descriptor '/home/juptegraph/Workspaces/Robotics/Projects/CORI/cori_ws/install/cori_cv/share/cori_cv/package.dsv'
[1.088s] INFO:colcon.colcon_core.shell:Creating package script '/home/juptegraph/Workspaces/Robotics/Projects/CORI/cori_ws/install/cori_cv/share/cori_cv/package.sh'
[1.088s] INFO:colcon.colcon_core.shell:Creating package script '/home/juptegraph/Workspaces/Robotics/Projects/CORI/cori_ws/install/cori_cv/share/cori_cv/package.bash'
[1.088s] INFO:colcon.colcon_core.shell:Creating package script '/home/juptegraph/Workspaces/Robotics/Projects/CORI/cori_ws/install/cori_cv/share/cori_cv/package.zsh'
[1.089s] Level 1:colcon.colcon_core.environment:create_file_with_runtime_dependencies(/home/juptegraph/Workspaces/Robotics/Projects/CORI/cori_ws/install/cori_cv/share/colcon-core/packages/cori_cv)
[1.089s] DEBUG:colcon.colcon_parallel_executor.executor.parallel:closing loop
[1.089s] DEBUG:colcon.colcon_parallel_executor.executor.parallel:loop closed
[1.089s] DEBUG:colcon.colcon_parallel_executor.executor.parallel:run_until_complete finished with '0'
[1.089s] DEBUG:colcon.colcon_core.event_reactor:joining thread
[1.093s] INFO:colcon.colcon_core.plugin_system:Skipping extension 'colcon_notification.desktop_notification.terminal_notifier': Not used on non-Darwin systems
[1.093s] INFO:colcon.colcon_core.plugin_system:Skipping extension 'colcon_notification.desktop_notification.win32': Not used on non-Windows systems
[1.093s] INFO:colcon.colcon_notification.desktop_notification:Sending desktop notification using 'notify2'
[1.102s] DEBUG:colcon.colcon_core.event_reactor:joined thread
[1.103s] INFO:colcon.colcon_core.shell:Creating prefix script '/home/juptegraph/Workspaces/Robotics/Projects/CORI/cori_ws/install/local_setup.ps1'
[1.105s] INFO:colcon.colcon_core.shell:Creating prefix util module '/home/juptegraph/Workspaces/Robotics/Projects/CORI/cori_ws/install/_local_setup_util_ps1.py'
[1.106s] INFO:colcon.colcon_core.shell:Creating prefix chain script '/home/juptegraph/Workspaces/Robotics/Projects/CORI/cori_ws/install/setup.ps1'
[1.107s] INFO:colcon.colcon_core.shell:Creating prefix script '/home/juptegraph/Workspaces/Robotics/Projects/CORI/cori_ws/install/local_setup.sh'
[1.107s] INFO:colcon.colcon_core.shell:Creating prefix util module '/home/juptegraph/Workspaces/Robotics/Projects/CORI/cori_ws/install/_local_setup_util_sh.py'
[1.108s] INFO:colcon.colcon_core.shell:Creating prefix chain script '/home/juptegraph/Workspaces/Robotics/Projects/CORI/cori_ws/install/setup.sh'
[1.108s] INFO:colcon.colcon_core.shell:Creating prefix script '/home/juptegraph/Workspaces/Robotics/Projects/CORI/cori_ws/install/local_setup.bash'
[1.109s] INFO:colcon.colcon_core.shell:Creating prefix chain script '/home/juptegraph/Workspaces/Robotics/Projects/CORI/cori_ws/install/setup.bash'
[1.109s] INFO:colcon.colcon_core.shell:Creating prefix script '/home/juptegraph/Workspaces/Robotics/Projects/CORI/cori_ws/install/local_setup.zsh'
[1.110s] INFO:colcon.colcon_core.shell:Creating prefix chain script '/home/juptegraph/Workspaces/Robotics/Projects/CORI/cori_ws/install/setup.zsh'
