[0.409s] Invoking command in '/home/juptegraph/Workspaces/Robotics/Projects/CORI/cori_ws/src/cori_cv': PYTHONPATH=/home/juptegraph/Workspaces/Robotics/Projects/CORI/cori_ws/build/cori_cv/prefix_override:/usr/lib/python3/dist-packages/colcon_core/task/python/colcon_distutils_commands:/home/juptegraph/Workspaces/Robotics/Projects/CORI/cori_ws/install/cori_cv/lib/python3.10/site-packages:${PYTHONPATH} /usr/bin/python3 -W ignore:setup.py install is deprecated -W ignore:easy_install command is deprecated setup.py egg_info --egg-base ../../build/cori_cv build --build-base /home/juptegraph/Workspaces/Robotics/Projects/CORI/cori_ws/build/cori_cv/build install --record /home/juptegraph/Workspaces/Robotics/Projects/CORI/cori_ws/build/cori_cv/install.log --single-version-externally-managed install_data
[0.579s] running egg_info
[0.580s] creating ../../build/cori_cv/cori_cv.egg-info
[0.580s] writing ../../build/cori_cv/cori_cv.egg-info/PKG-INFO
[0.580s] writing dependency_links to ../../build/cori_cv/cori_cv.egg-info/dependency_links.txt
[0.580s] writing entry points to ../../build/cori_cv/cori_cv.egg-info/entry_points.txt
[0.580s] writing requirements to ../../build/cori_cv/cori_cv.egg-info/requires.txt
[0.580s] writing top-level names to ../../build/cori_cv/cori_cv.egg-info/top_level.txt
[0.581s] writing manifest file '../../build/cori_cv/cori_cv.egg-info/SOURCES.txt'
[0.581s] package init file 'cori_cv/__init__.py' not found (or not a regular file)
[0.581s] reading manifest file '../../build/cori_cv/cori_cv.egg-info/SOURCES.txt'
[0.582s] writing manifest file '../../build/cori_cv/cori_cv.egg-info/SOURCES.txt'
[0.582s] running build
[0.582s] running build_py
[0.582s] creating /home/juptegraph/Workspaces/Robotics/Projects/CORI/cori_ws/build/cori_cv/build
[0.582s] creating /home/juptegraph/Workspaces/Robotics/Projects/CORI/cori_ws/build/cori_cv/build/lib
[0.582s] creating /home/juptegraph/Workspaces/Robotics/Projects/CORI/cori_ws/build/cori_cv/build/lib/cori_cv
[0.582s] copying cori_cv/cori_simulator.py -> /home/juptegraph/Workspaces/Robotics/Projects/CORI/cori_ws/build/cori_cv/build/lib/cori_cv
[0.582s] copying cori_cv/simple_color_detector.py -> /home/juptegraph/Workspaces/Robotics/Projects/CORI/cori_ws/build/cori_cv/build/lib/cori_cv
[0.582s] copying cori_cv/joint_controller.py -> /home/juptegraph/Workspaces/Robotics/Projects/CORI/cori_ws/build/cori_cv/build/lib/cori_cv
[0.582s] copying cori_cv/database_manager.py -> /home/juptegraph/Workspaces/Robotics/Projects/CORI/cori_ws/build/cori_cv/build/lib/cori_cv
[0.583s] copying cori_cv/color_display.py -> /home/juptegraph/Workspaces/Robotics/Projects/CORI/cori_ws/build/cori_cv/build/lib/cori_cv
[0.583s] copying cori_cv/object_detection.py -> /home/juptegraph/Workspaces/Robotics/Projects/CORI/cori_ws/build/cori_cv/build/lib/cori_cv
[0.583s] running install
[0.583s] running install_lib
[0.583s] creating /home/juptegraph/Workspaces/Robotics/Projects/CORI/cori_ws/install/cori_cv/lib/python3.10/site-packages/cori_cv
[0.583s] copying /home/juptegraph/Workspaces/Robotics/Projects/CORI/cori_ws/build/cori_cv/build/lib/cori_cv/cori_simulator.py -> /home/juptegraph/Workspaces/Robotics/Projects/CORI/cori_ws/install/cori_cv/lib/python3.10/site-packages/cori_cv
[0.583s] copying /home/juptegraph/Workspaces/Robotics/Projects/CORI/cori_ws/build/cori_cv/build/lib/cori_cv/simple_color_detector.py -> /home/juptegraph/Workspaces/Robotics/Projects/CORI/cori_ws/install/cori_cv/lib/python3.10/site-packages/cori_cv
[0.583s] copying /home/juptegraph/Workspaces/Robotics/Projects/CORI/cori_ws/build/cori_cv/build/lib/cori_cv/joint_controller.py -> /home/juptegraph/Workspaces/Robotics/Projects/CORI/cori_ws/install/cori_cv/lib/python3.10/site-packages/cori_cv
[0.583s] copying /home/juptegraph/Workspaces/Robotics/Projects/CORI/cori_ws/build/cori_cv/build/lib/cori_cv/database_manager.py -> /home/juptegraph/Workspaces/Robotics/Projects/CORI/cori_ws/install/cori_cv/lib/python3.10/site-packages/cori_cv
[0.583s] copying /home/juptegraph/Workspaces/Robotics/Projects/CORI/cori_ws/build/cori_cv/build/lib/cori_cv/color_display.py -> /home/juptegraph/Workspaces/Robotics/Projects/CORI/cori_ws/install/cori_cv/lib/python3.10/site-packages/cori_cv
[0.583s] copying /home/juptegraph/Workspaces/Robotics/Projects/CORI/cori_ws/build/cori_cv/build/lib/cori_cv/object_detection.py -> /home/juptegraph/Workspaces/Robotics/Projects/CORI/cori_ws/install/cori_cv/lib/python3.10/site-packages/cori_cv
[0.584s] byte-compiling /home/juptegraph/Workspaces/Robotics/Projects/CORI/cori_ws/install/cori_cv/lib/python3.10/site-packages/cori_cv/cori_simulator.py to cori_simulator.cpython-310.pyc
[0.588s] byte-compiling /home/juptegraph/Workspaces/Robotics/Projects/CORI/cori_ws/install/cori_cv/lib/python3.10/site-packages/cori_cv/simple_color_detector.py to simple_color_detector.cpython-310.pyc
[0.589s] byte-compiling /home/juptegraph/Workspaces/Robotics/Projects/CORI/cori_ws/install/cori_cv/lib/python3.10/site-packages/cori_cv/joint_controller.py to joint_controller.cpython-310.pyc
[0.589s] byte-compiling /home/juptegraph/Workspaces/Robotics/Projects/CORI/cori_ws/install/cori_cv/lib/python3.10/site-packages/cori_cv/database_manager.py to database_manager.cpython-310.pyc
[0.591s] byte-compiling /home/juptegraph/Workspaces/Robotics/Projects/CORI/cori_ws/install/cori_cv/lib/python3.10/site-packages/cori_cv/color_display.py to color_display.cpython-310.pyc
[0.591s] byte-compiling /home/juptegraph/Workspaces/Robotics/Projects/CORI/cori_ws/install/cori_cv/lib/python3.10/site-packages/cori_cv/object_detection.py to object_detection.cpython-310.pyc
[0.591s] running install_data
[0.592s] creating /home/juptegraph/Workspaces/Robotics/Projects/CORI/cori_ws/install/cori_cv/share/ament_index
[0.592s] creating /home/juptegraph/Workspaces/Robotics/Projects/CORI/cori_ws/install/cori_cv/share/ament_index/resource_index
[0.592s] creating /home/juptegraph/Workspaces/Robotics/Projects/CORI/cori_ws/install/cori_cv/share/ament_index/resource_index/packages
[0.592s] copying resource/cori_cv -> /home/juptegraph/Workspaces/Robotics/Projects/CORI/cori_ws/install/cori_cv/share/ament_index/resource_index/packages
[0.592s] copying package.xml -> /home/juptegraph/Workspaces/Robotics/Projects/CORI/cori_ws/install/cori_cv/share/cori_cv
[0.592s] creating /home/juptegraph/Workspaces/Robotics/Projects/CORI/cori_ws/install/cori_cv/share/cori_cv/launch
[0.592s] copying launch/laundry_color_detector.launch.py -> /home/juptegraph/Workspaces/Robotics/Projects/CORI/cori_ws/install/cori_cv/share/cori_cv/launch
[0.592s] running install_egg_info
[0.594s] Copying ../../build/cori_cv/cori_cv.egg-info to /home/juptegraph/Workspaces/Robotics/Projects/CORI/cori_ws/install/cori_cv/lib/python3.10/site-packages/cori_cv-0.0.0-py3.10.egg-info
[0.594s] running install_scripts
[0.608s] Installing color_display script to /home/juptegraph/Workspaces/Robotics/Projects/CORI/cori_ws/install/cori_cv/lib/cori_cv
[0.609s] Installing laundry_color_detector script to /home/juptegraph/Workspaces/Robotics/Projects/CORI/cori_ws/install/cori_cv/lib/cori_cv
[0.609s] Installing object_detection script to /home/juptegraph/Workspaces/Robotics/Projects/CORI/cori_ws/install/cori_cv/lib/cori_cv
[0.609s] Installing simple_color_detector script to /home/juptegraph/Workspaces/Robotics/Projects/CORI/cori_ws/install/cori_cv/lib/cori_cv
[0.609s] writing list of installed files to '/home/juptegraph/Workspaces/Robotics/Projects/CORI/cori_ws/build/cori_cv/install.log'
[0.629s] Invoked command in '/home/juptegraph/Workspaces/Robotics/Projects/CORI/cori_ws/src/cori_cv' returned '0': PYTHONPATH=/home/juptegraph/Workspaces/Robotics/Projects/CORI/cori_ws/build/cori_cv/prefix_override:/usr/lib/python3/dist-packages/colcon_core/task/python/colcon_distutils_commands:/home/juptegraph/Workspaces/Robotics/Projects/CORI/cori_ws/install/cori_cv/lib/python3.10/site-packages:${PYTHONPATH} /usr/bin/python3 -W ignore:setup.py install is deprecated -W ignore:easy_install command is deprecated setup.py egg_info --egg-base ../../build/cori_cv build --build-base /home/juptegraph/Workspaces/Robotics/Projects/CORI/cori_ws/build/cori_cv/build install --record /home/juptegraph/Workspaces/Robotics/Projects/CORI/cori_ws/build/cori_cv/install.log --single-version-externally-managed install_data
