running egg_info
writing ../../build/cori_simulation/cori_simulation.egg-info/PKG-INFO
writing dependency_links to ../../build/cori_simulation/cori_simulation.egg-info/dependency_links.txt
writing entry points to ../../build/cori_simulation/cori_simulation.egg-info/entry_points.txt
writing requirements to ../../build/cori_simulation/cori_simulation.egg-info/requires.txt
writing top-level names to ../../build/cori_simulation/cori_simulation.egg-info/top_level.txt
reading manifest file '../../build/cori_simulation/cori_simulation.egg-info/SOURCES.txt'
writing manifest file '../../build/cori_simulation/cori_simulation.egg-info/SOURCES.txt'
running build
running build_py
running install
running install_lib
running install_data
running install_egg_info
removing '/home/juptegraph/Workspaces/Robotics/Projects/CORI/cori_ws/install/cori_simulation/lib/python3.10/site-packages/cori_simulation-1.0.0-py3.10.egg-info' (and everything under it)
Copying ../../build/cori_simulation/cori_simulation.egg-info to /home/juptegraph/Workspaces/Robotics/Projects/CORI/cori_ws/install/cori_simulation/lib/python3.10/site-packages/cori_simulation-1.0.0-py3.10.egg-info
running install_scripts
Installing cori_simulator script to /home/juptegraph/Workspaces/Robotics/Projects/CORI/cori_ws/install/cori_simulation/bin
Installing demo_display script to /home/juptegraph/Workspaces/Robotics/Projects/CORI/cori_ws/install/cori_simulation/bin
Installing sensor_fusion_demo script to /home/juptegraph/Workspaces/Robotics/Projects/CORI/cori_ws/install/cori_simulation/bin
writing list of installed files to '/home/juptegraph/Workspaces/Robotics/Projects/CORI/cori_ws/build/cori_simulation/install.log'
