[0.006s] Invoking command in '/home/juptegraph/Workspaces/Robotics/Projects/CORI/cori_ws/build/cori_description': CMAKE_PREFIX_PATH=${CMAKE_PREFIX_PATH}:/opt/ros/humble /usr/bin/cmake /home/juptegraph/Workspaces/Robotics/Projects/CORI/cori_ws/src/cori_description -DCMAKE_INSTALL_PREFIX=/home/juptegraph/Workspaces/Robotics/Projects/CORI/cori_ws/install/cori_description
[0.049s] -- The C compiler identification is GNU 11.4.0
[0.084s] -- The CXX compiler identification is GNU 11.4.0
[0.089s] -- Detecting C compiler ABI info
[0.137s] -- Detecting C compiler ABI info - done
[0.142s] -- Check for working C compiler: /usr/bin/cc - skipped
[0.142s] -- Detecting C compile features
[0.142s] -- Detecting C compile features - done
[0.145s] -- Detecting CXX compiler ABI info
[0.200s] -- Detecting CXX compiler ABI info - done
[0.204s] -- Check for working CXX compiler: /usr/bin/c++ - skipped
[0.204s] -- Detecting CXX compile features
[0.205s] -- Detecting CXX compile features - done
[0.206s] -- Found ament_cmake: 1.3.11 (/opt/ros/humble/share/ament_cmake/cmake)
[0.323s] -- Found Python3: /usr/bin/python3 (found version "3.10.12") found components: Interpreter 
[0.388s] -- Found ament_lint_auto: 0.12.12 (/opt/ros/humble/share/ament_lint_auto/cmake)
[0.446s] -- Added test 'flake8' to check Python code syntax and style conventions
[0.447s] -- Added test 'lint_cmake' to check CMake code style
[0.447s] -- Added test 'pep257' to check Python code against some of the docstring style conventions in PEP 257
[0.448s] -- Added test 'xmllint' to check XML markup files
[0.449s] -- Configuring done
[0.451s] -- Generating done
[0.452s] -- Build files have been written to: /home/juptegraph/Workspaces/Robotics/Projects/CORI/cori_ws/build/cori_description
[0.455s] Invoked command in '/home/juptegraph/Workspaces/Robotics/Projects/CORI/cori_ws/build/cori_description' returned '0': CMAKE_PREFIX_PATH=${CMAKE_PREFIX_PATH}:/opt/ros/humble /usr/bin/cmake /home/juptegraph/Workspaces/Robotics/Projects/CORI/cori_ws/src/cori_description -DCMAKE_INSTALL_PREFIX=/home/juptegraph/Workspaces/Robotics/Projects/CORI/cori_ws/install/cori_description
[0.457s] Invoking command in '/home/juptegraph/Workspaces/Robotics/Projects/CORI/cori_ws/build/cori_description': CMAKE_PREFIX_PATH=${CMAKE_PREFIX_PATH}:/opt/ros/humble /usr/bin/cmake --build /home/juptegraph/Workspaces/Robotics/Projects/CORI/cori_ws/build/cori_description -- -j20 -l20
[0.490s] Invoked command in '/home/juptegraph/Workspaces/Robotics/Projects/CORI/cori_ws/build/cori_description' returned '0': CMAKE_PREFIX_PATH=${CMAKE_PREFIX_PATH}:/opt/ros/humble /usr/bin/cmake --build /home/juptegraph/Workspaces/Robotics/Projects/CORI/cori_ws/build/cori_description -- -j20 -l20
[0.497s] Invoking command in '/home/juptegraph/Workspaces/Robotics/Projects/CORI/cori_ws/build/cori_description': CMAKE_PREFIX_PATH=${CMAKE_PREFIX_PATH}:/opt/ros/humble /usr/bin/cmake --install /home/juptegraph/Workspaces/Robotics/Projects/CORI/cori_ws/build/cori_description
[0.502s] -- Install configuration: ""
[0.502s] -- Installing: /home/juptegraph/Workspaces/Robotics/Projects/CORI/cori_ws/install/cori_description/share/cori_description/launch
[0.502s] -- Installing: /home/juptegraph/Workspaces/Robotics/Projects/CORI/cori_ws/install/cori_description/share/cori_description/launch/display_rviz.launch.py
[0.502s] -- Installing: /home/juptegraph/Workspaces/Robotics/Projects/CORI/cori_ws/install/cori_description/share/cori_description/launch/spawn_cori_ignition.launch.py
[0.502s] -- Installing: /home/juptegraph/Workspaces/Robotics/Projects/CORI/cori_ws/install/cori_description/share/cori_description/launch/spawn_cori.launch.py
[0.502s] -- Installing: /home/juptegraph/Workspaces/Robotics/Projects/CORI/cori_ws/install/cori_description/share/cori_description/meshes
[0.502s] -- Installing: /home/juptegraph/Workspaces/Robotics/Projects/CORI/cori_ws/install/cori_description/share/cori_description/meshes/CORI_Solid.stl
[0.502s] -- Installing: /home/juptegraph/Workspaces/Robotics/Projects/CORI/cori_ws/install/cori_description/share/cori_description/urdf
[0.502s] -- Installing: /home/juptegraph/Workspaces/Robotics/Projects/CORI/cori_ws/install/cori_description/share/cori_description/urdf/cori.urdf.xacro
[0.502s] -- Installing: /home/juptegraph/Workspaces/Robotics/Projects/CORI/cori_ws/install/cori_description/share/cori_description/worlds
[0.502s] -- Installing: /home/juptegraph/Workspaces/Robotics/Projects/CORI/cori_ws/install/cori_description/share/cori_description/worlds/laundry_world.sdf
[0.502s] -- Installing: /home/juptegraph/Workspaces/Robotics/Projects/CORI/cori_ws/install/cori_description/share/cori_description/worlds/simple_world.sdf
[0.503s] -- Installing: /home/juptegraph/Workspaces/Robotics/Projects/CORI/cori_ws/install/cori_description/share/ament_index/resource_index/package_run_dependencies/cori_description
[0.503s] -- Installing: /home/juptegraph/Workspaces/Robotics/Projects/CORI/cori_ws/install/cori_description/share/ament_index/resource_index/parent_prefix_path/cori_description
[0.503s] -- Installing: /home/juptegraph/Workspaces/Robotics/Projects/CORI/cori_ws/install/cori_description/share/cori_description/environment/ament_prefix_path.sh
[0.503s] -- Installing: /home/juptegraph/Workspaces/Robotics/Projects/CORI/cori_ws/install/cori_description/share/cori_description/environment/ament_prefix_path.dsv
[0.503s] -- Installing: /home/juptegraph/Workspaces/Robotics/Projects/CORI/cori_ws/install/cori_description/share/cori_description/environment/path.sh
[0.503s] -- Installing: /home/juptegraph/Workspaces/Robotics/Projects/CORI/cori_ws/install/cori_description/share/cori_description/environment/path.dsv
[0.503s] -- Installing: /home/juptegraph/Workspaces/Robotics/Projects/CORI/cori_ws/install/cori_description/share/cori_description/local_setup.bash
[0.503s] -- Installing: /home/juptegraph/Workspaces/Robotics/Projects/CORI/cori_ws/install/cori_description/share/cori_description/local_setup.sh
[0.503s] -- Installing: /home/juptegraph/Workspaces/Robotics/Projects/CORI/cori_ws/install/cori_description/share/cori_description/local_setup.zsh
[0.503s] -- Installing: /home/juptegraph/Workspaces/Robotics/Projects/CORI/cori_ws/install/cori_description/share/cori_description/local_setup.dsv
[0.503s] -- Installing: /home/juptegraph/Workspaces/Robotics/Projects/CORI/cori_ws/install/cori_description/share/cori_description/package.dsv
[0.503s] -- Installing: /home/juptegraph/Workspaces/Robotics/Projects/CORI/cori_ws/install/cori_description/share/ament_index/resource_index/packages/cori_description
[0.504s] -- Installing: /home/juptegraph/Workspaces/Robotics/Projects/CORI/cori_ws/install/cori_description/share/cori_description/cmake/cori_descriptionConfig.cmake
[0.504s] -- Installing: /home/juptegraph/Workspaces/Robotics/Projects/CORI/cori_ws/install/cori_description/share/cori_description/cmake/cori_descriptionConfig-version.cmake
[0.504s] -- Installing: /home/juptegraph/Workspaces/Robotics/Projects/CORI/cori_ws/install/cori_description/share/cori_description/package.xml
[0.505s] Invoked command in '/home/juptegraph/Workspaces/Robotics/Projects/CORI/cori_ws/build/cori_description' returned '0': CMAKE_PREFIX_PATH=${CMAKE_PREFIX_PATH}:/opt/ros/humble /usr/bin/cmake --install /home/juptegraph/Workspaces/Robotics/Projects/CORI/cori_ws/build/cori_description
