running egg_info
creating ../../build/cori_control/cori_control.egg-info
writing ../../build/cori_control/cori_control.egg-info/PKG-INFO
writing dependency_links to ../../build/cori_control/cori_control.egg-info/dependency_links.txt
writing entry points to ../../build/cori_control/cori_control.egg-info/entry_points.txt
writing requirements to ../../build/cori_control/cori_control.egg-info/requires.txt
writing top-level names to ../../build/cori_control/cori_control.egg-info/top_level.txt
writing manifest file '../../build/cori_control/cori_control.egg-info/SOURCES.txt'
reading manifest file '../../build/cori_control/cori_control.egg-info/SOURCES.txt'
writing manifest file '../../build/cori_control/cori_control.egg-info/SOURCES.txt'
running build
running build_py
creating /home/juptegraph/Workspaces/Robotics/Projects/CORI/cori_ws/build/cori_control/build
creating /home/juptegraph/Workspaces/Robotics/Projects/CORI/cori_ws/build/cori_control/build/lib
creating /home/juptegraph/Workspaces/Robotics/Projects/CORI/cori_ws/build/cori_control/build/lib/cori_control
copying cori_control/joint_controller.py -> /home/juptegraph/Workspaces/Robotics/Projects/CORI/cori_ws/build/cori_control/build/lib/cori_control
copying cori_control/__init__.py -> /home/juptegraph/Workspaces/Robotics/Projects/CORI/cori_ws/build/cori_control/build/lib/cori_control
running install
running install_lib
creating /home/juptegraph/Workspaces/Robotics/Projects/CORI/cori_ws/install/cori_control/lib/python3.10/site-packages/cori_control
copying /home/juptegraph/Workspaces/Robotics/Projects/CORI/cori_ws/build/cori_control/build/lib/cori_control/joint_controller.py -> /home/juptegraph/Workspaces/Robotics/Projects/CORI/cori_ws/install/cori_control/lib/python3.10/site-packages/cori_control
copying /home/juptegraph/Workspaces/Robotics/Projects/CORI/cori_ws/build/cori_control/build/lib/cori_control/__init__.py -> /home/juptegraph/Workspaces/Robotics/Projects/CORI/cori_ws/install/cori_control/lib/python3.10/site-packages/cori_control
byte-compiling /home/juptegraph/Workspaces/Robotics/Projects/CORI/cori_ws/install/cori_control/lib/python3.10/site-packages/cori_control/joint_controller.py to joint_controller.cpython-310.pyc
byte-compiling /home/juptegraph/Workspaces/Robotics/Projects/CORI/cori_ws/install/cori_control/lib/python3.10/site-packages/cori_control/__init__.py to __init__.cpython-310.pyc
running install_data
creating /home/juptegraph/Workspaces/Robotics/Projects/CORI/cori_ws/install/cori_control/share/ament_index
creating /home/juptegraph/Workspaces/Robotics/Projects/CORI/cori_ws/install/cori_control/share/ament_index/resource_index
creating /home/juptegraph/Workspaces/Robotics/Projects/CORI/cori_ws/install/cori_control/share/ament_index/resource_index/packages
copying resource/cori_control -> /home/juptegraph/Workspaces/Robotics/Projects/CORI/cori_ws/install/cori_control/share/ament_index/resource_index/packages
copying package.xml -> /home/juptegraph/Workspaces/Robotics/Projects/CORI/cori_ws/install/cori_control/share/cori_control
running install_egg_info
Copying ../../build/cori_control/cori_control.egg-info to /home/juptegraph/Workspaces/Robotics/Projects/CORI/cori_ws/install/cori_control/lib/python3.10/site-packages/cori_control-1.0.0-py3.10.egg-info
running install_scripts
Installing joint_controller script to /home/juptegraph/Workspaces/Robotics/Projects/CORI/cori_ws/install/cori_control/bin
writing list of installed files to '/home/juptegraph/Workspaces/Robotics/Projects/CORI/cori_ws/build/cori_control/install.log'
