[0.432s] Invoking command in '/home/juptegraph/Workspaces/Robotics/Projects/CORI/cori_ws/build/cori_cv': PYTHONPATH=/home/juptegraph/Workspaces/Robotics/Projects/CORI/cori_ws/build/cori_cv/prefix_override:/usr/lib/python3/dist-packages/colcon_core/task/python/colcon_distutils_commands:/home/juptegraph/Workspaces/Robotics/Projects/CORI/cori_ws/install/cori_cv/lib/python3.10/site-packages:${PYTHONPATH} /usr/bin/python3 -W ignore:setup.py install is deprecated -W ignore:easy_install command is deprecated setup.py develop --editable --build-directory /home/juptegraph/Workspaces/Robotics/Projects/CORI/cori_ws/build/cori_cv/build --no-deps symlink_data
[0.583s] running develop
[0.668s] running egg_info
[0.668s] creating cori_cv.egg-info
[0.668s] writing cori_cv.egg-info/PKG-INFO
[0.668s] writing dependency_links to cori_cv.egg-info/dependency_links.txt
[0.668s] writing entry points to cori_cv.egg-info/entry_points.txt
[0.668s] writing requirements to cori_cv.egg-info/requires.txt
[0.668s] writing top-level names to cori_cv.egg-info/top_level.txt
[0.668s] writing manifest file 'cori_cv.egg-info/SOURCES.txt'
[0.669s] reading manifest file 'cori_cv.egg-info/SOURCES.txt'
[0.669s] writing manifest file 'cori_cv.egg-info/SOURCES.txt'
[0.670s] running build_ext
[0.670s] Creating /home/juptegraph/Workspaces/Robotics/Projects/CORI/cori_ws/install/cori_cv/lib/python3.10/site-packages/cori-cv.egg-link (link to .)
[0.671s] Installing laundry_color_detector script to /home/juptegraph/Workspaces/Robotics/Projects/CORI/cori_ws/install/cori_cv/lib/cori_cv
[0.671s] 
[0.671s] Installed /home/juptegraph/Workspaces/Robotics/Projects/CORI/cori_ws/build/cori_cv
[0.671s] running symlink_data
[0.671s] creating /home/juptegraph/Workspaces/Robotics/Projects/CORI/cori_ws/install/cori_cv/share/ament_index
[0.671s] creating /home/juptegraph/Workspaces/Robotics/Projects/CORI/cori_ws/install/cori_cv/share/ament_index/resource_index
[0.671s] creating /home/juptegraph/Workspaces/Robotics/Projects/CORI/cori_ws/install/cori_cv/share/ament_index/resource_index/packages
[0.671s] symbolically linking /home/juptegraph/Workspaces/Robotics/Projects/CORI/cori_ws/build/cori_cv/resource/cori_cv -> /home/juptegraph/Workspaces/Robotics/Projects/CORI/cori_ws/install/cori_cv/share/ament_index/resource_index/packages
[0.671s] symbolically linking /home/juptegraph/Workspaces/Robotics/Projects/CORI/cori_ws/build/cori_cv/package.xml -> /home/juptegraph/Workspaces/Robotics/Projects/CORI/cori_ws/install/cori_cv/share/cori_cv
[0.671s] creating /home/juptegraph/Workspaces/Robotics/Projects/CORI/cori_ws/install/cori_cv/share/cori_cv/launch
[0.671s] symbolically linking /home/juptegraph/Workspaces/Robotics/Projects/CORI/cori_ws/build/cori_cv/launch/laundry_color_detector.launch.py -> /home/juptegraph/Workspaces/Robotics/Projects/CORI/cori_ws/install/cori_cv/share/cori_cv/launch
[0.686s] Invoked command in '/home/juptegraph/Workspaces/Robotics/Projects/CORI/cori_ws/build/cori_cv' returned '0': PYTHONPATH=/home/juptegraph/Workspaces/Robotics/Projects/CORI/cori_ws/build/cori_cv/prefix_override:/usr/lib/python3/dist-packages/colcon_core/task/python/colcon_distutils_commands:/home/juptegraph/Workspaces/Robotics/Projects/CORI/cori_ws/install/cori_cv/lib/python3.10/site-packages:${PYTHONPATH} /usr/bin/python3 -W ignore:setup.py install is deprecated -W ignore:easy_install command is deprecated setup.py develop --editable --build-directory /home/juptegraph/Workspaces/Robotics/Projects/CORI/cori_ws/build/cori_cv/build --no-deps symlink_data
