[1.151s] Invoking command in '/home/juptegraph/Workspaces/Robotics/Projects/CORI/cori_ws/src/cori_simulation': PYTHONPATH=/home/juptegraph/Workspaces/Robotics/Projects/CORI/cori_ws/build/cori_simulation/prefix_override:/usr/lib/python3/dist-packages/colcon_core/task/python/colcon_distutils_commands:/home/juptegraph/Workspaces/Robotics/Projects/CORI/cori_ws/install/cori_simulation/lib/python3.10/site-packages:${PYTHONPATH} /usr/bin/python3 -W ignore:setup.py install is deprecated -W ignore:easy_install command is deprecated setup.py egg_info --egg-base ../../build/cori_simulation build --build-base /home/juptegraph/Workspaces/Robotics/Projects/CORI/cori_ws/build/cori_simulation/build install --record /home/juptegraph/Workspaces/Robotics/Projects/CORI/cori_ws/build/cori_simulation/install.log --single-version-externally-managed install_data
[1.313s] running egg_info
[1.314s] creating ../../build/cori_simulation/cori_simulation.egg-info
[1.314s] writing ../../build/cori_simulation/cori_simulation.egg-info/PKG-INFO
[1.314s] writing dependency_links to ../../build/cori_simulation/cori_simulation.egg-info/dependency_links.txt
[1.314s] writing entry points to ../../build/cori_simulation/cori_simulation.egg-info/entry_points.txt
[1.314s] writing requirements to ../../build/cori_simulation/cori_simulation.egg-info/requires.txt
[1.314s] writing top-level names to ../../build/cori_simulation/cori_simulation.egg-info/top_level.txt
[1.315s] writing manifest file '../../build/cori_simulation/cori_simulation.egg-info/SOURCES.txt'
[1.315s] package init file 'cori_simulation/__init__.py' not found (or not a regular file)
[1.315s] reading manifest file '../../build/cori_simulation/cori_simulation.egg-info/SOURCES.txt'
[1.316s] writing manifest file '../../build/cori_simulation/cori_simulation.egg-info/SOURCES.txt'
[1.316s] running build
[1.316s] running build_py
[1.316s] creating /home/juptegraph/Workspaces/Robotics/Projects/CORI/cori_ws/build/cori_simulation/build
[1.316s] creating /home/juptegraph/Workspaces/Robotics/Projects/CORI/cori_ws/build/cori_simulation/build/lib
[1.316s] creating /home/juptegraph/Workspaces/Robotics/Projects/CORI/cori_ws/build/cori_simulation/build/lib/cori_simulation
[1.316s] copying cori_simulation/cori_simulator.py -> /home/juptegraph/Workspaces/Robotics/Projects/CORI/cori_ws/build/cori_simulation/build/lib/cori_simulation
[1.316s] copying cori_simulation/sensor_fusion_demo.py -> /home/juptegraph/Workspaces/Robotics/Projects/CORI/cori_ws/build/cori_simulation/build/lib/cori_simulation
[1.316s] copying cori_simulation/demo_display.py -> /home/juptegraph/Workspaces/Robotics/Projects/CORI/cori_ws/build/cori_simulation/build/lib/cori_simulation
[1.316s] running install
[1.316s] running install_lib
[1.317s] creating /home/juptegraph/Workspaces/Robotics/Projects/CORI/cori_ws/install/cori_simulation/lib/python3.10/site-packages/cori_simulation
[1.317s] copying /home/juptegraph/Workspaces/Robotics/Projects/CORI/cori_ws/build/cori_simulation/build/lib/cori_simulation/cori_simulator.py -> /home/juptegraph/Workspaces/Robotics/Projects/CORI/cori_ws/install/cori_simulation/lib/python3.10/site-packages/cori_simulation
[1.317s] copying /home/juptegraph/Workspaces/Robotics/Projects/CORI/cori_ws/build/cori_simulation/build/lib/cori_simulation/sensor_fusion_demo.py -> /home/juptegraph/Workspaces/Robotics/Projects/CORI/cori_ws/install/cori_simulation/lib/python3.10/site-packages/cori_simulation
[1.317s] copying /home/juptegraph/Workspaces/Robotics/Projects/CORI/cori_ws/build/cori_simulation/build/lib/cori_simulation/demo_display.py -> /home/juptegraph/Workspaces/Robotics/Projects/CORI/cori_ws/install/cori_simulation/lib/python3.10/site-packages/cori_simulation
[1.318s] byte-compiling /home/juptegraph/Workspaces/Robotics/Projects/CORI/cori_ws/install/cori_simulation/lib/python3.10/site-packages/cori_simulation/cori_simulator.py to cori_simulator.cpython-310.pyc
[1.321s] byte-compiling /home/juptegraph/Workspaces/Robotics/Projects/CORI/cori_ws/install/cori_simulation/lib/python3.10/site-packages/cori_simulation/sensor_fusion_demo.py to sensor_fusion_demo.cpython-310.pyc
[1.322s] byte-compiling /home/juptegraph/Workspaces/Robotics/Projects/CORI/cori_ws/install/cori_simulation/lib/python3.10/site-packages/cori_simulation/demo_display.py to demo_display.cpython-310.pyc
[1.323s] running install_data
[1.323s] creating /home/juptegraph/Workspaces/Robotics/Projects/CORI/cori_ws/install/cori_simulation/share/ament_index
[1.323s] creating /home/juptegraph/Workspaces/Robotics/Projects/CORI/cori_ws/install/cori_simulation/share/ament_index/resource_index
[1.323s] creating /home/juptegraph/Workspaces/Robotics/Projects/CORI/cori_ws/install/cori_simulation/share/ament_index/resource_index/packages
[1.323s] copying resource/cori_simulation -> /home/juptegraph/Workspaces/Robotics/Projects/CORI/cori_ws/install/cori_simulation/share/ament_index/resource_index/packages
[1.323s] copying package.xml -> /home/juptegraph/Workspaces/Robotics/Projects/CORI/cori_ws/install/cori_simulation/share/cori_simulation
[1.323s] running install_egg_info
[1.324s] Copying ../../build/cori_simulation/cori_simulation.egg-info to /home/juptegraph/Workspaces/Robotics/Projects/CORI/cori_ws/install/cori_simulation/lib/python3.10/site-packages/cori_simulation-0.0.0-py3.10.egg-info
[1.325s] running install_scripts
[1.340s] writing list of installed files to '/home/juptegraph/Workspaces/Robotics/Projects/CORI/cori_ws/build/cori_simulation/install.log'
[1.371s] Invoked command in '/home/juptegraph/Workspaces/Robotics/Projects/CORI/cori_ws/src/cori_simulation' returned '0': PYTHONPATH=/home/juptegraph/Workspaces/Robotics/Projects/CORI/cori_ws/build/cori_simulation/prefix_override:/usr/lib/python3/dist-packages/colcon_core/task/python/colcon_distutils_commands:/home/juptegraph/Workspaces/Robotics/Projects/CORI/cori_ws/install/cori_simulation/lib/python3.10/site-packages:${PYTHONPATH} /usr/bin/python3 -W ignore:setup.py install is deprecated -W ignore:easy_install command is deprecated setup.py egg_info --egg-base ../../build/cori_simulation build --build-base /home/juptegraph/Workspaces/Robotics/Projects/CORI/cori_ws/build/cori_simulation/build install --record /home/juptegraph/Workspaces/Robotics/Projects/CORI/cori_ws/build/cori_simulation/install.log --single-version-externally-managed install_data
