[1.184s] Invoking command in '/home/juptegraph/Workspaces/Robotics/Projects/CORI/cori_ws/src/cori_tools': PYTHONPATH=/home/juptegraph/Workspaces/Robotics/Projects/CORI/cori_ws/build/cori_tools/prefix_override:/usr/lib/python3/dist-packages/colcon_core/task/python/colcon_distutils_commands:/home/juptegraph/Workspaces/Robotics/Projects/CORI/cori_ws/install/cori_tools/lib/python3.10/site-packages:${PYTHONPATH} /usr/bin/python3 -W ignore:setup.py install is deprecated -W ignore:easy_install command is deprecated setup.py egg_info --egg-base ../../build/cori_tools build --build-base /home/juptegraph/Workspaces/Robotics/Projects/CORI/cori_ws/build/cori_tools/build install --record /home/juptegraph/Workspaces/Robotics/Projects/CORI/cori_ws/build/cori_tools/install.log --single-version-externally-managed install_data
[1.375s] running egg_info
[1.375s] writing ../../build/cori_tools/cori_tools.egg-info/PKG-INFO
[1.376s] writing dependency_links to ../../build/cori_tools/cori_tools.egg-info/dependency_links.txt
[1.376s] writing entry points to ../../build/cori_tools/cori_tools.egg-info/entry_points.txt
[1.376s] writing requirements to ../../build/cori_tools/cori_tools.egg-info/requires.txt
[1.376s] writing top-level names to ../../build/cori_tools/cori_tools.egg-info/top_level.txt
[1.377s] reading manifest file '../../build/cori_tools/cori_tools.egg-info/SOURCES.txt'
[1.378s] writing manifest file '../../build/cori_tools/cori_tools.egg-info/SOURCES.txt'
[1.378s] running build
[1.378s] running build_py
[1.378s] running install
[1.378s] running install_lib
[1.379s] running install_data
[1.379s] running install_egg_info
[1.380s] removing '/home/juptegraph/Workspaces/Robotics/Projects/CORI/cori_ws/install/cori_tools/lib/python3.10/site-packages/cori_tools-1.0.0-py3.10.egg-info' (and everything under it)
[1.381s] Copying ../../build/cori_tools/cori_tools.egg-info to /home/juptegraph/Workspaces/Robotics/Projects/CORI/cori_ws/install/cori_tools/lib/python3.10/site-packages/cori_tools-1.0.0-py3.10.egg-info
[1.381s] running install_scripts
[1.397s] Installing ignition_integration script to /home/juptegraph/Workspaces/Robotics/Projects/CORI/cori_ws/install/cori_tools/bin
[1.397s] writing list of installed files to '/home/juptegraph/Workspaces/Robotics/Projects/CORI/cori_ws/build/cori_tools/install.log'
[1.432s] Invoked command in '/home/juptegraph/Workspaces/Robotics/Projects/CORI/cori_ws/src/cori_tools' returned '0': PYTHONPATH=/home/juptegraph/Workspaces/Robotics/Projects/CORI/cori_ws/build/cori_tools/prefix_override:/usr/lib/python3/dist-packages/colcon_core/task/python/colcon_distutils_commands:/home/juptegraph/Workspaces/Robotics/Projects/CORI/cori_ws/install/cori_tools/lib/python3.10/site-packages:${PYTHONPATH} /usr/bin/python3 -W ignore:setup.py install is deprecated -W ignore:easy_install command is deprecated setup.py egg_info --egg-base ../../build/cori_tools build --build-base /home/juptegraph/Workspaces/Robotics/Projects/CORI/cori_ws/build/cori_tools/build install --record /home/juptegraph/Workspaces/Robotics/Projects/CORI/cori_ws/build/cori_tools/install.log --single-version-externally-managed install_data
