[0.010s] Invoking command in '/home/juptegraph/Workspaces/Robotics/Projects/CORI/cori_ws/build/cori_description': CMAKE_PREFIX_PATH=${CMAKE_PREFIX_PATH}:/opt/ros/humble /usr/bin/cmake --build /home/juptegraph/Workspaces/Robotics/Projects/CORI/cori_ws/build/cori_description -- -j20 -l20
[0.029s] -- Found ament_cmake: 1.3.11 (/opt/ros/humble/share/ament_cmake/cmake)
[0.114s] -- Override CMake install command with custom implementation using symlinks instead of copying resources
[0.124s] -- Found ament_lint_auto: 0.12.12 (/opt/ros/humble/share/ament_lint_auto/cmake)
[0.171s] -- Added test 'flake8' to check Python code syntax and style conventions
[0.171s] -- Added test 'lint_cmake' to check CMake code style
[0.171s] -- Added test 'pep257' to check Python code against some of the docstring style conventions in PEP 257
[0.172s] -- Added test 'xmllint' to check XML markup files
[0.173s] -- Configuring done
[0.175s] -- Generating done
[0.176s] -- Build files have been written to: /home/juptegraph/Workspaces/Robotics/Projects/CORI/cori_ws/build/cori_description
[0.193s] Invoked command in '/home/juptegraph/Workspaces/Robotics/Projects/CORI/cori_ws/build/cori_description' returned '0': CMAKE_PREFIX_PATH=${CMAKE_PREFIX_PATH}:/opt/ros/humble /usr/bin/cmake --build /home/juptegraph/Workspaces/Robotics/Projects/CORI/cori_ws/build/cori_description -- -j20 -l20
[0.201s] Invoking command in '/home/juptegraph/Workspaces/Robotics/Projects/CORI/cori_ws/build/cori_description': CMAKE_PREFIX_PATH=${CMAKE_PREFIX_PATH}:/opt/ros/humble /usr/bin/cmake --install /home/juptegraph/Workspaces/Robotics/Projects/CORI/cori_ws/build/cori_description
[0.206s] -- Install configuration: ""
[0.207s] -- Execute custom install script
[0.207s] -- Up-to-date symlink: /home/juptegraph/Workspaces/Robotics/Projects/CORI/cori_ws/install/cori_description/share/cori_description//launch/spawn_cori.launch.py
[0.207s] -- Up-to-date symlink: /home/juptegraph/Workspaces/Robotics/Projects/CORI/cori_ws/install/cori_description/share/cori_description//launch/spawn_cori_ignition.launch.py
[0.207s] -- Up-to-date symlink: /home/juptegraph/Workspaces/Robotics/Projects/CORI/cori_ws/install/cori_description/share/cori_description//urdf/cori.urdf.xacro
[0.207s] -- Up-to-date symlink: /home/juptegraph/Workspaces/Robotics/Projects/CORI/cori_ws/install/cori_description/share/cori_description//worlds/laundry_world.sdf
[0.207s] -- Up-to-date symlink: /home/juptegraph/Workspaces/Robotics/Projects/CORI/cori_ws/install/cori_description/share/cori_description//worlds/simple_world.sdf
[0.207s] -- Up-to-date symlink: /home/juptegraph/Workspaces/Robotics/Projects/CORI/cori_ws/install/cori_description/share/cori_description//urdf/cori.urdf.xacro
[0.208s] [31mCMake Error at ament_cmake_symlink_install/ament_cmake_symlink_install.cmake:100 (message):
[0.208s]   ament_cmake_symlink_install_directory() can't find
[0.208s]   '/home/juptegraph/Workspaces/Robotics/Projects/CORI/cori_ws/src/cori_description/meshes'
[0.208s] Call Stack (most recent call first):
[0.208s]   ament_cmake_symlink_install/ament_cmake_symlink_install.cmake:323 (ament_cmake_symlink_install_directory)
[0.208s]   cmake_install.cmake:46 (include)
[0.208s] 
[0.208s] [0m
[0.209s] Invoked command in '/home/juptegraph/Workspaces/Robotics/Projects/CORI/cori_ws/build/cori_description' returned '1': CMAKE_PREFIX_PATH=${CMAKE_PREFIX_PATH}:/opt/ros/humble /usr/bin/cmake --install /home/juptegraph/Workspaces/Robotics/Projects/CORI/cori_ws/build/cori_description
